[21-09-25 18:20:23] [INFO] [DEBUG] onEnable start -> 1632590423054

[21-09-25 18:20:23] [INFO] [DEBUG] Starting load of Config at 1632590423108
[21-09-25 18:20:23] [INFO] [DEBUG] Config has been loaded. (took 10ms)
[21-09-25 18:20:23] [INFO] [DEBUG] Starting load of Lang at 1632590423118
[21-09-25 18:20:23] [INFO] [DEBUG] Lang has been loaded. (took 14ms)
[21-09-25 18:20:23] [INFO] [DEBUG] Starting load of UserManagerImpl at 1632590423132
[21-09-25 18:20:23] [INFO] [DEBUG] UserManagerImpl has been loaded. (took 1ms)
[21-09-25 18:20:23] [INFO] [DEBUG] Starting load of GuiListener at 1632590423133
[21-09-25 18:20:23] [INFO] [DEBUG] GuiListener has been loaded. (took 0ms)
[21-09-25 18:20:23] [INFO] [DEBUG] Starting load of KitManagerImpl at 1632590423133
[21-09-25 18:20:23] [INFO] KitManagerImpl: Loaded 10 kit(s).
[21-09-25 18:20:23] [INFO] [DEBUG] KitManagerImpl has been loaded. (took 131ms)
[21-09-25 18:20:23] [INFO] [DEBUG] Starting load of ArenaManagerImpl at 1632590423264
[21-09-25 18:20:23] [INFO] ArenaManagerImpl: Loaded 8 arena(s).
[21-09-25 18:20:23] [INFO] [DEBUG] ArenaManagerImpl has been loaded. (took 8ms)
[21-09-25 18:20:23] [INFO] [DEBUG] Starting load of SettingsManager at 1632590423272
[21-09-25 18:20:23] [INFO] [DEBUG] SettingsManager has been loaded. (took 0ms)
[21-09-25 18:20:23] [INFO] [DEBUG] Starting load of PlayerInfoManager at 1632590423272
[21-09-25 18:20:23] [INFO] PlayerInfoManager: Lobby location was not set, using world's spawn location as default. Use the command /duels setlobby in-game to set the lobby location.
[21-09-25 18:20:23] [INFO] [DEBUG] PlayerInfoManager has been loaded. (took 2ms)
[21-09-25 18:20:23] [INFO] [DEBUG] Starting load of SpectateManagerImpl at 1632590423274
[21-09-25 18:20:23] [INFO] [DEBUG] SpectateManagerImpl has been loaded. (took 0ms)
[21-09-25 18:20:23] [INFO] [DEBUG] Starting load of BettingManager at 1632590423274
[21-09-25 18:20:23] [INFO] BettingManager: Vault was not found! Money betting feature will be automatically disabled.
[21-09-25 18:20:23] [INFO] [DEBUG] BettingManager has been loaded. (took 0ms)
[21-09-25 18:20:23] [INFO] [DEBUG] Starting load of InventoryManager at 1632590423274
[21-09-25 18:20:23] [INFO] [DEBUG] InventoryManager has been loaded. (took 0ms)
[21-09-25 18:20:23] [INFO] [DEBUG] Starting load of DuelManager at 1632590423274
[21-09-25 18:20:23] [INFO] [DEBUG] DuelManager has been loaded. (took 0ms)
[21-09-25 18:20:23] [INFO] [DEBUG] Starting load of QueueManager at 1632590423274
[21-09-25 18:20:23] [INFO] QueueManager: Loaded 9 queue(s).
[21-09-25 18:20:23] [INFO] [DEBUG] QueueManager has been loaded. (took 3ms)
[21-09-25 18:20:23] [INFO] [DEBUG] Starting load of QueueSignManagerImpl at 1632590423277
[21-09-25 18:20:23] [INFO] QueueSignManagerImpl: Loaded 0 queue sign(s).
[21-09-25 18:20:23] [INFO] [DEBUG] QueueSignManagerImpl has been loaded. (took 3ms)
[21-09-25 18:20:23] [INFO] [DEBUG] Starting load of RequestManager at 1632590423280
[21-09-25 18:20:23] [INFO] [DEBUG] RequestManager has been loaded. (took 0ms)
[21-09-25 18:20:23] [INFO] [DEBUG] Starting load of Teleport at 1632590423280
[21-09-25 18:20:23] [INFO] [DEBUG] Teleport has been loaded. (took 0ms)
[21-09-25 18:20:23] [INFO] [DEBUG] Starting load of ExtensionManager at 1632590423280
[21-09-25 18:20:23] [INFO] [DEBUG] ExtensionManager has been loaded. (took 0ms)
