[21-06-14 17:52:48] [INFO] [DEBUG] onEnable start -> 1623685968522

[21-06-14 17:52:49] [INFO] [DEBUG] Starting load of Config at 1623685969033
[21-06-14 17:52:49] [INFO] [DEBUG] Config has been loaded. (took 9ms)
[21-06-14 17:52:49] [INFO] [DEBUG] Starting load of Lang at 1623685969042
[21-06-14 17:52:49] [INFO] [DEBUG] Lang has been loaded. (took 9ms)
[21-06-14 17:52:49] [INFO] [DEBUG] Starting load of UserManagerImpl at 1623685969051
[21-06-14 17:52:49] [INFO] [DEBUG] UserManagerImpl has been loaded. (took 0ms)
[21-06-14 17:52:49] [INFO] [DEBUG] Starting load of GuiListener at 1623685969051
[21-06-14 17:52:49] [INFO] [DEBUG] GuiListener has been loaded. (took 0ms)
[21-06-14 17:52:49] [INFO] [DEBUG] Starting load of KitManagerImpl at 1623685969051
[21-06-14 17:52:49] [INFO] KitManagerImpl: Loaded 10 kit(s).
[21-06-14 17:52:49] [INFO] [DEBUG] KitManagerImpl has been loaded. (took 136ms)
[21-06-14 17:52:49] [INFO] [DEBUG] Starting load of ArenaManagerImpl at 1623685969187
[21-06-14 17:52:49] [INFO] ArenaManagerImpl: Loaded 8 arena(s).
[21-06-14 17:52:49] [INFO] [DEBUG] ArenaManagerImpl has been loaded. (took 9ms)
[21-06-14 17:52:49] [INFO] [DEBUG] Starting load of SettingsManager at 1623685969197
[21-06-14 17:52:49] [INFO] [DEBUG] SettingsManager has been loaded. (took 0ms)
[21-06-14 17:52:49] [INFO] [DEBUG] Starting load of PlayerInfoManager at 1623685969197
[21-06-14 17:52:49] [INFO] [DEBUG] PlayerInfoManager has been loaded. (took 0ms)
[21-06-14 17:52:49] [INFO] [DEBUG] Starting load of SpectateManagerImpl at 1623685969197
[21-06-14 17:52:49] [INFO] [DEBUG] SpectateManagerImpl has been loaded. (took 0ms)
[21-06-14 17:52:49] [INFO] [DEBUG] Starting load of BettingManager at 1623685969197
[21-06-14 17:52:49] [INFO] BettingManager: Vault was not found! Money betting feature will be automatically disabled.
[21-06-14 17:52:49] [INFO] [DEBUG] BettingManager has been loaded. (took 1ms)
[21-06-14 17:52:49] [INFO] [DEBUG] Starting load of InventoryManager at 1623685969198
[21-06-14 17:52:49] [INFO] [DEBUG] InventoryManager has been loaded. (took 0ms)
[21-06-14 17:52:49] [INFO] [DEBUG] Starting load of DuelManager at 1623685969198
[21-06-14 17:52:49] [INFO] [DEBUG] DuelManager has been loaded. (took 0ms)
[21-06-14 17:52:49] [INFO] [DEBUG] Starting load of QueueManager at 1623685969198
[21-06-14 17:52:49] [INFO] QueueManager: Loaded 9 queue(s).
[21-06-14 17:52:49] [INFO] [DEBUG] QueueManager has been loaded. (took 4ms)
[21-06-14 17:52:49] [INFO] [DEBUG] Starting load of QueueSignManagerImpl at 1623685969202
[21-06-14 17:52:49] [INFO] QueueSignManagerImpl: Loaded 7 queue sign(s).
[21-06-14 17:52:49] [INFO] [DEBUG] QueueSignManagerImpl has been loaded. (took 36ms)
[21-06-14 17:52:49] [INFO] [DEBUG] Starting load of RequestManager at 1623685969238
[21-06-14 17:52:49] [INFO] [DEBUG] RequestManager has been loaded. (took 0ms)
[21-06-14 17:52:49] [INFO] [DEBUG] Starting load of Teleport at 1623685969238
[21-06-14 17:52:49] [INFO] [DEBUG] Teleport has been loaded. (took 1ms)
[21-06-14 17:52:49] [INFO] [DEBUG] Starting load of ExtensionManager at 1623685969239
[21-06-14 17:52:49] [INFO] [DEBUG] ExtensionManager has been loaded. (took 0ms)
[21-06-14 18:04:26] [INFO] [DEBUG] onDisable start -> 1623686666041

[21-06-14 18:04:26] [INFO] [DEBUG] Starting unload of ExtensionManager at 1623686666044
[21-06-14 18:04:26] [INFO] [DEBUG] ExtensionManager has been unloaded. (took 0ms)
[21-06-14 18:04:26] [INFO] [DEBUG] Starting unload of Teleport at 1623686666044
[21-06-14 18:04:26] [INFO] [DEBUG] Teleport has been unloaded. (took 0ms)
[21-06-14 18:04:26] [INFO] [DEBUG] Starting unload of RequestManager at 1623686666044
[21-06-14 18:04:26] [INFO] [DEBUG] RequestManager has been unloaded. (took 0ms)
[21-06-14 18:04:26] [INFO] [DEBUG] Starting unload of QueueSignManagerImpl at 1623686666044
[21-06-14 18:04:26] [INFO] [DEBUG] QueueSignManagerImpl has been unloaded. (took 1ms)
[21-06-14 18:04:26] [INFO] [DEBUG] Starting unload of QueueManager at 1623686666045
[21-06-14 18:04:26] [INFO] [DEBUG] QueueManager has been unloaded. (took 2ms)
[21-06-14 18:04:26] [INFO] [DEBUG] Starting unload of DuelManager at 1623686666047
[21-06-14 18:04:26] [INFO] [DEBUG] DuelManager has been unloaded. (took 0ms)
[21-06-14 18:04:26] [INFO] [DEBUG] Starting unload of InventoryManager at 1623686666048
[21-06-14 18:04:26] [INFO] [DEBUG] InventoryManager has been unloaded. (took 0ms)
[21-06-14 18:04:26] [INFO] [DEBUG] Starting unload of BettingManager at 1623686666048
[21-06-14 18:04:26] [INFO] [DEBUG] BettingManager has been unloaded. (took 0ms)
[21-06-14 18:04:26] [INFO] [DEBUG] Starting unload of SpectateManagerImpl at 1623686666048
[21-06-14 18:04:26] [INFO] [DEBUG] SpectateManagerImpl has been unloaded. (took 0ms)
[21-06-14 18:04:26] [INFO] [DEBUG] Starting unload of PlayerInfoManager at 1623686666048
[21-06-14 18:04:26] [INFO] [DEBUG] PlayerInfoManager has been unloaded. (took 0ms)
[21-06-14 18:04:26] [INFO] [DEBUG] Starting unload of SettingsManager at 1623686666048
[21-06-14 18:04:26] [INFO] [DEBUG] SettingsManager has been unloaded. (took 0ms)
[21-06-14 18:04:26] [INFO] [DEBUG] Starting unload of ArenaManagerImpl at 1623686666048
[21-06-14 18:04:26] [INFO] [DEBUG] ArenaManagerImpl has been unloaded. (took 1ms)
[21-06-14 18:04:26] [INFO] [DEBUG] Starting unload of KitManagerImpl at 1623686666049
[21-06-14 18:04:26] [INFO] [DEBUG] KitManagerImpl has been unloaded. (took 4ms)
[21-06-14 18:04:26] [INFO] [DEBUG] Starting unload of GuiListener at 1623686666053
[21-06-14 18:04:26] [INFO] [DEBUG] GuiListener has been unloaded. (took 0ms)
[21-06-14 18:04:26] [INFO] [DEBUG] Starting unload of UserManagerImpl at 1623686666053
[21-06-14 18:04:26] [INFO] [DEBUG] UserManagerImpl has been unloaded. (took 0ms)
[21-06-14 18:04:26] [INFO] [DEBUG] Starting unload of Lang at 1623686666053
[21-06-14 18:04:26] [INFO] [DEBUG] Lang has been unloaded. (took 0ms)
[21-06-14 18:04:26] [INFO] [DEBUG] Starting unload of Config at 1623686666053
[21-06-14 18:04:26] [INFO] [DEBUG] Config has been unloaded. (took 0ms)
[21-06-14 18:04:26] [INFO] [DEBUG] unload done (took 12ms)
[21-06-14 18:04:26] [INFO] [DEBUG] Log#clearSources done (took 0ms)
