[21-05-21 22:27:51] [INFO] [DEBUG] onEnable start -> 1621628871883

[21-05-21 22:27:51] [INFO] [DEBUG] Starting load of Config at 1621628871934
[21-05-21 22:27:51] [INFO] [DEBUG] Config has been loaded. (took 10ms)
[21-05-21 22:27:51] [INFO] [DEBUG] Starting load of Lang at 1621628871944
[21-05-21 22:27:51] [INFO] [DEBUG] Lang has been loaded. (took 9ms)
[21-05-21 22:27:51] [INFO] [DEBUG] Starting load of UserManagerImpl at 1621628871953
[21-05-21 22:27:51] [INFO] [DEBUG] UserManagerImpl has been loaded. (took 1ms)
[21-05-21 22:27:51] [INFO] [DEBUG] Starting load of GuiListener at 1621628871954
[21-05-21 22:27:51] [INFO] [DEBUG] GuiListener has been loaded. (took 0ms)
[21-05-21 22:27:51] [INFO] [DEBUG] Starting load of KitManagerImpl at 1621628871954
[21-05-21 22:27:52] [INFO] KitManagerImpl: Loaded 8 kit(s).
[21-05-21 22:27:52] [INFO] [DEBUG] KitManagerImpl has been loaded. (took 150ms)
[21-05-21 22:27:52] [INFO] [DEBUG] Starting load of ArenaManagerImpl at 1621628872104
[21-05-21 22:27:52] [INFO] ArenaManagerImpl: Loaded 7 arena(s).
[21-05-21 22:27:52] [INFO] [DEBUG] ArenaManagerImpl has been loaded. (took 10ms)
[21-05-21 22:27:52] [INFO] [DEBUG] Starting load of SettingsManager at 1621628872114
[21-05-21 22:27:52] [INFO] [DEBUG] SettingsManager has been loaded. (took 0ms)
[21-05-21 22:27:52] [INFO] [DEBUG] Starting load of PlayerInfoManager at 1621628872114
[21-05-21 22:27:52] [INFO] [DEBUG] PlayerInfoManager has been loaded. (took 1ms)
[21-05-21 22:27:52] [INFO] [DEBUG] Starting load of SpectateManagerImpl at 1621628872115
[21-05-21 22:27:52] [INFO] [DEBUG] SpectateManagerImpl has been loaded. (took 0ms)
[21-05-21 22:27:52] [INFO] [DEBUG] Starting load of BettingManager at 1621628872115
[21-05-21 22:27:52] [INFO] BettingManager: Vault was not found! Money betting feature will be automatically disabled.
[21-05-21 22:27:52] [INFO] [DEBUG] BettingManager has been loaded. (took 0ms)
[21-05-21 22:27:52] [INFO] [DEBUG] Starting load of InventoryManager at 1621628872115
[21-05-21 22:27:52] [INFO] [DEBUG] InventoryManager has been loaded. (took 0ms)
[21-05-21 22:27:52] [INFO] [DEBUG] Starting load of DuelManager at 1621628872115
[21-05-21 22:27:52] [INFO] [DEBUG] DuelManager has been loaded. (took 0ms)
[21-05-21 22:27:52] [INFO] [DEBUG] Starting load of QueueManager at 1621628872116
[21-05-21 22:27:52] [INFO] QueueManager: Loaded 7 queue(s).
[21-05-21 22:27:52] [INFO] [DEBUG] QueueManager has been loaded. (took 3ms)
[21-05-21 22:27:52] [INFO] [DEBUG] Starting load of QueueSignManagerImpl at 1621628872119
[21-05-21 22:27:52] [INFO] QueueSignManagerImpl: Loaded 6 queue sign(s).
[21-05-21 22:27:52] [INFO] [DEBUG] QueueSignManagerImpl has been loaded. (took 25ms)
[21-05-21 22:27:52] [INFO] [DEBUG] Starting load of RequestManager at 1621628872144
[21-05-21 22:27:52] [INFO] [DEBUG] RequestManager has been loaded. (took 0ms)
[21-05-21 22:27:52] [INFO] [DEBUG] Starting load of Teleport at 1621628872144
[21-05-21 22:27:52] [INFO] [DEBUG] Teleport has been loaded. (took 1ms)
[21-05-21 22:27:52] [INFO] [DEBUG] Starting load of ExtensionManager at 1621628872145
[21-05-21 22:27:52] [INFO] [DEBUG] ExtensionManager has been loaded. (took 1ms)
[21-05-21 22:27:52] [INFO] No updates were available. You are on the latest version!
