[21-06-04 19:18:16] [INFO] [DEBUG] onEnable start -> 1622827096947

[21-06-04 19:18:17] [INFO] [DEBUG] Starting load of Config at 1622827097005
[21-06-04 19:18:17] [INFO] [DEBUG] Config has been loaded. (took 9ms)
[21-06-04 19:18:17] [INFO] [DEBUG] Starting load of Lang at 1622827097014
[21-06-04 19:18:17] [INFO] [DEBUG] Lang has been loaded. (took 9ms)
[21-06-04 19:18:17] [INFO] [DEBUG] Starting load of UserManagerImpl at 1622827097023
[21-06-04 19:18:17] [INFO] [DEBUG] UserManagerImpl has been loaded. (took 1ms)
[21-06-04 19:18:17] [INFO] [DEBUG] Starting load of GuiListener at 1622827097024
[21-06-04 19:18:17] [INFO] [DEBUG] GuiListener has been loaded. (took 0ms)
[21-06-04 19:18:17] [INFO] [DEBUG] Starting load of KitManagerImpl at 1622827097024
[21-06-04 19:18:17] [INFO] KitManagerImpl: Loaded 10 kit(s).
[21-06-04 19:18:17] [INFO] [DEBUG] KitManagerImpl has been loaded. (took 135ms)
[21-06-04 19:18:17] [INFO] [DEBUG] Starting load of ArenaManagerImpl at 1622827097159
[21-06-04 19:18:17] [INFO] ArenaManagerImpl: Loaded 8 arena(s).
[21-06-04 19:18:17] [INFO] [DEBUG] ArenaManagerImpl has been loaded. (took 11ms)
[21-06-04 19:18:17] [INFO] [DEBUG] Starting load of SettingsManager at 1622827097170
[21-06-04 19:18:17] [INFO] [DEBUG] SettingsManager has been loaded. (took 0ms)
[21-06-04 19:18:17] [INFO] [DEBUG] Starting load of PlayerInfoManager at 1622827097170
[21-06-04 19:18:17] [INFO] [DEBUG] PlayerInfoManager has been loaded. (took 1ms)
[21-06-04 19:18:17] [INFO] [DEBUG] Starting load of SpectateManagerImpl at 1622827097171
[21-06-04 19:18:17] [INFO] [DEBUG] SpectateManagerImpl has been loaded. (took 0ms)
[21-06-04 19:18:17] [INFO] [DEBUG] Starting load of BettingManager at 1622827097171
[21-06-04 19:18:17] [INFO] BettingManager: Vault was not found! Money betting feature will be automatically disabled.
[21-06-04 19:18:17] [INFO] [DEBUG] BettingManager has been loaded. (took 1ms)
[21-06-04 19:18:17] [INFO] [DEBUG] Starting load of InventoryManager at 1622827097172
[21-06-04 19:18:17] [INFO] [DEBUG] InventoryManager has been loaded. (took 0ms)
[21-06-04 19:18:17] [INFO] [DEBUG] Starting load of DuelManager at 1622827097173
[21-06-04 19:18:17] [INFO] [DEBUG] DuelManager has been loaded. (took 0ms)
[21-06-04 19:18:17] [INFO] [DEBUG] Starting load of QueueManager at 1622827097173
[21-06-04 19:18:17] [INFO] QueueManager: Loaded 9 queue(s).
[21-06-04 19:18:17] [INFO] [DEBUG] QueueManager has been loaded. (took 3ms)
[21-06-04 19:18:17] [INFO] [DEBUG] Starting load of QueueSignManagerImpl at 1622827097176
[21-06-04 19:18:17] [INFO] QueueSignManagerImpl: Loaded 7 queue sign(s).
[21-06-04 19:18:17] [INFO] [DEBUG] QueueSignManagerImpl has been loaded. (took 26ms)
[21-06-04 19:18:17] [INFO] [DEBUG] Starting load of RequestManager at 1622827097202
[21-06-04 19:18:17] [INFO] [DEBUG] RequestManager has been loaded. (took 0ms)
[21-06-04 19:18:17] [INFO] [DEBUG] Starting load of Teleport at 1622827097202
[21-06-04 19:18:17] [INFO] [DEBUG] Teleport has been loaded. (took 0ms)
[21-06-04 19:18:17] [INFO] [DEBUG] Starting load of ExtensionManager at 1622827097202
[21-06-04 19:18:17] [INFO] [DEBUG] ExtensionManager has been loaded. (took 1ms)
[21-06-04 19:18:18] [INFO] No updates were available. You are on the latest version!
[21-06-04 19:27:34] [INFO] [DEBUG] onDisable start -> 1622827654713

[21-06-04 19:27:34] [INFO] [DEBUG] Starting unload of ExtensionManager at 1622827654716
[21-06-04 19:27:34] [INFO] [DEBUG] ExtensionManager has been unloaded. (took 0ms)
[21-06-04 19:27:34] [INFO] [DEBUG] Starting unload of Teleport at 1622827654716
[21-06-04 19:27:34] [INFO] [DEBUG] Teleport has been unloaded. (took 0ms)
[21-06-04 19:27:34] [INFO] [DEBUG] Starting unload of RequestManager at 1622827654716
[21-06-04 19:27:34] [INFO] [DEBUG] RequestManager has been unloaded. (took 0ms)
[21-06-04 19:27:34] [INFO] [DEBUG] Starting unload of QueueSignManagerImpl at 1622827654716
[21-06-04 19:27:34] [INFO] [DEBUG] QueueSignManagerImpl has been unloaded. (took 1ms)
[21-06-04 19:27:34] [INFO] [DEBUG] Starting unload of QueueManager at 1622827654717
[21-06-04 19:27:34] [INFO] [DEBUG] QueueManager has been unloaded. (took 1ms)
[21-06-04 19:27:34] [INFO] [DEBUG] Starting unload of DuelManager at 1622827654718
[21-06-04 19:27:34] [INFO] [DEBUG] DuelManager has been unloaded. (took 1ms)
[21-06-04 19:27:34] [INFO] [DEBUG] Starting unload of InventoryManager at 1622827654719
[21-06-04 19:27:34] [INFO] [DEBUG] InventoryManager has been unloaded. (took 0ms)
[21-06-04 19:27:34] [INFO] [DEBUG] Starting unload of BettingManager at 1622827654719
[21-06-04 19:27:34] [INFO] [DEBUG] BettingManager has been unloaded. (took 0ms)
[21-06-04 19:27:34] [INFO] [DEBUG] Starting unload of SpectateManagerImpl at 1622827654719
[21-06-04 19:27:34] [INFO] [DEBUG] SpectateManagerImpl has been unloaded. (took 0ms)
[21-06-04 19:27:34] [INFO] [DEBUG] Starting unload of PlayerInfoManager at 1622827654719
[21-06-04 19:27:34] [INFO] [DEBUG] PlayerInfoManager has been unloaded. (took 0ms)
[21-06-04 19:27:34] [INFO] [DEBUG] Starting unload of SettingsManager at 1622827654719
[21-06-04 19:27:34] [INFO] [DEBUG] SettingsManager has been unloaded. (took 0ms)
[21-06-04 19:27:34] [INFO] [DEBUG] Starting unload of ArenaManagerImpl at 1622827654719
[21-06-04 19:27:34] [INFO] [DEBUG] ArenaManagerImpl has been unloaded. (took 1ms)
[21-06-04 19:27:34] [INFO] [DEBUG] Starting unload of KitManagerImpl at 1622827654720
[21-06-04 19:27:34] [INFO] [DEBUG] KitManagerImpl has been unloaded. (took 4ms)
[21-06-04 19:27:34] [INFO] [DEBUG] Starting unload of GuiListener at 1622827654724
[21-06-04 19:27:34] [INFO] [DEBUG] GuiListener has been unloaded. (took 1ms)
[21-06-04 19:27:34] [INFO] [DEBUG] Starting unload of UserManagerImpl at 1622827654725
[21-06-04 19:27:34] [INFO] [DEBUG] UserManagerImpl has been unloaded. (took 0ms)
[21-06-04 19:27:34] [INFO] [DEBUG] Starting unload of Lang at 1622827654725
[21-06-04 19:27:34] [INFO] [DEBUG] Lang has been unloaded. (took 0ms)
[21-06-04 19:27:34] [INFO] [DEBUG] Starting unload of Config at 1622827654725
[21-06-04 19:27:34] [INFO] [DEBUG] Config has been unloaded. (took 0ms)
[21-06-04 19:27:34] [INFO] [DEBUG] unload done (took 12ms)
[21-06-04 19:27:34] [INFO] [DEBUG] Log#clearSources done (took 0ms)
