[21-05-22 20:52:56] [INFO] [DEBUG] onEnable start -> 1621709576562

[21-05-22 20:52:56] [INFO] [DEBUG] Starting load of Config at 1621709576637
[21-05-22 20:52:56] [INFO] [DEBUG] Config has been loaded. (took 13ms)
[21-05-22 20:52:56] [INFO] [DEBUG] Starting load of Lang at 1621709576650
[21-05-22 20:52:56] [INFO] [DEBUG] Lang has been loaded. (took 15ms)
[21-05-22 20:52:56] [INFO] [DEBUG] Starting load of UserManagerImpl at 1621709576665
[21-05-22 20:52:56] [INFO] [DEBUG] UserManagerImpl has been loaded. (took 1ms)
[21-05-22 20:52:56] [INFO] [DEBUG] Starting load of GuiListener at 1621709576666
[21-05-22 20:52:56] [INFO] [DEBUG] GuiListener has been loaded. (took 0ms)
[21-05-22 20:52:56] [INFO] [DEBUG] Starting load of KitManagerImpl at 1621709576666
[21-05-22 20:52:56] [INFO] KitManagerImpl: Loaded 8 kit(s).
[21-05-22 20:52:56] [INFO] [DEBUG] KitManagerImpl has been loaded. (took 171ms)
[21-05-22 20:52:56] [INFO] [DEBUG] Starting load of ArenaManagerImpl at 1621709576837
[21-05-22 20:52:56] [INFO] ArenaManagerImpl: Loaded 7 arena(s).
[21-05-22 20:52:56] [INFO] [DEBUG] ArenaManagerImpl has been loaded. (took 13ms)
[21-05-22 20:52:56] [INFO] [DEBUG] Starting load of SettingsManager at 1621709576850
[21-05-22 20:52:56] [INFO] [DEBUG] SettingsManager has been loaded. (took 0ms)
[21-05-22 20:52:56] [INFO] [DEBUG] Starting load of PlayerInfoManager at 1621709576850
[21-05-22 20:52:56] [INFO] [DEBUG] PlayerInfoManager has been loaded. (took 2ms)
[21-05-22 20:52:56] [INFO] [DEBUG] Starting load of SpectateManagerImpl at 1621709576852
[21-05-22 20:52:56] [INFO] [DEBUG] SpectateManagerImpl has been loaded. (took 0ms)
[21-05-22 20:52:56] [INFO] [DEBUG] Starting load of BettingManager at 1621709576852
[21-05-22 20:52:56] [INFO] BettingManager: Vault was not found! Money betting feature will be automatically disabled.
[21-05-22 20:52:56] [INFO] [DEBUG] BettingManager has been loaded. (took 0ms)
[21-05-22 20:52:56] [INFO] [DEBUG] Starting load of InventoryManager at 1621709576852
[21-05-22 20:52:56] [INFO] [DEBUG] InventoryManager has been loaded. (took 1ms)
[21-05-22 20:52:56] [INFO] [DEBUG] Starting load of DuelManager at 1621709576854
[21-05-22 20:52:56] [INFO] [DEBUG] DuelManager has been loaded. (took 0ms)
[21-05-22 20:52:56] [INFO] [DEBUG] Starting load of QueueManager at 1621709576854
[21-05-22 20:52:56] [INFO] QueueManager: Loaded 7 queue(s).
[21-05-22 20:52:56] [INFO] [DEBUG] QueueManager has been loaded. (took 5ms)
[21-05-22 20:52:56] [INFO] [DEBUG] Starting load of QueueSignManagerImpl at 1621709576859
[21-05-22 20:52:56] [INFO] QueueSignManagerImpl: Loaded 6 queue sign(s).
[21-05-22 20:52:56] [INFO] [DEBUG] QueueSignManagerImpl has been loaded. (took 32ms)
[21-05-22 20:52:56] [INFO] [DEBUG] Starting load of RequestManager at 1621709576891
[21-05-22 20:52:56] [INFO] [DEBUG] RequestManager has been loaded. (took 0ms)
[21-05-22 20:52:56] [INFO] [DEBUG] Starting load of Teleport at 1621709576891
[21-05-22 20:52:56] [INFO] [DEBUG] Teleport has been loaded. (took 1ms)
[21-05-22 20:52:56] [INFO] [DEBUG] Starting load of ExtensionManager at 1621709576892
[21-05-22 20:52:56] [INFO] [DEBUG] ExtensionManager has been loaded. (took 1ms)
[21-05-22 20:52:57] [INFO] No updates were available. You are on the latest version!
[21-05-22 21:09:20] [INFO] [DEBUG] onDisable start -> 1621710560481

[21-05-22 21:09:20] [INFO] [DEBUG] Starting unload of ExtensionManager at 1621710560489
[21-05-22 21:09:20] [INFO] [DEBUG] ExtensionManager has been unloaded. (took 1ms)
[21-05-22 21:09:20] [INFO] [DEBUG] Starting unload of Teleport at 1621710560490
[21-05-22 21:09:20] [INFO] [DEBUG] Teleport has been unloaded. (took 0ms)
[21-05-22 21:09:20] [INFO] [DEBUG] Starting unload of RequestManager at 1621710560490
[21-05-22 21:09:20] [INFO] [DEBUG] RequestManager has been unloaded. (took 0ms)
[21-05-22 21:09:20] [INFO] [DEBUG] Starting unload of QueueSignManagerImpl at 1621710560490
[21-05-22 21:09:20] [INFO] [DEBUG] QueueSignManagerImpl has been unloaded. (took 2ms)
[21-05-22 21:09:20] [INFO] [DEBUG] Starting unload of QueueManager at 1621710560493
[21-05-22 21:09:20] [INFO] [DEBUG] QueueManager has been unloaded. (took 2ms)
[21-05-22 21:09:20] [INFO] [DEBUG] Starting unload of DuelManager at 1621710560495
[21-05-22 21:09:20] [INFO] [DEBUG] DuelManager has been unloaded. (took 3ms)
[21-05-22 21:09:20] [INFO] [DEBUG] Starting unload of InventoryManager at 1621710560498
[21-05-22 21:09:20] [INFO] [DEBUG] InventoryManager has been unloaded. (took 0ms)
[21-05-22 21:09:20] [INFO] [DEBUG] Starting unload of BettingManager at 1621710560498
[21-05-22 21:09:20] [INFO] [DEBUG] BettingManager has been unloaded. (took 0ms)
[21-05-22 21:09:20] [INFO] [DEBUG] Starting unload of SpectateManagerImpl at 1621710560498
[21-05-22 21:09:20] [INFO] [DEBUG] SpectateManagerImpl has been unloaded. (took 0ms)
[21-05-22 21:09:20] [INFO] [DEBUG] Starting unload of PlayerInfoManager at 1621710560498
[21-05-22 21:09:20] [INFO] [DEBUG] PlayerInfoManager has been unloaded. (took 0ms)
[21-05-22 21:09:20] [INFO] [DEBUG] Starting unload of SettingsManager at 1621710560498
[21-05-22 21:09:20] [INFO] [DEBUG] SettingsManager has been unloaded. (took 0ms)
[21-05-22 21:09:20] [INFO] [DEBUG] Starting unload of ArenaManagerImpl at 1621710560498
[21-05-22 21:09:20] [INFO] [DEBUG] ArenaManagerImpl has been unloaded. (took 2ms)
[21-05-22 21:09:20] [INFO] [DEBUG] Starting unload of KitManagerImpl at 1621710560500
[21-05-22 21:09:20] [INFO] [DEBUG] KitManagerImpl has been unloaded. (took 5ms)
[21-05-22 21:09:20] [INFO] [DEBUG] Starting unload of GuiListener at 1621710560506
[21-05-22 21:09:20] [INFO] [DEBUG] GuiListener has been unloaded. (took 1ms)
[21-05-22 21:09:20] [INFO] [DEBUG] Starting unload of UserManagerImpl at 1621710560508
[21-05-22 21:09:20] [INFO] [DEBUG] UserManagerImpl has been unloaded. (took 0ms)
[21-05-22 21:09:20] [INFO] [DEBUG] Starting unload of Lang at 1621710560508
[21-05-22 21:09:20] [INFO] [DEBUG] Lang has been unloaded. (took 0ms)
[21-05-22 21:09:20] [INFO] [DEBUG] Starting unload of Config at 1621710560508
[21-05-22 21:09:20] [INFO] [DEBUG] Config has been unloaded. (took 0ms)
[21-05-22 21:09:20] [INFO] [DEBUG] unload done (took 27ms)
[21-05-22 21:09:20] [INFO] [DEBUG] Log#clearSources done (took 0ms)
