[21-05-18 17:45:19] [INFO] [DEBUG] onEnable start -> 1621352719346

[21-05-18 17:45:19] [INFO] [DEBUG] Starting load of Config at 1621352719406
[21-05-18 17:45:19] [INFO] [DEBUG] Config has been loaded. (took 12ms)
[21-05-18 17:45:19] [INFO] [DEBUG] Starting load of Lang at 1621352719419
[21-05-18 17:45:19] [INFO] [DEBUG] Lang has been loaded. (took 13ms)
[21-05-18 17:45:19] [INFO] [DEBUG] Starting load of UserManagerImpl at 1621352719432
[21-05-18 17:45:19] [INFO] [DEBUG] UserManagerImpl has been loaded. (took 1ms)
[21-05-18 17:45:19] [INFO] [DEBUG] Starting load of GuiListener at 1621352719433
[21-05-18 17:45:19] [INFO] [DEBUG] GuiListener has been loaded. (took 1ms)
[21-05-18 17:45:19] [INFO] [DEBUG] Starting load of KitManagerImpl at 1621352719434
[21-05-18 17:45:19] [INFO] KitManagerImpl: Loaded 0 kit(s).
[21-05-18 17:45:19] [INFO] [DEBUG] KitManagerImpl has been loaded. (took 29ms)
[21-05-18 17:45:19] [INFO] [DEBUG] Starting load of ArenaManagerImpl at 1621352719464
[21-05-18 17:45:19] [INFO] ArenaManagerImpl: Loaded 0 arena(s).
[21-05-18 17:45:19] [INFO] [DEBUG] ArenaManagerImpl has been loaded. (took 3ms)
[21-05-18 17:45:19] [INFO] [DEBUG] Starting load of SettingsManager at 1621352719467
[21-05-18 17:45:19] [INFO] [DEBUG] SettingsManager has been loaded. (took 0ms)
[21-05-18 17:45:19] [INFO] [DEBUG] Starting load of PlayerInfoManager at 1621352719467
[21-05-18 17:45:19] [INFO] PlayerInfoManager: Lobby location was not set, using world's spawn location as default. Use the command /duels setlobby in-game to set the lobby location.
[21-05-18 17:45:19] [INFO] [DEBUG] PlayerInfoManager has been loaded. (took 1ms)
[21-05-18 17:45:19] [INFO] [DEBUG] Starting load of SpectateManagerImpl at 1621352719468
[21-05-18 17:45:19] [INFO] [DEBUG] SpectateManagerImpl has been loaded. (took 0ms)
[21-05-18 17:45:19] [INFO] [DEBUG] Starting load of BettingManager at 1621352719468
[21-05-18 17:45:19] [INFO] BettingManager: Vault was not found! Money betting feature will be automatically disabled.
[21-05-18 17:45:19] [INFO] [DEBUG] BettingManager has been loaded. (took 0ms)
[21-05-18 17:45:19] [INFO] [DEBUG] Starting load of InventoryManager at 1621352719468
[21-05-18 17:45:19] [INFO] [DEBUG] InventoryManager has been loaded. (took 1ms)
[21-05-18 17:45:19] [INFO] [DEBUG] Starting load of DuelManager at 1621352719469
[21-05-18 17:45:19] [INFO] [DEBUG] DuelManager has been loaded. (took 0ms)
[21-05-18 17:45:19] [INFO] [DEBUG] Starting load of QueueManager at 1621352719469
[21-05-18 17:45:19] [INFO] QueueManager: Loaded 0 queue(s).
[21-05-18 17:45:19] [INFO] [DEBUG] QueueManager has been loaded. (took 2ms)
[21-05-18 17:45:19] [INFO] [DEBUG] Starting load of QueueSignManagerImpl at 1621352719471
[21-05-18 17:45:19] [INFO] QueueSignManagerImpl: Loaded 0 queue sign(s).
[21-05-18 17:45:19] [INFO] [DEBUG] QueueSignManagerImpl has been loaded. (took 2ms)
[21-05-18 17:45:19] [INFO] [DEBUG] Starting load of RequestManager at 1621352719473
[21-05-18 17:45:19] [INFO] [DEBUG] RequestManager has been loaded. (took 0ms)
[21-05-18 17:45:19] [INFO] [DEBUG] Starting load of Teleport at 1621352719473
[21-05-18 17:45:19] [INFO] [DEBUG] Teleport has been loaded. (took 0ms)
[21-05-18 17:45:19] [INFO] [DEBUG] Starting load of ExtensionManager at 1621352719473
[21-05-18 17:45:19] [INFO] [DEBUG] ExtensionManager has been loaded. (took 1ms)
[21-05-18 17:45:20] [INFO] No updates were available. You are on the latest version!
[21-05-18 17:47:49] [INFO] [DEBUG] onDisable start -> 1621352869282

[21-05-18 17:47:49] [INFO] [DEBUG] Starting unload of ExtensionManager at 1621352869286
[21-05-18 17:47:49] [INFO] [DEBUG] ExtensionManager has been unloaded. (took 1ms)
[21-05-18 17:47:49] [INFO] [DEBUG] Starting unload of Teleport at 1621352869287
[21-05-18 17:47:49] [INFO] [DEBUG] Teleport has been unloaded. (took 0ms)
[21-05-18 17:47:49] [INFO] [DEBUG] Starting unload of RequestManager at 1621352869287
[21-05-18 17:47:49] [INFO] [DEBUG] RequestManager has been unloaded. (took 0ms)
[21-05-18 17:47:49] [INFO] [DEBUG] Starting unload of QueueSignManagerImpl at 1621352869287
[21-05-18 17:47:49] [INFO] [DEBUG] QueueSignManagerImpl has been unloaded. (took 3ms)
[21-05-18 17:47:49] [INFO] [DEBUG] Starting unload of QueueManager at 1621352869290
[21-05-18 17:47:49] [INFO] [DEBUG] QueueManager has been unloaded. (took 2ms)
[21-05-18 17:47:49] [INFO] [DEBUG] Starting unload of DuelManager at 1621352869292
[21-05-18 17:47:49] [INFO] [DEBUG] DuelManager has been unloaded. (took 2ms)
[21-05-18 17:47:49] [INFO] [DEBUG] Starting unload of InventoryManager at 1621352869295
[21-05-18 17:47:49] [INFO] [DEBUG] InventoryManager has been unloaded. (took 0ms)
[21-05-18 17:47:49] [INFO] [DEBUG] Starting unload of BettingManager at 1621352869295
[21-05-18 17:47:49] [INFO] [DEBUG] BettingManager has been unloaded. (took 0ms)
[21-05-18 17:47:49] [INFO] [DEBUG] Starting unload of SpectateManagerImpl at 1621352869295
[21-05-18 17:47:49] [INFO] [DEBUG] SpectateManagerImpl has been unloaded. (took 0ms)
[21-05-18 17:47:49] [INFO] [DEBUG] Starting unload of PlayerInfoManager at 1621352869295
[21-05-18 17:47:49] [INFO] [DEBUG] PlayerInfoManager has been unloaded. (took 0ms)
[21-05-18 17:47:49] [INFO] [DEBUG] Starting unload of SettingsManager at 1621352869295
[21-05-18 17:47:49] [INFO] [DEBUG] SettingsManager has been unloaded. (took 0ms)
[21-05-18 17:47:49] [INFO] [DEBUG] Starting unload of ArenaManagerImpl at 1621352869295
[21-05-18 17:47:49] [INFO] [DEBUG] ArenaManagerImpl has been unloaded. (took 0ms)
[21-05-18 17:47:49] [INFO] [DEBUG] Starting unload of KitManagerImpl at 1621352869295
[21-05-18 17:47:49] [INFO] [DEBUG] KitManagerImpl has been unloaded. (took 1ms)
[21-05-18 17:47:49] [INFO] [DEBUG] Starting unload of GuiListener at 1621352869296
[21-05-18 17:47:49] [INFO] [DEBUG] GuiListener has been unloaded. (took 1ms)
[21-05-18 17:47:49] [INFO] [DEBUG] Starting unload of UserManagerImpl at 1621352869297
[21-05-18 17:47:49] [INFO] [DEBUG] UserManagerImpl has been unloaded. (took 2ms)
[21-05-18 17:47:49] [INFO] [DEBUG] Starting unload of Lang at 1621352869300
[21-05-18 17:47:49] [INFO] [DEBUG] Lang has been unloaded. (took 0ms)
[21-05-18 17:47:49] [INFO] [DEBUG] Starting unload of Config at 1621352869300
[21-05-18 17:47:49] [INFO] [DEBUG] Config has been unloaded. (took 0ms)
[21-05-18 17:47:49] [INFO] [DEBUG] unload done (took 18ms)
[21-05-18 17:47:49] [INFO] [DEBUG] Log#clearSources done (took 0ms)
[21-05-18 17:51:31] [INFO] [DEBUG] onEnable start -> 1621353091305

[21-05-18 17:51:31] [INFO] [DEBUG] Starting load of Config at 1621353091347
[21-05-18 17:51:31] [INFO] [DEBUG] Config has been loaded. (took 13ms)
[21-05-18 17:51:31] [INFO] [DEBUG] Starting load of Lang at 1621353091360
[21-05-18 17:51:31] [INFO] [DEBUG] Lang has been loaded. (took 14ms)
[21-05-18 17:51:31] [INFO] [DEBUG] Starting load of UserManagerImpl at 1621353091374
[21-05-18 17:51:31] [INFO] [DEBUG] UserManagerImpl has been loaded. (took 1ms)
[21-05-18 17:51:31] [INFO] [DEBUG] Starting load of GuiListener at 1621353091375
[21-05-18 17:51:31] [INFO] [DEBUG] GuiListener has been loaded. (took 0ms)
[21-05-18 17:51:31] [INFO] [DEBUG] Starting load of KitManagerImpl at 1621353091375
[21-05-18 17:51:31] [INFO] KitManagerImpl: Loaded 0 kit(s).
[21-05-18 17:51:31] [INFO] [DEBUG] KitManagerImpl has been loaded. (took 50ms)
[21-05-18 17:51:31] [INFO] [DEBUG] Starting load of ArenaManagerImpl at 1621353091425
[21-05-18 17:51:31] [INFO] ArenaManagerImpl: Loaded 0 arena(s).
[21-05-18 17:51:31] [INFO] [DEBUG] ArenaManagerImpl has been loaded. (took 3ms)
[21-05-18 17:51:31] [INFO] [DEBUG] Starting load of SettingsManager at 1621353091428
[21-05-18 17:51:31] [INFO] [DEBUG] SettingsManager has been loaded. (took 0ms)
[21-05-18 17:51:31] [INFO] [DEBUG] Starting load of PlayerInfoManager at 1621353091428
[21-05-18 17:51:31] [INFO] PlayerInfoManager: Lobby location was not set, using world's spawn location as default. Use the command /duels setlobby in-game to set the lobby location.
[21-05-18 17:51:31] [INFO] [DEBUG] PlayerInfoManager has been loaded. (took 1ms)
[21-05-18 17:51:31] [INFO] [DEBUG] Starting load of SpectateManagerImpl at 1621353091429
[21-05-18 17:51:31] [INFO] [DEBUG] SpectateManagerImpl has been loaded. (took 0ms)
[21-05-18 17:51:31] [INFO] [DEBUG] Starting load of BettingManager at 1621353091429
[21-05-18 17:51:31] [INFO] BettingManager: Vault was not found! Money betting feature will be automatically disabled.
[21-05-18 17:51:31] [INFO] [DEBUG] BettingManager has been loaded. (took 0ms)
[21-05-18 17:51:31] [INFO] [DEBUG] Starting load of InventoryManager at 1621353091429
[21-05-18 17:51:31] [INFO] [DEBUG] InventoryManager has been loaded. (took 1ms)
[21-05-18 17:51:31] [INFO] [DEBUG] Starting load of DuelManager at 1621353091430
[21-05-18 17:51:31] [INFO] [DEBUG] DuelManager has been loaded. (took 0ms)
[21-05-18 17:51:31] [INFO] [DEBUG] Starting load of QueueManager at 1621353091430
[21-05-18 17:51:31] [INFO] QueueManager: Loaded 0 queue(s).
[21-05-18 17:51:31] [INFO] [DEBUG] QueueManager has been loaded. (took 3ms)
[21-05-18 17:51:31] [INFO] [DEBUG] Starting load of QueueSignManagerImpl at 1621353091433
[21-05-18 17:51:31] [INFO] QueueSignManagerImpl: Loaded 0 queue sign(s).
[21-05-18 17:51:31] [INFO] [DEBUG] QueueSignManagerImpl has been loaded. (took 2ms)
[21-05-18 17:51:31] [INFO] [DEBUG] Starting load of RequestManager at 1621353091435
[21-05-18 17:51:31] [INFO] [DEBUG] RequestManager has been loaded. (took 0ms)
[21-05-18 17:51:31] [INFO] [DEBUG] Starting load of Teleport at 1621353091435
[21-05-18 17:51:31] [INFO] [DEBUG] Teleport has been loaded. (took 1ms)
[21-05-18 17:51:31] [INFO] [DEBUG] Starting load of ExtensionManager at 1621353091436
[21-05-18 17:51:31] [INFO] [DEBUG] ExtensionManager has been loaded. (took 0ms)
[21-05-18 17:51:31] [INFO] No updates were available. You are on the latest version!
[21-05-18 18:50:34] [INFO] [DEBUG] onDisable start -> 1621356634852

[21-05-18 18:50:34] [INFO] [DEBUG] Starting unload of ExtensionManager at 1621356634855
[21-05-18 18:50:34] [INFO] [DEBUG] ExtensionManager has been unloaded. (took 0ms)
[21-05-18 18:50:34] [INFO] [DEBUG] Starting unload of Teleport at 1621356634855
[21-05-18 18:50:34] [INFO] [DEBUG] Teleport has been unloaded. (took 0ms)
[21-05-18 18:50:34] [INFO] [DEBUG] Starting unload of RequestManager at 1621356634855
[21-05-18 18:50:34] [INFO] [DEBUG] RequestManager has been unloaded. (took 0ms)
[21-05-18 18:50:34] [INFO] [DEBUG] Starting unload of QueueSignManagerImpl at 1621356634855
[21-05-18 18:50:34] [INFO] [DEBUG] QueueSignManagerImpl has been unloaded. (took 1ms)
[21-05-18 18:50:34] [INFO] [DEBUG] Starting unload of QueueManager at 1621356634856
[21-05-18 18:50:34] [INFO] [DEBUG] QueueManager has been unloaded. (took 1ms)
[21-05-18 18:50:34] [INFO] [DEBUG] Starting unload of DuelManager at 1621356634857
[21-05-18 18:50:34] [INFO] [DEBUG] DuelManager has been unloaded. (took 0ms)
[21-05-18 18:50:34] [INFO] [DEBUG] Starting unload of InventoryManager at 1621356634858
[21-05-18 18:50:34] [INFO] [DEBUG] InventoryManager has been unloaded. (took 0ms)
[21-05-18 18:50:34] [INFO] [DEBUG] Starting unload of BettingManager at 1621356634858
[21-05-18 18:50:34] [INFO] [DEBUG] BettingManager has been unloaded. (took 0ms)
[21-05-18 18:50:34] [INFO] [DEBUG] Starting unload of SpectateManagerImpl at 1621356634858
[21-05-18 18:50:34] [INFO] [DEBUG] SpectateManagerImpl has been unloaded. (took 0ms)
[21-05-18 18:50:34] [INFO] [DEBUG] Starting unload of PlayerInfoManager at 1621356634858
[21-05-18 18:50:34] [INFO] [DEBUG] PlayerInfoManager has been unloaded. (took 0ms)
[21-05-18 18:50:34] [INFO] [DEBUG] Starting unload of SettingsManager at 1621356634858
[21-05-18 18:50:34] [INFO] [DEBUG] SettingsManager has been unloaded. (took 0ms)
[21-05-18 18:50:34] [INFO] [DEBUG] Starting unload of ArenaManagerImpl at 1621356634858
[21-05-18 18:50:34] [INFO] [DEBUG] ArenaManagerImpl has been unloaded. (took 0ms)
[21-05-18 18:50:34] [INFO] [DEBUG] Starting unload of KitManagerImpl at 1621356634858
[21-05-18 18:50:34] [INFO] [DEBUG] KitManagerImpl has been unloaded. (took 2ms)
[21-05-18 18:50:34] [INFO] [DEBUG] Starting unload of GuiListener at 1621356634860
[21-05-18 18:50:34] [INFO] [DEBUG] GuiListener has been unloaded. (took 0ms)
[21-05-18 18:50:34] [INFO] [DEBUG] Starting unload of UserManagerImpl at 1621356634860
[21-05-18 18:50:34] [INFO] [DEBUG] UserManagerImpl has been unloaded. (took 2ms)
[21-05-18 18:50:34] [INFO] [DEBUG] Starting unload of Lang at 1621356634862
[21-05-18 18:50:34] [INFO] [DEBUG] Lang has been unloaded. (took 0ms)
[21-05-18 18:50:34] [INFO] [DEBUG] Starting unload of Config at 1621356634862
[21-05-18 18:50:34] [INFO] [DEBUG] Config has been unloaded. (took 0ms)
[21-05-18 18:50:34] [INFO] [DEBUG] unload done (took 10ms)
[21-05-18 18:50:34] [INFO] [DEBUG] Log#clearSources done (took 0ms)
[21-05-18 18:51:27] [INFO] [DEBUG] onEnable start -> 1621356687803

[21-05-18 18:51:27] [INFO] [DEBUG] Starting load of Config at 1621356687849
[21-05-18 18:51:27] [INFO] [DEBUG] Config has been loaded. (took 11ms)
[21-05-18 18:51:27] [INFO] [DEBUG] Starting load of Lang at 1621356687861
[21-05-18 18:51:27] [INFO] [DEBUG] Lang has been loaded. (took 14ms)
[21-05-18 18:51:27] [INFO] [DEBUG] Starting load of UserManagerImpl at 1621356687875
[21-05-18 18:51:27] [INFO] [DEBUG] UserManagerImpl has been loaded. (took 1ms)
[21-05-18 18:51:27] [INFO] [DEBUG] Starting load of GuiListener at 1621356687876
[21-05-18 18:51:27] [INFO] [DEBUG] GuiListener has been loaded. (took 0ms)
[21-05-18 18:51:27] [INFO] [DEBUG] Starting load of KitManagerImpl at 1621356687876
[21-05-18 18:51:28] [INFO] KitManagerImpl: Loaded 6 kit(s).
[21-05-18 18:51:28] [INFO] [DEBUG] KitManagerImpl has been loaded. (took 146ms)
[21-05-18 18:51:28] [INFO] [DEBUG] Starting load of ArenaManagerImpl at 1621356688022
[21-05-18 18:51:28] [INFO] ArenaManagerImpl: Loaded 4 arena(s).
[21-05-18 18:51:28] [INFO] [DEBUG] ArenaManagerImpl has been loaded. (took 7ms)
[21-05-18 18:51:28] [INFO] [DEBUG] Starting load of SettingsManager at 1621356688029
[21-05-18 18:51:28] [INFO] [DEBUG] SettingsManager has been loaded. (took 0ms)
[21-05-18 18:51:28] [INFO] [DEBUG] Starting load of PlayerInfoManager at 1621356688029
[21-05-18 18:51:28] [INFO] [DEBUG] PlayerInfoManager has been loaded. (took 0ms)
[21-05-18 18:51:28] [INFO] [DEBUG] Starting load of SpectateManagerImpl at 1621356688029
[21-05-18 18:51:28] [INFO] [DEBUG] SpectateManagerImpl has been loaded. (took 0ms)
[21-05-18 18:51:28] [INFO] [DEBUG] Starting load of BettingManager at 1621356688029
[21-05-18 18:51:28] [INFO] BettingManager: Vault was not found! Money betting feature will be automatically disabled.
[21-05-18 18:51:28] [INFO] [DEBUG] BettingManager has been loaded. (took 1ms)
[21-05-18 18:51:28] [INFO] [DEBUG] Starting load of InventoryManager at 1621356688030
[21-05-18 18:51:28] [INFO] [DEBUG] InventoryManager has been loaded. (took 0ms)
[21-05-18 18:51:28] [INFO] [DEBUG] Starting load of DuelManager at 1621356688030
[21-05-18 18:51:28] [INFO] [DEBUG] DuelManager has been loaded. (took 0ms)
[21-05-18 18:51:28] [INFO] [DEBUG] Starting load of QueueManager at 1621356688030
[21-05-18 18:51:28] [INFO] QueueManager: Loaded 5 queue(s).
[21-05-18 18:51:28] [INFO] [DEBUG] QueueManager has been loaded. (took 3ms)
[21-05-18 18:51:28] [INFO] [DEBUG] Starting load of QueueSignManagerImpl at 1621356688033
[21-05-18 18:51:28] [INFO] QueueSignManagerImpl: Loaded 4 queue sign(s).
[21-05-18 18:51:28] [INFO] [DEBUG] QueueSignManagerImpl has been loaded. (took 27ms)
[21-05-18 18:51:28] [INFO] [DEBUG] Starting load of RequestManager at 1621356688060
[21-05-18 18:51:28] [INFO] [DEBUG] RequestManager has been loaded. (took 0ms)
[21-05-18 18:51:28] [INFO] [DEBUG] Starting load of Teleport at 1621356688060
[21-05-18 18:51:28] [INFO] [DEBUG] Teleport has been loaded. (took 0ms)
[21-05-18 18:51:28] [INFO] [DEBUG] Starting load of ExtensionManager at 1621356688060
[21-05-18 18:51:28] [INFO] [DEBUG] ExtensionManager has been loaded. (took 1ms)
[21-05-18 18:51:29] [INFO] No updates were available. You are on the latest version!
[21-05-18 19:14:36] [INFO] [DEBUG] onDisable start -> 1621358076492

[21-05-18 19:14:36] [INFO] [DEBUG] Starting unload of ExtensionManager at 1621358076495
[21-05-18 19:14:36] [INFO] [DEBUG] ExtensionManager has been unloaded. (took 0ms)
[21-05-18 19:14:36] [INFO] [DEBUG] Starting unload of Teleport at 1621358076495
[21-05-18 19:14:36] [INFO] [DEBUG] Teleport has been unloaded. (took 0ms)
[21-05-18 19:14:36] [INFO] [DEBUG] Starting unload of RequestManager at 1621358076495
[21-05-18 19:14:36] [INFO] [DEBUG] RequestManager has been unloaded. (took 0ms)
[21-05-18 19:14:36] [INFO] [DEBUG] Starting unload of QueueSignManagerImpl at 1621358076495
[21-05-18 19:14:36] [INFO] [DEBUG] QueueSignManagerImpl has been unloaded. (took 1ms)
[21-05-18 19:14:36] [INFO] [DEBUG] Starting unload of QueueManager at 1621358076496
[21-05-18 19:14:36] [INFO] [DEBUG] QueueManager has been unloaded. (took 0ms)
[21-05-18 19:14:36] [INFO] [DEBUG] Starting unload of DuelManager at 1621358076496
[21-05-18 19:14:36] [INFO] [DEBUG] DuelManager has been unloaded. (took 1ms)
[21-05-18 19:14:36] [INFO] [DEBUG] Starting unload of InventoryManager at 1621358076497
[21-05-18 19:14:36] [INFO] [DEBUG] InventoryManager has been unloaded. (took 0ms)
[21-05-18 19:14:36] [INFO] [DEBUG] Starting unload of BettingManager at 1621358076497
[21-05-18 19:14:36] [INFO] [DEBUG] BettingManager has been unloaded. (took 0ms)
[21-05-18 19:14:36] [INFO] [DEBUG] Starting unload of SpectateManagerImpl at 1621358076497
[21-05-18 19:14:36] [INFO] [DEBUG] SpectateManagerImpl has been unloaded. (took 0ms)
[21-05-18 19:14:36] [INFO] [DEBUG] Starting unload of PlayerInfoManager at 1621358076497
[21-05-18 19:14:36] [INFO] [DEBUG] PlayerInfoManager has been unloaded. (took 0ms)
[21-05-18 19:14:36] [INFO] [DEBUG] Starting unload of SettingsManager at 1621358076497
[21-05-18 19:14:36] [INFO] [DEBUG] SettingsManager has been unloaded. (took 0ms)
[21-05-18 19:14:36] [INFO] [DEBUG] Starting unload of ArenaManagerImpl at 1621358076497
[21-05-18 19:14:36] [INFO] [DEBUG] ArenaManagerImpl has been unloaded. (took 0ms)
[21-05-18 19:14:36] [INFO] [DEBUG] Starting unload of KitManagerImpl at 1621358076498
[21-05-18 19:14:36] [INFO] [DEBUG] KitManagerImpl has been unloaded. (took 1ms)
[21-05-18 19:14:36] [INFO] [DEBUG] Starting unload of GuiListener at 1621358076499
[21-05-18 19:14:36] [INFO] [DEBUG] GuiListener has been unloaded. (took 2ms)
[21-05-18 19:14:36] [INFO] [DEBUG] Starting unload of UserManagerImpl at 1621358076501
[21-05-18 19:14:36] [INFO] [DEBUG] UserManagerImpl has been unloaded. (took 2ms)
[21-05-18 19:14:36] [INFO] [DEBUG] Starting unload of Lang at 1621358076503
[21-05-18 19:14:36] [INFO] [DEBUG] Lang has been unloaded. (took 0ms)
[21-05-18 19:14:36] [INFO] [DEBUG] Starting unload of Config at 1621358076503
[21-05-18 19:14:36] [INFO] [DEBUG] Config has been unloaded. (took 0ms)
[21-05-18 19:14:36] [INFO] [DEBUG] unload done (took 11ms)
[21-05-18 19:14:36] [INFO] [DEBUG] Log#clearSources done (took 0ms)
[21-05-18 19:18:26] [INFO] [DEBUG] onEnable start -> 1621358306713

[21-05-18 19:18:26] [INFO] [DEBUG] Starting load of Config at 1621358306755
[21-05-18 19:18:26] [INFO] [DEBUG] Config has been loaded. (took 11ms)
[21-05-18 19:18:26] [INFO] [DEBUG] Starting load of Lang at 1621358306766
[21-05-18 19:18:26] [INFO] [DEBUG] Lang has been loaded. (took 12ms)
[21-05-18 19:18:26] [INFO] [DEBUG] Starting load of UserManagerImpl at 1621358306778
[21-05-18 19:18:26] [INFO] [DEBUG] UserManagerImpl has been loaded. (took 0ms)
[21-05-18 19:18:26] [INFO] [DEBUG] Starting load of GuiListener at 1621358306778
[21-05-18 19:18:26] [INFO] [DEBUG] GuiListener has been loaded. (took 0ms)
[21-05-18 19:18:26] [INFO] [DEBUG] Starting load of KitManagerImpl at 1621358306778
[21-05-18 19:18:26] [INFO] KitManagerImpl: Loaded 7 kit(s).
[21-05-18 19:18:26] [INFO] [DEBUG] KitManagerImpl has been loaded. (took 145ms)
[21-05-18 19:18:26] [INFO] [DEBUG] Starting load of ArenaManagerImpl at 1621358306923
[21-05-18 19:18:26] [INFO] ArenaManagerImpl: Loaded 4 arena(s).
[21-05-18 19:18:26] [INFO] [DEBUG] ArenaManagerImpl has been loaded. (took 7ms)
[21-05-18 19:18:26] [INFO] [DEBUG] Starting load of SettingsManager at 1621358306930
[21-05-18 19:18:26] [INFO] [DEBUG] SettingsManager has been loaded. (took 0ms)
[21-05-18 19:18:26] [INFO] [DEBUG] Starting load of PlayerInfoManager at 1621358306930
[21-05-18 19:18:26] [INFO] [DEBUG] PlayerInfoManager has been loaded. (took 1ms)
[21-05-18 19:18:26] [INFO] [DEBUG] Starting load of SpectateManagerImpl at 1621358306931
[21-05-18 19:18:26] [INFO] [DEBUG] SpectateManagerImpl has been loaded. (took 0ms)
[21-05-18 19:18:26] [INFO] [DEBUG] Starting load of BettingManager at 1621358306931
[21-05-18 19:18:26] [INFO] BettingManager: Vault was not found! Money betting feature will be automatically disabled.
[21-05-18 19:18:26] [INFO] [DEBUG] BettingManager has been loaded. (took 0ms)
[21-05-18 19:18:26] [INFO] [DEBUG] Starting load of InventoryManager at 1621358306931
[21-05-18 19:18:26] [INFO] [DEBUG] InventoryManager has been loaded. (took 0ms)
[21-05-18 19:18:26] [INFO] [DEBUG] Starting load of DuelManager at 1621358306931
[21-05-18 19:18:26] [INFO] [DEBUG] DuelManager has been loaded. (took 0ms)
[21-05-18 19:18:26] [INFO] [DEBUG] Starting load of QueueManager at 1621358306931
[21-05-18 19:18:26] [INFO] QueueManager: Loaded 6 queue(s).
[21-05-18 19:18:26] [INFO] [DEBUG] QueueManager has been loaded. (took 5ms)
[21-05-18 19:18:26] [INFO] [DEBUG] Starting load of QueueSignManagerImpl at 1621358306936
[21-05-18 19:18:26] [INFO] QueueSignManagerImpl: Loaded 5 queue sign(s).
[21-05-18 19:18:26] [INFO] [DEBUG] QueueSignManagerImpl has been loaded. (took 24ms)
[21-05-18 19:18:26] [INFO] [DEBUG] Starting load of RequestManager at 1621358306960
[21-05-18 19:18:26] [INFO] [DEBUG] RequestManager has been loaded. (took 0ms)
[21-05-18 19:18:26] [INFO] [DEBUG] Starting load of Teleport at 1621358306960
[21-05-18 19:18:26] [INFO] [DEBUG] Teleport has been loaded. (took 1ms)
[21-05-18 19:18:26] [INFO] [DEBUG] Starting load of ExtensionManager at 1621358306961
[21-05-18 19:18:26] [INFO] [DEBUG] ExtensionManager has been loaded. (took 0ms)
[21-05-18 19:18:27] [INFO] No updates were available. You are on the latest version!
[21-05-18 19:31:37] [INFO] [DEBUG] onDisable start -> 1621359097196

[21-05-18 19:31:37] [INFO] [DEBUG] Starting unload of ExtensionManager at 1621359097199
[21-05-18 19:31:37] [INFO] [DEBUG] ExtensionManager has been unloaded. (took 0ms)
[21-05-18 19:31:37] [INFO] [DEBUG] Starting unload of Teleport at 1621359097199
[21-05-18 19:31:37] [INFO] [DEBUG] Teleport has been unloaded. (took 0ms)
[21-05-18 19:31:37] [INFO] [DEBUG] Starting unload of RequestManager at 1621359097199
[21-05-18 19:31:37] [INFO] [DEBUG] RequestManager has been unloaded. (took 0ms)
[21-05-18 19:31:37] [INFO] [DEBUG] Starting unload of QueueSignManagerImpl at 1621359097199
[21-05-18 19:31:37] [INFO] [DEBUG] QueueSignManagerImpl has been unloaded. (took 1ms)
[21-05-18 19:31:37] [INFO] [DEBUG] Starting unload of QueueManager at 1621359097200
[21-05-18 19:31:37] [INFO] [DEBUG] QueueManager has been unloaded. (took 0ms)
[21-05-18 19:31:37] [INFO] [DEBUG] Starting unload of DuelManager at 1621359097200
[21-05-18 19:31:37] [INFO] [DEBUG] DuelManager has been unloaded. (took 1ms)
[21-05-18 19:31:37] [INFO] [DEBUG] Starting unload of InventoryManager at 1621359097201
[21-05-18 19:31:37] [INFO] [DEBUG] InventoryManager has been unloaded. (took 0ms)
[21-05-18 19:31:37] [INFO] [DEBUG] Starting unload of BettingManager at 1621359097201
[21-05-18 19:31:37] [INFO] [DEBUG] BettingManager has been unloaded. (took 0ms)
[21-05-18 19:31:37] [INFO] [DEBUG] Starting unload of SpectateManagerImpl at 1621359097201
[21-05-18 19:31:37] [INFO] [DEBUG] SpectateManagerImpl has been unloaded. (took 0ms)
[21-05-18 19:31:37] [INFO] [DEBUG] Starting unload of PlayerInfoManager at 1621359097201
[21-05-18 19:31:37] [INFO] [DEBUG] PlayerInfoManager has been unloaded. (took 0ms)
[21-05-18 19:31:37] [INFO] [DEBUG] Starting unload of SettingsManager at 1621359097201
[21-05-18 19:31:37] [INFO] [DEBUG] SettingsManager has been unloaded. (took 0ms)
[21-05-18 19:31:37] [INFO] [DEBUG] Starting unload of ArenaManagerImpl at 1621359097201
[21-05-18 19:31:37] [INFO] [DEBUG] ArenaManagerImpl has been unloaded. (took 1ms)
[21-05-18 19:31:37] [INFO] [DEBUG] Starting unload of KitManagerImpl at 1621359097202
[21-05-18 19:31:37] [INFO] [DEBUG] KitManagerImpl has been unloaded. (took 5ms)
[21-05-18 19:31:37] [INFO] [DEBUG] Starting unload of GuiListener at 1621359097207
[21-05-18 19:31:37] [INFO] [DEBUG] GuiListener has been unloaded. (took 2ms)
[21-05-18 19:31:37] [INFO] [DEBUG] Starting unload of UserManagerImpl at 1621359097209
[21-05-18 19:31:37] [INFO] [DEBUG] UserManagerImpl has been unloaded. (took 2ms)
[21-05-18 19:31:37] [INFO] [DEBUG] Starting unload of Lang at 1621359097211
[21-05-18 19:31:37] [INFO] [DEBUG] Lang has been unloaded. (took 0ms)
[21-05-18 19:31:37] [INFO] [DEBUG] Starting unload of Config at 1621359097211
[21-05-18 19:31:37] [INFO] [DEBUG] Config has been unloaded. (took 0ms)
[21-05-18 19:31:37] [INFO] [DEBUG] unload done (took 15ms)
[21-05-18 19:31:37] [INFO] [DEBUG] Log#clearSources done (took 0ms)
[21-05-18 19:40:12] [INFO] [DEBUG] onEnable start -> 1621359612787

[21-05-18 19:40:12] [INFO] [DEBUG] Starting load of Config at 1621359612829
[21-05-18 19:40:12] [INFO] [DEBUG] Config has been loaded. (took 10ms)
[21-05-18 19:40:12] [INFO] [DEBUG] Starting load of Lang at 1621359612839
[21-05-18 19:40:12] [INFO] [DEBUG] Lang has been loaded. (took 10ms)
[21-05-18 19:40:12] [INFO] [DEBUG] Starting load of UserManagerImpl at 1621359612849
[21-05-18 19:40:12] [INFO] [DEBUG] UserManagerImpl has been loaded. (took 1ms)
[21-05-18 19:40:12] [INFO] [DEBUG] Starting load of GuiListener at 1621359612850
[21-05-18 19:40:12] [INFO] [DEBUG] GuiListener has been loaded. (took 0ms)
[21-05-18 19:40:12] [INFO] [DEBUG] Starting load of KitManagerImpl at 1621359612850
[21-05-18 19:40:12] [INFO] KitManagerImpl: Loaded 8 kit(s).
[21-05-18 19:40:12] [INFO] [DEBUG] KitManagerImpl has been loaded. (took 148ms)
[21-05-18 19:40:12] [INFO] [DEBUG] Starting load of ArenaManagerImpl at 1621359612998
[21-05-18 19:40:13] [INFO] ArenaManagerImpl: Loaded 7 arena(s).
[21-05-18 19:40:13] [INFO] [DEBUG] ArenaManagerImpl has been loaded. (took 9ms)
[21-05-18 19:40:13] [INFO] [DEBUG] Starting load of SettingsManager at 1621359613007
[21-05-18 19:40:13] [INFO] [DEBUG] SettingsManager has been loaded. (took 0ms)
[21-05-18 19:40:13] [INFO] [DEBUG] Starting load of PlayerInfoManager at 1621359613007
[21-05-18 19:40:13] [INFO] [DEBUG] PlayerInfoManager has been loaded. (took 1ms)
[21-05-18 19:40:13] [INFO] [DEBUG] Starting load of SpectateManagerImpl at 1621359613008
[21-05-18 19:40:13] [INFO] [DEBUG] SpectateManagerImpl has been loaded. (took 0ms)
[21-05-18 19:40:13] [INFO] [DEBUG] Starting load of BettingManager at 1621359613008
[21-05-18 19:40:13] [INFO] BettingManager: Vault was not found! Money betting feature will be automatically disabled.
[21-05-18 19:40:13] [INFO] [DEBUG] BettingManager has been loaded. (took 1ms)
[21-05-18 19:40:13] [INFO] [DEBUG] Starting load of InventoryManager at 1621359613009
[21-05-18 19:40:13] [INFO] [DEBUG] InventoryManager has been loaded. (took 0ms)
[21-05-18 19:40:13] [INFO] [DEBUG] Starting load of DuelManager at 1621359613009
[21-05-18 19:40:13] [INFO] [DEBUG] DuelManager has been loaded. (took 0ms)
[21-05-18 19:40:13] [INFO] [DEBUG] Starting load of QueueManager at 1621359613009
[21-05-18 19:40:13] [INFO] QueueManager: Loaded 7 queue(s).
[21-05-18 19:40:13] [INFO] [DEBUG] QueueManager has been loaded. (took 4ms)
[21-05-18 19:40:13] [INFO] [DEBUG] Starting load of QueueSignManagerImpl at 1621359613013
[21-05-18 19:40:13] [INFO] QueueSignManagerImpl: Loaded 6 queue sign(s).
[21-05-18 19:40:13] [INFO] [DEBUG] QueueSignManagerImpl has been loaded. (took 26ms)
[21-05-18 19:40:13] [INFO] [DEBUG] Starting load of RequestManager at 1621359613039
[21-05-18 19:40:13] [INFO] [DEBUG] RequestManager has been loaded. (took 0ms)
[21-05-18 19:40:13] [INFO] [DEBUG] Starting load of Teleport at 1621359613039
[21-05-18 19:40:13] [INFO] [DEBUG] Teleport has been loaded. (took 0ms)
[21-05-18 19:40:13] [INFO] [DEBUG] Starting load of ExtensionManager at 1621359613039
[21-05-18 19:40:13] [INFO] [DEBUG] ExtensionManager has been loaded. (took 1ms)
[21-05-18 19:40:14] [INFO] No updates were available. You are on the latest version!
[21-05-18 19:50:04] [INFO] [DEBUG] onDisable start -> 1621360204047

[21-05-18 19:50:04] [INFO] [DEBUG] Starting unload of ExtensionManager at 1621360204050
[21-05-18 19:50:04] [INFO] [DEBUG] ExtensionManager has been unloaded. (took 0ms)
[21-05-18 19:50:04] [INFO] [DEBUG] Starting unload of Teleport at 1621360204050
[21-05-18 19:50:04] [INFO] [DEBUG] Teleport has been unloaded. (took 0ms)
[21-05-18 19:50:04] [INFO] [DEBUG] Starting unload of RequestManager at 1621360204050
[21-05-18 19:50:04] [INFO] [DEBUG] RequestManager has been unloaded. (took 0ms)
[21-05-18 19:50:04] [INFO] [DEBUG] Starting unload of QueueSignManagerImpl at 1621360204050
[21-05-18 19:50:04] [INFO] [DEBUG] QueueSignManagerImpl has been unloaded. (took 1ms)
[21-05-18 19:50:04] [INFO] [DEBUG] Starting unload of QueueManager at 1621360204052
[21-05-18 19:50:04] [INFO] [DEBUG] QueueManager has been unloaded. (took 1ms)
[21-05-18 19:50:04] [INFO] [DEBUG] Starting unload of DuelManager at 1621360204053
[21-05-18 19:50:04] [INFO] [DEBUG] DuelManager has been unloaded. (took 1ms)
[21-05-18 19:50:04] [INFO] [DEBUG] Starting unload of InventoryManager at 1621360204054
[21-05-18 19:50:04] [INFO] [DEBUG] InventoryManager has been unloaded. (took 0ms)
[21-05-18 19:50:04] [INFO] [DEBUG] Starting unload of BettingManager at 1621360204054
[21-05-18 19:50:04] [INFO] [DEBUG] BettingManager has been unloaded. (took 0ms)
[21-05-18 19:50:04] [INFO] [DEBUG] Starting unload of SpectateManagerImpl at 1621360204054
[21-05-18 19:50:04] [INFO] [DEBUG] SpectateManagerImpl has been unloaded. (took 0ms)
[21-05-18 19:50:04] [INFO] [DEBUG] Starting unload of PlayerInfoManager at 1621360204054
[21-05-18 19:50:04] [INFO] [DEBUG] PlayerInfoManager has been unloaded. (took 0ms)
[21-05-18 19:50:04] [INFO] [DEBUG] Starting unload of SettingsManager at 1621360204054
[21-05-18 19:50:04] [INFO] [DEBUG] SettingsManager has been unloaded. (took 0ms)
[21-05-18 19:50:04] [INFO] [DEBUG] Starting unload of ArenaManagerImpl at 1621360204054
[21-05-18 19:50:04] [INFO] [DEBUG] ArenaManagerImpl has been unloaded. (took 1ms)
[21-05-18 19:50:04] [INFO] [DEBUG] Starting unload of KitManagerImpl at 1621360204055
[21-05-18 19:50:04] [INFO] [DEBUG] KitManagerImpl has been unloaded. (took 3ms)
[21-05-18 19:50:04] [INFO] [DEBUG] Starting unload of GuiListener at 1621360204059
[21-05-18 19:50:04] [INFO] [DEBUG] GuiListener has been unloaded. (took 0ms)
[21-05-18 19:50:04] [INFO] [DEBUG] Starting unload of UserManagerImpl at 1621360204059
[21-05-18 19:50:04] [INFO] [DEBUG] UserManagerImpl has been unloaded. (took 1ms)
[21-05-18 19:50:04] [INFO] [DEBUG] Starting unload of Lang at 1621360204060
[21-05-18 19:50:04] [INFO] [DEBUG] Lang has been unloaded. (took 0ms)
[21-05-18 19:50:04] [INFO] [DEBUG] Starting unload of Config at 1621360204060
[21-05-18 19:50:04] [INFO] [DEBUG] Config has been unloaded. (took 0ms)
[21-05-18 19:50:04] [INFO] [DEBUG] unload done (took 13ms)
[21-05-18 19:50:04] [INFO] [DEBUG] Log#clearSources done (took 0ms)
[21-05-18 19:50:24] [INFO] [DEBUG] onEnable start -> 1621360224650

[21-05-18 19:50:24] [INFO] [DEBUG] Starting load of Config at 1621360224691
[21-05-18 19:50:24] [INFO] [DEBUG] Config has been loaded. (took 11ms)
[21-05-18 19:50:24] [INFO] [DEBUG] Starting load of Lang at 1621360224702
[21-05-18 19:50:24] [INFO] [DEBUG] Lang has been loaded. (took 12ms)
[21-05-18 19:50:24] [INFO] [DEBUG] Starting load of UserManagerImpl at 1621360224714
[21-05-18 19:50:24] [INFO] [DEBUG] UserManagerImpl has been loaded. (took 1ms)
[21-05-18 19:50:24] [INFO] [DEBUG] Starting load of GuiListener at 1621360224715
[21-05-18 19:50:24] [INFO] [DEBUG] GuiListener has been loaded. (took 0ms)
[21-05-18 19:50:24] [INFO] [DEBUG] Starting load of KitManagerImpl at 1621360224715
[21-05-18 19:50:24] [INFO] KitManagerImpl: Loaded 8 kit(s).
[21-05-18 19:50:24] [INFO] [DEBUG] KitManagerImpl has been loaded. (took 147ms)
[21-05-18 19:50:24] [INFO] [DEBUG] Starting load of ArenaManagerImpl at 1621360224862
[21-05-18 19:50:24] [INFO] ArenaManagerImpl: Loaded 7 arena(s).
[21-05-18 19:50:24] [INFO] [DEBUG] ArenaManagerImpl has been loaded. (took 8ms)
[21-05-18 19:50:24] [INFO] [DEBUG] Starting load of SettingsManager at 1621360224870
[21-05-18 19:50:24] [INFO] [DEBUG] SettingsManager has been loaded. (took 0ms)
[21-05-18 19:50:24] [INFO] [DEBUG] Starting load of PlayerInfoManager at 1621360224870
[21-05-18 19:50:24] [INFO] [DEBUG] PlayerInfoManager has been loaded. (took 1ms)
[21-05-18 19:50:24] [INFO] [DEBUG] Starting load of SpectateManagerImpl at 1621360224871
[21-05-18 19:50:24] [INFO] [DEBUG] SpectateManagerImpl has been loaded. (took 0ms)
[21-05-18 19:50:24] [INFO] [DEBUG] Starting load of BettingManager at 1621360224871
[21-05-18 19:50:24] [INFO] BettingManager: Vault was not found! Money betting feature will be automatically disabled.
[21-05-18 19:50:24] [INFO] [DEBUG] BettingManager has been loaded. (took 0ms)
[21-05-18 19:50:24] [INFO] [DEBUG] Starting load of InventoryManager at 1621360224871
[21-05-18 19:50:24] [INFO] [DEBUG] InventoryManager has been loaded. (took 1ms)
[21-05-18 19:50:24] [INFO] [DEBUG] Starting load of DuelManager at 1621360224872
[21-05-18 19:50:24] [INFO] [DEBUG] DuelManager has been loaded. (took 0ms)
[21-05-18 19:50:24] [INFO] [DEBUG] Starting load of QueueManager at 1621360224872
[21-05-18 19:50:24] [INFO] QueueManager: Loaded 7 queue(s).
[21-05-18 19:50:24] [INFO] [DEBUG] QueueManager has been loaded. (took 3ms)
[21-05-18 19:50:24] [INFO] [DEBUG] Starting load of QueueSignManagerImpl at 1621360224875
[21-05-18 19:50:24] [INFO] QueueSignManagerImpl: Loaded 6 queue sign(s).
[21-05-18 19:50:24] [INFO] [DEBUG] QueueSignManagerImpl has been loaded. (took 26ms)
[21-05-18 19:50:24] [INFO] [DEBUG] Starting load of RequestManager at 1621360224901
[21-05-18 19:50:24] [INFO] [DEBUG] RequestManager has been loaded. (took 0ms)
[21-05-18 19:50:24] [INFO] [DEBUG] Starting load of Teleport at 1621360224901
[21-05-18 19:50:24] [INFO] [DEBUG] Teleport has been loaded. (took 0ms)
[21-05-18 19:50:24] [INFO] [DEBUG] Starting load of ExtensionManager at 1621360224901
[21-05-18 19:50:24] [INFO] [DEBUG] ExtensionManager has been loaded. (took 0ms)
[21-05-18 19:50:26] [INFO] No updates were available. You are on the latest version!
[21-05-18 19:51:11] [INFO] [DEBUG] onDisable start -> 1621360271002

[21-05-18 19:51:11] [INFO] [DEBUG] Starting unload of ExtensionManager at 1621360271004
[21-05-18 19:51:11] [INFO] [DEBUG] ExtensionManager has been unloaded. (took 0ms)
[21-05-18 19:51:11] [INFO] [DEBUG] Starting unload of Teleport at 1621360271004
[21-05-18 19:51:11] [INFO] [DEBUG] Teleport has been unloaded. (took 0ms)
[21-05-18 19:51:11] [INFO] [DEBUG] Starting unload of RequestManager at 1621360271004
[21-05-18 19:51:11] [INFO] [DEBUG] RequestManager has been unloaded. (took 1ms)
[21-05-18 19:51:11] [INFO] [DEBUG] Starting unload of QueueSignManagerImpl at 1621360271005
[21-05-18 19:51:11] [INFO] [DEBUG] QueueSignManagerImpl has been unloaded. (took 1ms)
[21-05-18 19:51:11] [INFO] [DEBUG] Starting unload of QueueManager at 1621360271006
[21-05-18 19:51:11] [INFO] [DEBUG] QueueManager has been unloaded. (took 1ms)
[21-05-18 19:51:11] [INFO] [DEBUG] Starting unload of DuelManager at 1621360271008
[21-05-18 19:51:11] [INFO] [DEBUG] DuelManager has been unloaded. (took 0ms)
[21-05-18 19:51:11] [INFO] [DEBUG] Starting unload of InventoryManager at 1621360271008
[21-05-18 19:51:11] [INFO] [DEBUG] InventoryManager has been unloaded. (took 0ms)
[21-05-18 19:51:11] [INFO] [DEBUG] Starting unload of BettingManager at 1621360271008
[21-05-18 19:51:11] [INFO] [DEBUG] BettingManager has been unloaded. (took 0ms)
[21-05-18 19:51:11] [INFO] [DEBUG] Starting unload of SpectateManagerImpl at 1621360271008
[21-05-18 19:51:11] [INFO] [DEBUG] SpectateManagerImpl has been unloaded. (took 1ms)
[21-05-18 19:51:11] [INFO] [DEBUG] Starting unload of PlayerInfoManager at 1621360271009
[21-05-18 19:51:11] [INFO] [DEBUG] PlayerInfoManager has been unloaded. (took 0ms)
[21-05-18 19:51:11] [INFO] [DEBUG] Starting unload of SettingsManager at 1621360271009
[21-05-18 19:51:11] [INFO] [DEBUG] SettingsManager has been unloaded. (took 0ms)
[21-05-18 19:51:11] [INFO] [DEBUG] Starting unload of ArenaManagerImpl at 1621360271009
[21-05-18 19:51:11] [INFO] [DEBUG] ArenaManagerImpl has been unloaded. (took 3ms)
[21-05-18 19:51:11] [INFO] [DEBUG] Starting unload of KitManagerImpl at 1621360271012
[21-05-18 19:51:11] [INFO] [DEBUG] KitManagerImpl has been unloaded. (took 11ms)
[21-05-18 19:51:11] [INFO] [DEBUG] Starting unload of GuiListener at 1621360271023
[21-05-18 19:51:11] [INFO] [DEBUG] GuiListener has been unloaded. (took 1ms)
[21-05-18 19:51:11] [INFO] [DEBUG] Starting unload of UserManagerImpl at 1621360271024
[21-05-18 19:51:11] [INFO] [DEBUG] UserManagerImpl has been unloaded. (took 2ms)
[21-05-18 19:51:11] [INFO] [DEBUG] Starting unload of Lang at 1621360271027
[21-05-18 19:51:11] [INFO] [DEBUG] Lang has been unloaded. (took 0ms)
[21-05-18 19:51:11] [INFO] [DEBUG] Starting unload of Config at 1621360271027
[21-05-18 19:51:11] [INFO] [DEBUG] Config has been unloaded. (took 0ms)
[21-05-18 19:51:11] [INFO] [DEBUG] unload done (took 25ms)
[21-05-18 19:51:11] [INFO] [DEBUG] Log#clearSources done (took 0ms)
[21-05-18 19:57:13] [INFO] [DEBUG] onEnable start -> 1621360633474

[21-05-18 19:57:13] [INFO] [DEBUG] Starting load of Config at 1621360633519
[21-05-18 19:57:13] [INFO] [DEBUG] Config has been loaded. (took 12ms)
[21-05-18 19:57:13] [INFO] [DEBUG] Starting load of Lang at 1621360633531
[21-05-18 19:57:13] [INFO] [DEBUG] Lang has been loaded. (took 13ms)
[21-05-18 19:57:13] [INFO] [DEBUG] Starting load of UserManagerImpl at 1621360633545
[21-05-18 19:57:13] [INFO] [DEBUG] UserManagerImpl has been loaded. (took 1ms)
[21-05-18 19:57:13] [INFO] [DEBUG] Starting load of GuiListener at 1621360633546
[21-05-18 19:57:13] [INFO] [DEBUG] GuiListener has been loaded. (took 0ms)
[21-05-18 19:57:13] [INFO] [DEBUG] Starting load of KitManagerImpl at 1621360633546
[21-05-18 19:57:13] [INFO] KitManagerImpl: Loaded 8 kit(s).
[21-05-18 19:57:13] [INFO] [DEBUG] KitManagerImpl has been loaded. (took 154ms)
[21-05-18 19:57:13] [INFO] [DEBUG] Starting load of ArenaManagerImpl at 1621360633700
[21-05-18 19:57:13] [INFO] ArenaManagerImpl: Loaded 7 arena(s).
[21-05-18 19:57:13] [INFO] [DEBUG] ArenaManagerImpl has been loaded. (took 8ms)
[21-05-18 19:57:13] [INFO] [DEBUG] Starting load of SettingsManager at 1621360633708
[21-05-18 19:57:13] [INFO] [DEBUG] SettingsManager has been loaded. (took 0ms)
[21-05-18 19:57:13] [INFO] [DEBUG] Starting load of PlayerInfoManager at 1621360633708
[21-05-18 19:57:13] [INFO] [DEBUG] PlayerInfoManager has been loaded. (took 0ms)
[21-05-18 19:57:13] [INFO] [DEBUG] Starting load of SpectateManagerImpl at 1621360633708
[21-05-18 19:57:13] [INFO] [DEBUG] SpectateManagerImpl has been loaded. (took 0ms)
[21-05-18 19:57:13] [INFO] [DEBUG] Starting load of BettingManager at 1621360633708
[21-05-18 19:57:13] [INFO] BettingManager: Vault was not found! Money betting feature will be automatically disabled.
[21-05-18 19:57:13] [INFO] [DEBUG] BettingManager has been loaded. (took 0ms)
[21-05-18 19:57:13] [INFO] [DEBUG] Starting load of InventoryManager at 1621360633708
[21-05-18 19:57:13] [INFO] [DEBUG] InventoryManager has been loaded. (took 1ms)
[21-05-18 19:57:13] [INFO] [DEBUG] Starting load of DuelManager at 1621360633709
[21-05-18 19:57:13] [INFO] [DEBUG] DuelManager has been loaded. (took 0ms)
[21-05-18 19:57:13] [INFO] [DEBUG] Starting load of QueueManager at 1621360633709
[21-05-18 19:57:13] [INFO] QueueManager: Loaded 7 queue(s).
[21-05-18 19:57:13] [INFO] [DEBUG] QueueManager has been loaded. (took 3ms)
[21-05-18 19:57:13] [INFO] [DEBUG] Starting load of QueueSignManagerImpl at 1621360633713
[21-05-18 19:57:13] [INFO] QueueSignManagerImpl: Loaded 6 queue sign(s).
[21-05-18 19:57:13] [INFO] [DEBUG] QueueSignManagerImpl has been loaded. (took 26ms)
[21-05-18 19:57:13] [INFO] [DEBUG] Starting load of RequestManager at 1621360633739
[21-05-18 19:57:13] [INFO] [DEBUG] RequestManager has been loaded. (took 0ms)
[21-05-18 19:57:13] [INFO] [DEBUG] Starting load of Teleport at 1621360633739
[21-05-18 19:57:13] [INFO] [DEBUG] Teleport has been loaded. (took 1ms)
[21-05-18 19:57:13] [INFO] [DEBUG] Starting load of ExtensionManager at 1621360633740
[21-05-18 19:57:13] [INFO] [DEBUG] ExtensionManager has been loaded. (took 0ms)
[21-05-18 19:57:14] [INFO] No updates were available. You are on the latest version!
[21-05-18 20:00:31] [INFO] [DEBUG] onDisable start -> 1621360831757

[21-05-18 20:00:31] [INFO] [DEBUG] Starting unload of ExtensionManager at 1621360831759
[21-05-18 20:00:31] [INFO] [DEBUG] ExtensionManager has been unloaded. (took 0ms)
[21-05-18 20:00:31] [INFO] [DEBUG] Starting unload of Teleport at 1621360831759
[21-05-18 20:00:31] [INFO] [DEBUG] Teleport has been unloaded. (took 0ms)
[21-05-18 20:00:31] [INFO] [DEBUG] Starting unload of RequestManager at 1621360831759
[21-05-18 20:00:31] [INFO] [DEBUG] RequestManager has been unloaded. (took 0ms)
[21-05-18 20:00:31] [INFO] [DEBUG] Starting unload of QueueSignManagerImpl at 1621360831759
[21-05-18 20:00:31] [INFO] [DEBUG] QueueSignManagerImpl has been unloaded. (took 2ms)
[21-05-18 20:00:31] [INFO] [DEBUG] Starting unload of QueueManager at 1621360831761
[21-05-18 20:00:31] [INFO] [DEBUG] QueueManager has been unloaded. (took 1ms)
[21-05-18 20:00:31] [INFO] [DEBUG] Starting unload of DuelManager at 1621360831762
[21-05-18 20:00:31] [INFO] [DEBUG] DuelManager has been unloaded. (took 0ms)
[21-05-18 20:00:31] [INFO] [DEBUG] Starting unload of InventoryManager at 1621360831763
[21-05-18 20:00:31] [INFO] [DEBUG] InventoryManager has been unloaded. (took 0ms)
[21-05-18 20:00:31] [INFO] [DEBUG] Starting unload of BettingManager at 1621360831763
[21-05-18 20:00:31] [INFO] [DEBUG] BettingManager has been unloaded. (took 0ms)
[21-05-18 20:00:31] [INFO] [DEBUG] Starting unload of SpectateManagerImpl at 1621360831763
[21-05-18 20:00:31] [INFO] [DEBUG] SpectateManagerImpl has been unloaded. (took 0ms)
[21-05-18 20:00:31] [INFO] [DEBUG] Starting unload of PlayerInfoManager at 1621360831763
[21-05-18 20:00:31] [INFO] [DEBUG] PlayerInfoManager has been unloaded. (took 0ms)
[21-05-18 20:00:31] [INFO] [DEBUG] Starting unload of SettingsManager at 1621360831763
[21-05-18 20:00:31] [INFO] [DEBUG] SettingsManager has been unloaded. (took 0ms)
[21-05-18 20:00:31] [INFO] [DEBUG] Starting unload of ArenaManagerImpl at 1621360831763
[21-05-18 20:00:31] [INFO] [DEBUG] ArenaManagerImpl has been unloaded. (took 2ms)
[21-05-18 20:00:31] [INFO] [DEBUG] Starting unload of KitManagerImpl at 1621360831765
[21-05-18 20:00:31] [INFO] [DEBUG] KitManagerImpl has been unloaded. (took 9ms)
[21-05-18 20:00:31] [INFO] [DEBUG] Starting unload of GuiListener at 1621360831774
[21-05-18 20:00:31] [INFO] [DEBUG] GuiListener has been unloaded. (took 1ms)
[21-05-18 20:00:31] [INFO] [DEBUG] Starting unload of UserManagerImpl at 1621360831775
[21-05-18 20:00:31] [INFO] [DEBUG] UserManagerImpl has been unloaded. (took 3ms)
[21-05-18 20:00:31] [INFO] [DEBUG] Starting unload of Lang at 1621360831778
[21-05-18 20:00:31] [INFO] [DEBUG] Lang has been unloaded. (took 0ms)
[21-05-18 20:00:31] [INFO] [DEBUG] Starting unload of Config at 1621360831778
[21-05-18 20:00:31] [INFO] [DEBUG] Config has been unloaded. (took 0ms)
[21-05-18 20:00:31] [INFO] [DEBUG] unload done (took 21ms)
[21-05-18 20:00:31] [INFO] [DEBUG] Log#clearSources done (took 0ms)
[21-05-18 20:01:04] [INFO] [DEBUG] onEnable start -> 1621360864636

[21-05-18 20:01:04] [INFO] [DEBUG] Starting load of Config at 1621360864683
[21-05-18 20:01:04] [INFO] [DEBUG] Config has been loaded. (took 10ms)
[21-05-18 20:01:04] [INFO] [DEBUG] Starting load of Lang at 1621360864693
[21-05-18 20:01:04] [INFO] [DEBUG] Lang has been loaded. (took 9ms)
[21-05-18 20:01:04] [INFO] [DEBUG] Starting load of UserManagerImpl at 1621360864702
[21-05-18 20:01:04] [INFO] [DEBUG] UserManagerImpl has been loaded. (took 1ms)
[21-05-18 20:01:04] [INFO] [DEBUG] Starting load of GuiListener at 1621360864703
[21-05-18 20:01:04] [INFO] [DEBUG] GuiListener has been loaded. (took 0ms)
[21-05-18 20:01:04] [INFO] [DEBUG] Starting load of KitManagerImpl at 1621360864703
[21-05-18 20:01:04] [INFO] KitManagerImpl: Loaded 8 kit(s).
[21-05-18 20:01:04] [INFO] [DEBUG] KitManagerImpl has been loaded. (took 153ms)
[21-05-18 20:01:04] [INFO] [DEBUG] Starting load of ArenaManagerImpl at 1621360864856
[21-05-18 20:01:04] [INFO] ArenaManagerImpl: Loaded 7 arena(s).
[21-05-18 20:01:04] [INFO] [DEBUG] ArenaManagerImpl has been loaded. (took 8ms)
[21-05-18 20:01:04] [INFO] [DEBUG] Starting load of SettingsManager at 1621360864864
[21-05-18 20:01:04] [INFO] [DEBUG] SettingsManager has been loaded. (took 0ms)
[21-05-18 20:01:04] [INFO] [DEBUG] Starting load of PlayerInfoManager at 1621360864864
[21-05-18 20:01:04] [INFO] [DEBUG] PlayerInfoManager has been loaded. (took 1ms)
[21-05-18 20:01:04] [INFO] [DEBUG] Starting load of SpectateManagerImpl at 1621360864865
[21-05-18 20:01:04] [INFO] [DEBUG] SpectateManagerImpl has been loaded. (took 0ms)
[21-05-18 20:01:04] [INFO] [DEBUG] Starting load of BettingManager at 1621360864865
[21-05-18 20:01:04] [INFO] BettingManager: Vault was not found! Money betting feature will be automatically disabled.
[21-05-18 20:01:04] [INFO] [DEBUG] BettingManager has been loaded. (took 0ms)
[21-05-18 20:01:04] [INFO] [DEBUG] Starting load of InventoryManager at 1621360864865
[21-05-18 20:01:04] [INFO] [DEBUG] InventoryManager has been loaded. (took 1ms)
[21-05-18 20:01:04] [INFO] [DEBUG] Starting load of DuelManager at 1621360864866
[21-05-18 20:01:04] [INFO] [DEBUG] DuelManager has been loaded. (took 0ms)
[21-05-18 20:01:04] [INFO] [DEBUG] Starting load of QueueManager at 1621360864866
[21-05-18 20:01:04] [INFO] QueueManager: Loaded 7 queue(s).
[21-05-18 20:01:04] [INFO] [DEBUG] QueueManager has been loaded. (took 3ms)
[21-05-18 20:01:04] [INFO] [DEBUG] Starting load of QueueSignManagerImpl at 1621360864869
[21-05-18 20:01:04] [INFO] QueueSignManagerImpl: Loaded 6 queue sign(s).
[21-05-18 20:01:04] [INFO] [DEBUG] QueueSignManagerImpl has been loaded. (took 28ms)
[21-05-18 20:01:04] [INFO] [DEBUG] Starting load of RequestManager at 1621360864897
[21-05-18 20:01:04] [INFO] [DEBUG] RequestManager has been loaded. (took 0ms)
[21-05-18 20:01:04] [INFO] [DEBUG] Starting load of Teleport at 1621360864897
[21-05-18 20:01:04] [INFO] [DEBUG] Teleport has been loaded. (took 0ms)
[21-05-18 20:01:04] [INFO] [DEBUG] Starting load of ExtensionManager at 1621360864897
[21-05-18 20:01:04] [INFO] [DEBUG] ExtensionManager has been loaded. (took 1ms)
[21-05-18 20:01:05] [INFO] No updates were available. You are on the latest version!
[21-05-18 20:07:47] [INFO] [DEBUG] onDisable start -> 1621361267982

[21-05-18 20:07:47] [INFO] [DEBUG] Starting unload of ExtensionManager at 1621361267983
[21-05-18 20:07:47] [INFO] [DEBUG] ExtensionManager has been unloaded. (took 1ms)
[21-05-18 20:07:47] [INFO] [DEBUG] Starting unload of Teleport at 1621361267984
[21-05-18 20:07:47] [INFO] [DEBUG] Teleport has been unloaded. (took 0ms)
[21-05-18 20:07:47] [INFO] [DEBUG] Starting unload of RequestManager at 1621361267984
[21-05-18 20:07:47] [INFO] [DEBUG] RequestManager has been unloaded. (took 0ms)
[21-05-18 20:07:47] [INFO] [DEBUG] Starting unload of QueueSignManagerImpl at 1621361267984
[21-05-18 20:07:47] [INFO] [DEBUG] QueueSignManagerImpl has been unloaded. (took 0ms)
[21-05-18 20:07:47] [INFO] [DEBUG] Starting unload of QueueManager at 1621361267984
[21-05-18 20:07:47] [INFO] [DEBUG] QueueManager has been unloaded. (took 0ms)
[21-05-18 20:07:47] [INFO] [DEBUG] Starting unload of DuelManager at 1621361267984
[21-05-18 20:07:47] [INFO] [DEBUG] DuelManager has been unloaded. (took 1ms)
[21-05-18 20:07:47] [INFO] [DEBUG] Starting unload of InventoryManager at 1621361267985
[21-05-18 20:07:47] [INFO] [DEBUG] InventoryManager has been unloaded. (took 0ms)
[21-05-18 20:07:47] [INFO] [DEBUG] Starting unload of BettingManager at 1621361267985
[21-05-18 20:07:47] [INFO] [DEBUG] BettingManager has been unloaded. (took 0ms)
[21-05-18 20:07:47] [INFO] [DEBUG] Starting unload of SpectateManagerImpl at 1621361267985
[21-05-18 20:07:47] [INFO] [DEBUG] SpectateManagerImpl has been unloaded. (took 0ms)
[21-05-18 20:07:47] [INFO] [DEBUG] Starting unload of PlayerInfoManager at 1621361267985
[21-05-18 20:07:47] [INFO] [DEBUG] PlayerInfoManager has been unloaded. (took 0ms)
[21-05-18 20:07:47] [INFO] [DEBUG] Starting unload of SettingsManager at 1621361267985
[21-05-18 20:07:47] [INFO] [DEBUG] SettingsManager has been unloaded. (took 0ms)
[21-05-18 20:07:47] [INFO] [DEBUG] Starting unload of ArenaManagerImpl at 1621361267985
[21-05-18 20:07:47] [INFO] [DEBUG] ArenaManagerImpl has been unloaded. (took 2ms)
[21-05-18 20:07:47] [INFO] [DEBUG] Starting unload of KitManagerImpl at 1621361267987
[21-05-18 20:07:47] [INFO] [DEBUG] KitManagerImpl has been unloaded. (took 4ms)
[21-05-18 20:07:47] [INFO] [DEBUG] Starting unload of GuiListener at 1621361267991
[21-05-18 20:07:47] [INFO] [DEBUG] GuiListener has been unloaded. (took 1ms)
[21-05-18 20:07:47] [INFO] [DEBUG] Starting unload of UserManagerImpl at 1621361267992
[21-05-18 20:07:47] [INFO] [DEBUG] UserManagerImpl has been unloaded. (took 2ms)
[21-05-18 20:07:47] [INFO] [DEBUG] Starting unload of Lang at 1621361267994
[21-05-18 20:07:47] [INFO] [DEBUG] Lang has been unloaded. (took 0ms)
[21-05-18 20:07:47] [INFO] [DEBUG] Starting unload of Config at 1621361267994
[21-05-18 20:07:47] [INFO] [DEBUG] Config has been unloaded. (took 0ms)
[21-05-18 20:07:47] [INFO] [DEBUG] unload done (took 12ms)
[21-05-18 20:07:47] [INFO] [DEBUG] Log#clearSources done (took 0ms)
[21-05-18 22:05:18] [INFO] [DEBUG] onEnable start -> 1621368318373

[21-05-18 22:05:18] [INFO] [DEBUG] Starting load of Config at 1621368318424
[21-05-18 22:05:18] [INFO] [DEBUG] Config has been loaded. (took 12ms)
[21-05-18 22:05:18] [INFO] [DEBUG] Starting load of Lang at 1621368318436
[21-05-18 22:05:18] [INFO] [DEBUG] Lang has been loaded. (took 12ms)
[21-05-18 22:05:18] [INFO] [DEBUG] Starting load of UserManagerImpl at 1621368318448
[21-05-18 22:05:18] [INFO] [DEBUG] UserManagerImpl has been loaded. (took 1ms)
[21-05-18 22:05:18] [INFO] [DEBUG] Starting load of GuiListener at 1621368318449
[21-05-18 22:05:18] [INFO] [DEBUG] GuiListener has been loaded. (took 0ms)
[21-05-18 22:05:18] [INFO] [DEBUG] Starting load of KitManagerImpl at 1621368318449
[21-05-18 22:05:18] [INFO] KitManagerImpl: Loaded 8 kit(s).
[21-05-18 22:05:18] [INFO] [DEBUG] KitManagerImpl has been loaded. (took 150ms)
[21-05-18 22:05:18] [INFO] [DEBUG] Starting load of ArenaManagerImpl at 1621368318600
[21-05-18 22:05:18] [INFO] ArenaManagerImpl: Loaded 7 arena(s).
[21-05-18 22:05:18] [INFO] [DEBUG] ArenaManagerImpl has been loaded. (took 10ms)
[21-05-18 22:05:18] [INFO] [DEBUG] Starting load of SettingsManager at 1621368318610
[21-05-18 22:05:18] [INFO] [DEBUG] SettingsManager has been loaded. (took 0ms)
[21-05-18 22:05:18] [INFO] [DEBUG] Starting load of PlayerInfoManager at 1621368318610
[21-05-18 22:05:18] [INFO] [DEBUG] PlayerInfoManager has been loaded. (took 1ms)
[21-05-18 22:05:18] [INFO] [DEBUG] Starting load of SpectateManagerImpl at 1621368318611
[21-05-18 22:05:18] [INFO] [DEBUG] SpectateManagerImpl has been loaded. (took 0ms)
[21-05-18 22:05:18] [INFO] [DEBUG] Starting load of BettingManager at 1621368318611
[21-05-18 22:05:18] [INFO] BettingManager: Vault was not found! Money betting feature will be automatically disabled.
[21-05-18 22:05:18] [INFO] [DEBUG] BettingManager has been loaded. (took 0ms)
[21-05-18 22:05:18] [INFO] [DEBUG] Starting load of InventoryManager at 1621368318611
[21-05-18 22:05:18] [INFO] [DEBUG] InventoryManager has been loaded. (took 1ms)
[21-05-18 22:05:18] [INFO] [DEBUG] Starting load of DuelManager at 1621368318612
[21-05-18 22:05:18] [INFO] [DEBUG] DuelManager has been loaded. (took 0ms)
[21-05-18 22:05:18] [INFO] [DEBUG] Starting load of QueueManager at 1621368318612
[21-05-18 22:05:18] [INFO] QueueManager: Loaded 7 queue(s).
[21-05-18 22:05:18] [INFO] [DEBUG] QueueManager has been loaded. (took 4ms)
[21-05-18 22:05:18] [INFO] [DEBUG] Starting load of QueueSignManagerImpl at 1621368318616
[21-05-18 22:05:18] [INFO] QueueSignManagerImpl: Loaded 6 queue sign(s).
[21-05-18 22:05:18] [INFO] [DEBUG] QueueSignManagerImpl has been loaded. (took 30ms)
[21-05-18 22:05:18] [INFO] [DEBUG] Starting load of RequestManager at 1621368318647
[21-05-18 22:05:18] [INFO] [DEBUG] RequestManager has been loaded. (took 0ms)
[21-05-18 22:05:18] [INFO] [DEBUG] Starting load of Teleport at 1621368318647
[21-05-18 22:05:18] [INFO] [DEBUG] Teleport has been loaded. (took 0ms)
[21-05-18 22:05:18] [INFO] [DEBUG] Starting load of ExtensionManager at 1621368318647
[21-05-18 22:05:18] [INFO] [DEBUG] ExtensionManager has been loaded. (took 1ms)
[21-05-18 22:05:19] [INFO] No updates were available. You are on the latest version!
[21-05-18 22:38:40] [INFO] [DEBUG] onDisable start -> 1621370320732

[21-05-18 22:38:40] [INFO] [DEBUG] Starting unload of ExtensionManager at 1621370320734
[21-05-18 22:38:40] [INFO] [DEBUG] ExtensionManager has been unloaded. (took 1ms)
[21-05-18 22:38:40] [INFO] [DEBUG] Starting unload of Teleport at 1621370320735
[21-05-18 22:38:40] [INFO] [DEBUG] Teleport has been unloaded. (took 0ms)
[21-05-18 22:38:40] [INFO] [DEBUG] Starting unload of RequestManager at 1621370320735
[21-05-18 22:38:40] [INFO] [DEBUG] RequestManager has been unloaded. (took 0ms)
[21-05-18 22:38:40] [INFO] [DEBUG] Starting unload of QueueSignManagerImpl at 1621370320735
[21-05-18 22:38:40] [INFO] [DEBUG] QueueSignManagerImpl has been unloaded. (took 1ms)
[21-05-18 22:38:40] [INFO] [DEBUG] Starting unload of QueueManager at 1621370320736
[21-05-18 22:38:40] [INFO] [DEBUG] QueueManager has been unloaded. (took 0ms)
[21-05-18 22:38:40] [INFO] [DEBUG] Starting unload of DuelManager at 1621370320736
[21-05-18 22:38:40] [INFO] [DEBUG] DuelManager has been unloaded. (took 2ms)
[21-05-18 22:38:40] [INFO] [DEBUG] Starting unload of InventoryManager at 1621370320738
[21-05-18 22:38:40] [INFO] [DEBUG] InventoryManager has been unloaded. (took 0ms)
[21-05-18 22:38:40] [INFO] [DEBUG] Starting unload of BettingManager at 1621370320738
[21-05-18 22:38:40] [INFO] [DEBUG] BettingManager has been unloaded. (took 0ms)
[21-05-18 22:38:40] [INFO] [DEBUG] Starting unload of SpectateManagerImpl at 1621370320738
[21-05-18 22:38:40] [INFO] [DEBUG] SpectateManagerImpl has been unloaded. (took 0ms)
[21-05-18 22:38:40] [INFO] [DEBUG] Starting unload of PlayerInfoManager at 1621370320738
[21-05-18 22:38:40] [INFO] [DEBUG] PlayerInfoManager has been unloaded. (took 0ms)
[21-05-18 22:38:40] [INFO] [DEBUG] Starting unload of SettingsManager at 1621370320738
[21-05-18 22:38:40] [INFO] [DEBUG] SettingsManager has been unloaded. (took 0ms)
[21-05-18 22:38:40] [INFO] [DEBUG] Starting unload of ArenaManagerImpl at 1621370320738
[21-05-18 22:38:40] [INFO] [DEBUG] ArenaManagerImpl has been unloaded. (took 1ms)
[21-05-18 22:38:40] [INFO] [DEBUG] Starting unload of KitManagerImpl at 1621370320739
[21-05-18 22:38:40] [INFO] [DEBUG] KitManagerImpl has been unloaded. (took 2ms)
[21-05-18 22:38:40] [INFO] [DEBUG] Starting unload of GuiListener at 1621370320741
[21-05-18 22:38:40] [INFO] [DEBUG] GuiListener has been unloaded. (took 2ms)
[21-05-18 22:38:40] [INFO] [DEBUG] Starting unload of UserManagerImpl at 1621370320743
[21-05-18 22:38:40] [INFO] [DEBUG] UserManagerImpl has been unloaded. (took 1ms)
[21-05-18 22:38:40] [INFO] [DEBUG] Starting unload of Lang at 1621370320744
[21-05-18 22:38:40] [INFO] [DEBUG] Lang has been unloaded. (took 0ms)
[21-05-18 22:38:40] [INFO] [DEBUG] Starting unload of Config at 1621370320744
[21-05-18 22:38:40] [INFO] [DEBUG] Config has been unloaded. (took 0ms)
[21-05-18 22:38:40] [INFO] [DEBUG] unload done (took 12ms)
[21-05-18 22:38:40] [INFO] [DEBUG] Log#clearSources done (took 0ms)
[21-05-18 22:38:56] [INFO] [DEBUG] onEnable start -> 1621370336131

[21-05-18 22:38:56] [INFO] [DEBUG] Starting load of Config at 1621370336172
[21-05-18 22:38:56] [INFO] [DEBUG] Config has been loaded. (took 10ms)
[21-05-18 22:38:56] [INFO] [DEBUG] Starting load of Lang at 1621370336182
[21-05-18 22:38:56] [INFO] [DEBUG] Lang has been loaded. (took 7ms)
[21-05-18 22:38:56] [INFO] [DEBUG] Starting load of UserManagerImpl at 1621370336189
[21-05-18 22:38:56] [INFO] [DEBUG] UserManagerImpl has been loaded. (took 1ms)
[21-05-18 22:38:56] [INFO] [DEBUG] Starting load of GuiListener at 1621370336190
[21-05-18 22:38:56] [INFO] [DEBUG] GuiListener has been loaded. (took 0ms)
[21-05-18 22:38:56] [INFO] [DEBUG] Starting load of KitManagerImpl at 1621370336190
[21-05-18 22:38:56] [INFO] KitManagerImpl: Loaded 8 kit(s).
[21-05-18 22:38:56] [INFO] [DEBUG] KitManagerImpl has been loaded. (took 133ms)
[21-05-18 22:38:56] [INFO] [DEBUG] Starting load of ArenaManagerImpl at 1621370336323
[21-05-18 22:38:56] [INFO] ArenaManagerImpl: Loaded 7 arena(s).
[21-05-18 22:38:56] [INFO] [DEBUG] ArenaManagerImpl has been loaded. (took 8ms)
[21-05-18 22:38:56] [INFO] [DEBUG] Starting load of SettingsManager at 1621370336331
[21-05-18 22:38:56] [INFO] [DEBUG] SettingsManager has been loaded. (took 0ms)
[21-05-18 22:38:56] [INFO] [DEBUG] Starting load of PlayerInfoManager at 1621370336331
[21-05-18 22:38:56] [INFO] [DEBUG] PlayerInfoManager has been loaded. (took 0ms)
[21-05-18 22:38:56] [INFO] [DEBUG] Starting load of SpectateManagerImpl at 1621370336331
[21-05-18 22:38:56] [INFO] [DEBUG] SpectateManagerImpl has been loaded. (took 0ms)
[21-05-18 22:38:56] [INFO] [DEBUG] Starting load of BettingManager at 1621370336331
[21-05-18 22:38:56] [INFO] BettingManager: Vault was not found! Money betting feature will be automatically disabled.
[21-05-18 22:38:56] [INFO] [DEBUG] BettingManager has been loaded. (took 0ms)
[21-05-18 22:38:56] [INFO] [DEBUG] Starting load of InventoryManager at 1621370336331
[21-05-18 22:38:56] [INFO] [DEBUG] InventoryManager has been loaded. (took 1ms)
[21-05-18 22:38:56] [INFO] [DEBUG] Starting load of DuelManager at 1621370336332
[21-05-18 22:38:56] [INFO] [DEBUG] DuelManager has been loaded. (took 0ms)
[21-05-18 22:38:56] [INFO] [DEBUG] Starting load of QueueManager at 1621370336332
[21-05-18 22:38:56] [INFO] QueueManager: Loaded 7 queue(s).
[21-05-18 22:38:56] [INFO] [DEBUG] QueueManager has been loaded. (took 3ms)
[21-05-18 22:38:56] [INFO] [DEBUG] Starting load of QueueSignManagerImpl at 1621370336335
[21-05-18 22:38:56] [INFO] QueueSignManagerImpl: Loaded 6 queue sign(s).
[21-05-18 22:38:56] [INFO] [DEBUG] QueueSignManagerImpl has been loaded. (took 23ms)
[21-05-18 22:38:56] [INFO] [DEBUG] Starting load of RequestManager at 1621370336358
[21-05-18 22:38:56] [INFO] [DEBUG] RequestManager has been loaded. (took 0ms)
[21-05-18 22:38:56] [INFO] [DEBUG] Starting load of Teleport at 1621370336358
[21-05-18 22:38:56] [INFO] [DEBUG] Teleport has been loaded. (took 1ms)
[21-05-18 22:38:56] [INFO] [DEBUG] Starting load of ExtensionManager at 1621370336359
[21-05-18 22:38:56] [INFO] [DEBUG] ExtensionManager has been loaded. (took 1ms)
[21-05-18 22:38:57] [INFO] No updates were available. You are on the latest version!
[21-05-18 23:25:58] [INFO] [DEBUG] onDisable start -> 1621373158770

[21-05-18 23:25:58] [INFO] [DEBUG] Starting unload of ExtensionManager at 1621373158773
[21-05-18 23:25:58] [INFO] [DEBUG] ExtensionManager has been unloaded. (took 0ms)
[21-05-18 23:25:58] [INFO] [DEBUG] Starting unload of Teleport at 1621373158773
[21-05-18 23:25:58] [INFO] [DEBUG] Teleport has been unloaded. (took 0ms)
[21-05-18 23:25:58] [INFO] [DEBUG] Starting unload of RequestManager at 1621373158773
[21-05-18 23:25:58] [INFO] [DEBUG] RequestManager has been unloaded. (took 0ms)
[21-05-18 23:25:58] [INFO] [DEBUG] Starting unload of QueueSignManagerImpl at 1621373158773
[21-05-18 23:25:58] [INFO] [DEBUG] QueueSignManagerImpl has been unloaded. (took 1ms)
[21-05-18 23:25:58] [INFO] [DEBUG] Starting unload of QueueManager at 1621373158774
[21-05-18 23:25:58] [INFO] [DEBUG] QueueManager has been unloaded. (took 2ms)
[21-05-18 23:25:58] [INFO] [DEBUG] Starting unload of DuelManager at 1621373158776
[21-05-18 23:25:58] [INFO] [DEBUG] DuelManager has been unloaded. (took 1ms)
[21-05-18 23:25:58] [INFO] [DEBUG] Starting unload of InventoryManager at 1621373158777
[21-05-18 23:25:58] [INFO] [DEBUG] InventoryManager has been unloaded. (took 0ms)
[21-05-18 23:25:58] [INFO] [DEBUG] Starting unload of BettingManager at 1621373158777
[21-05-18 23:25:58] [INFO] [DEBUG] BettingManager has been unloaded. (took 0ms)
[21-05-18 23:25:58] [INFO] [DEBUG] Starting unload of SpectateManagerImpl at 1621373158777
[21-05-18 23:25:58] [INFO] [DEBUG] SpectateManagerImpl has been unloaded. (took 0ms)
[21-05-18 23:25:58] [INFO] [DEBUG] Starting unload of PlayerInfoManager at 1621373158777
[21-05-18 23:25:58] [INFO] [DEBUG] PlayerInfoManager has been unloaded. (took 0ms)
[21-05-18 23:25:58] [INFO] [DEBUG] Starting unload of SettingsManager at 1621373158777
[21-05-18 23:25:58] [INFO] [DEBUG] SettingsManager has been unloaded. (took 0ms)
[21-05-18 23:25:58] [INFO] [DEBUG] Starting unload of ArenaManagerImpl at 1621373158777
[21-05-18 23:25:58] [INFO] [DEBUG] ArenaManagerImpl has been unloaded. (took 1ms)
[21-05-18 23:25:58] [INFO] [DEBUG] Starting unload of KitManagerImpl at 1621373158778
[21-05-18 23:25:58] [INFO] [DEBUG] KitManagerImpl has been unloaded. (took 2ms)
[21-05-18 23:25:58] [INFO] [DEBUG] Starting unload of GuiListener at 1621373158780
[21-05-18 23:25:58] [INFO] [DEBUG] GuiListener has been unloaded. (took 1ms)
[21-05-18 23:25:58] [INFO] [DEBUG] Starting unload of UserManagerImpl at 1621373158781
[21-05-18 23:25:58] [INFO] [DEBUG] UserManagerImpl has been unloaded. (took 1ms)
[21-05-18 23:25:58] [INFO] [DEBUG] Starting unload of Lang at 1621373158782
[21-05-18 23:25:58] [INFO] [DEBUG] Lang has been unloaded. (took 0ms)
[21-05-18 23:25:58] [INFO] [DEBUG] Starting unload of Config at 1621373158782
[21-05-18 23:25:58] [INFO] [DEBUG] Config has been unloaded. (took 0ms)
[21-05-18 23:25:58] [INFO] [DEBUG] unload done (took 12ms)
[21-05-18 23:25:58] [INFO] [DEBUG] Log#clearSources done (took 0ms)
[21-05-18 23:27:12] [INFO] [DEBUG] onEnable start -> 1621373232324

[21-05-18 23:27:12] [INFO] [DEBUG] Starting load of Config at 1621373232365
[21-05-18 23:27:12] [INFO] [DEBUG] Config has been loaded. (took 9ms)
[21-05-18 23:27:12] [INFO] [DEBUG] Starting load of Lang at 1621373232374
[21-05-18 23:27:12] [INFO] [DEBUG] Lang has been loaded. (took 9ms)
[21-05-18 23:27:12] [INFO] [DEBUG] Starting load of UserManagerImpl at 1621373232383
[21-05-18 23:27:12] [INFO] [DEBUG] UserManagerImpl has been loaded. (took 0ms)
[21-05-18 23:27:12] [INFO] [DEBUG] Starting load of GuiListener at 1621373232383
[21-05-18 23:27:12] [INFO] [DEBUG] GuiListener has been loaded. (took 0ms)
[21-05-18 23:27:12] [INFO] [DEBUG] Starting load of KitManagerImpl at 1621373232383
[21-05-18 23:27:12] [INFO] KitManagerImpl: Loaded 8 kit(s).
[21-05-18 23:27:12] [INFO] [DEBUG] KitManagerImpl has been loaded. (took 137ms)
[21-05-18 23:27:12] [INFO] [DEBUG] Starting load of ArenaManagerImpl at 1621373232520
[21-05-18 23:27:12] [INFO] ArenaManagerImpl: Loaded 7 arena(s).
[21-05-18 23:27:12] [INFO] [DEBUG] ArenaManagerImpl has been loaded. (took 8ms)
[21-05-18 23:27:12] [INFO] [DEBUG] Starting load of SettingsManager at 1621373232528
[21-05-18 23:27:12] [INFO] [DEBUG] SettingsManager has been loaded. (took 0ms)
[21-05-18 23:27:12] [INFO] [DEBUG] Starting load of PlayerInfoManager at 1621373232528
[21-05-18 23:27:12] [INFO] [DEBUG] PlayerInfoManager has been loaded. (took 1ms)
[21-05-18 23:27:12] [INFO] [DEBUG] Starting load of SpectateManagerImpl at 1621373232529
[21-05-18 23:27:12] [INFO] [DEBUG] SpectateManagerImpl has been loaded. (took 0ms)
[21-05-18 23:27:12] [INFO] [DEBUG] Starting load of BettingManager at 1621373232529
[21-05-18 23:27:12] [INFO] BettingManager: Vault was not found! Money betting feature will be automatically disabled.
[21-05-18 23:27:12] [INFO] [DEBUG] BettingManager has been loaded. (took 0ms)
[21-05-18 23:27:12] [INFO] [DEBUG] Starting load of InventoryManager at 1621373232529
[21-05-18 23:27:12] [INFO] [DEBUG] InventoryManager has been loaded. (took 0ms)
[21-05-18 23:27:12] [INFO] [DEBUG] Starting load of DuelManager at 1621373232529
[21-05-18 23:27:12] [INFO] [DEBUG] DuelManager has been loaded. (took 0ms)
[21-05-18 23:27:12] [INFO] [DEBUG] Starting load of QueueManager at 1621373232529
[21-05-18 23:27:12] [INFO] QueueManager: Loaded 7 queue(s).
[21-05-18 23:27:12] [INFO] [DEBUG] QueueManager has been loaded. (took 3ms)
[21-05-18 23:27:12] [INFO] [DEBUG] Starting load of QueueSignManagerImpl at 1621373232532
[21-05-18 23:27:12] [INFO] QueueSignManagerImpl: Loaded 6 queue sign(s).
[21-05-18 23:27:12] [INFO] [DEBUG] QueueSignManagerImpl has been loaded. (took 26ms)
[21-05-18 23:27:12] [INFO] [DEBUG] Starting load of RequestManager at 1621373232558
[21-05-18 23:27:12] [INFO] [DEBUG] RequestManager has been loaded. (took 0ms)
[21-05-18 23:27:12] [INFO] [DEBUG] Starting load of Teleport at 1621373232558
[21-05-18 23:27:12] [INFO] [DEBUG] Teleport has been loaded. (took 0ms)
[21-05-18 23:27:12] [INFO] [DEBUG] Starting load of ExtensionManager at 1621373232559
[21-05-18 23:27:12] [INFO] [DEBUG] ExtensionManager has been loaded. (took 0ms)
[21-05-18 23:27:14] [INFO] No updates were available. You are on the latest version!
[21-05-18 23:31:19] [INFO] [DEBUG] onDisable start -> 1621373479907

[21-05-18 23:31:19] [INFO] [DEBUG] Starting unload of ExtensionManager at 1621373479910
[21-05-18 23:31:19] [INFO] [DEBUG] ExtensionManager has been unloaded. (took 0ms)
[21-05-18 23:31:19] [INFO] [DEBUG] Starting unload of Teleport at 1621373479910
[21-05-18 23:31:19] [INFO] [DEBUG] Teleport has been unloaded. (took 0ms)
[21-05-18 23:31:19] [INFO] [DEBUG] Starting unload of RequestManager at 1621373479910
[21-05-18 23:31:19] [INFO] [DEBUG] RequestManager has been unloaded. (took 0ms)
[21-05-18 23:31:19] [INFO] [DEBUG] Starting unload of QueueSignManagerImpl at 1621373479910
[21-05-18 23:31:19] [INFO] [DEBUG] QueueSignManagerImpl has been unloaded. (took 3ms)
[21-05-18 23:31:19] [INFO] [DEBUG] Starting unload of QueueManager at 1621373479913
[21-05-18 23:31:19] [INFO] [DEBUG] QueueManager has been unloaded. (took 1ms)
[21-05-18 23:31:19] [INFO] [DEBUG] Starting unload of DuelManager at 1621373479914
[21-05-18 23:31:19] [INFO] [DEBUG] DuelManager has been unloaded. (took 1ms)
[21-05-18 23:31:19] [INFO] [DEBUG] Starting unload of InventoryManager at 1621373479916
[21-05-18 23:31:19] [INFO] [DEBUG] InventoryManager has been unloaded. (took 0ms)
[21-05-18 23:31:19] [INFO] [DEBUG] Starting unload of BettingManager at 1621373479916
[21-05-18 23:31:19] [INFO] [DEBUG] BettingManager has been unloaded. (took 0ms)
[21-05-18 23:31:19] [INFO] [DEBUG] Starting unload of SpectateManagerImpl at 1621373479916
[21-05-18 23:31:19] [INFO] [DEBUG] SpectateManagerImpl has been unloaded. (took 0ms)
[21-05-18 23:31:19] [INFO] [DEBUG] Starting unload of PlayerInfoManager at 1621373479916
[21-05-18 23:31:19] [INFO] [DEBUG] PlayerInfoManager has been unloaded. (took 0ms)
[21-05-18 23:31:19] [INFO] [DEBUG] Starting unload of SettingsManager at 1621373479916
[21-05-18 23:31:19] [INFO] [DEBUG] SettingsManager has been unloaded. (took 0ms)
[21-05-18 23:31:19] [INFO] [DEBUG] Starting unload of ArenaManagerImpl at 1621373479916
[21-05-18 23:31:19] [INFO] [DEBUG] ArenaManagerImpl has been unloaded. (took 3ms)
[21-05-18 23:31:19] [INFO] [DEBUG] Starting unload of KitManagerImpl at 1621373479919
[21-05-18 23:31:19] [INFO] [DEBUG] KitManagerImpl has been unloaded. (took 9ms)
[21-05-18 23:31:19] [INFO] [DEBUG] Starting unload of GuiListener at 1621373479928
[21-05-18 23:31:19] [INFO] [DEBUG] GuiListener has been unloaded. (took 2ms)
[21-05-18 23:31:19] [INFO] [DEBUG] Starting unload of UserManagerImpl at 1621373479930
[21-05-18 23:31:19] [INFO] [DEBUG] UserManagerImpl has been unloaded. (took 1ms)
[21-05-18 23:31:19] [INFO] [DEBUG] Starting unload of Lang at 1621373479932
[21-05-18 23:31:19] [INFO] [DEBUG] Lang has been unloaded. (took 0ms)
[21-05-18 23:31:19] [INFO] [DEBUG] Starting unload of Config at 1621373479932
[21-05-18 23:31:19] [INFO] [DEBUG] Config has been unloaded. (took 0ms)
[21-05-18 23:31:19] [INFO] [DEBUG] unload done (took 25ms)
[21-05-18 23:31:19] [INFO] [DEBUG] Log#clearSources done (took 0ms)
[21-05-18 23:31:36] [INFO] [DEBUG] onEnable start -> 1621373496102

[21-05-18 23:31:36] [INFO] [DEBUG] Starting load of Config at 1621373496149
[21-05-18 23:31:36] [INFO] [DEBUG] Config has been loaded. (took 10ms)
[21-05-18 23:31:36] [INFO] [DEBUG] Starting load of Lang at 1621373496159
[21-05-18 23:31:36] [INFO] [DEBUG] Lang has been loaded. (took 8ms)
[21-05-18 23:31:36] [INFO] [DEBUG] Starting load of UserManagerImpl at 1621373496167
[21-05-18 23:31:36] [INFO] [DEBUG] UserManagerImpl has been loaded. (took 1ms)
[21-05-18 23:31:36] [INFO] [DEBUG] Starting load of GuiListener at 1621373496168
[21-05-18 23:31:36] [INFO] [DEBUG] GuiListener has been loaded. (took 0ms)
[21-05-18 23:31:36] [INFO] [DEBUG] Starting load of KitManagerImpl at 1621373496168
[21-05-18 23:31:36] [INFO] KitManagerImpl: Loaded 8 kit(s).
[21-05-18 23:31:36] [INFO] [DEBUG] KitManagerImpl has been loaded. (took 136ms)
[21-05-18 23:31:36] [INFO] [DEBUG] Starting load of ArenaManagerImpl at 1621373496304
[21-05-18 23:31:36] [INFO] ArenaManagerImpl: Loaded 7 arena(s).
[21-05-18 23:31:36] [INFO] [DEBUG] ArenaManagerImpl has been loaded. (took 8ms)
[21-05-18 23:31:36] [INFO] [DEBUG] Starting load of SettingsManager at 1621373496312
[21-05-18 23:31:36] [INFO] [DEBUG] SettingsManager has been loaded. (took 0ms)
[21-05-18 23:31:36] [INFO] [DEBUG] Starting load of PlayerInfoManager at 1621373496312
[21-05-18 23:31:36] [INFO] [DEBUG] PlayerInfoManager has been loaded. (took 1ms)
[21-05-18 23:31:36] [INFO] [DEBUG] Starting load of SpectateManagerImpl at 1621373496313
[21-05-18 23:31:36] [INFO] [DEBUG] SpectateManagerImpl has been loaded. (took 0ms)
[21-05-18 23:31:36] [INFO] [DEBUG] Starting load of BettingManager at 1621373496313
[21-05-18 23:31:36] [INFO] BettingManager: Vault was not found! Money betting feature will be automatically disabled.
[21-05-18 23:31:36] [INFO] [DEBUG] BettingManager has been loaded. (took 0ms)
[21-05-18 23:31:36] [INFO] [DEBUG] Starting load of InventoryManager at 1621373496313
[21-05-18 23:31:36] [INFO] [DEBUG] InventoryManager has been loaded. (took 1ms)
[21-05-18 23:31:36] [INFO] [DEBUG] Starting load of DuelManager at 1621373496314
[21-05-18 23:31:36] [INFO] [DEBUG] DuelManager has been loaded. (took 0ms)
[21-05-18 23:31:36] [INFO] [DEBUG] Starting load of QueueManager at 1621373496314
[21-05-18 23:31:36] [INFO] QueueManager: Loaded 7 queue(s).
[21-05-18 23:31:36] [INFO] [DEBUG] QueueManager has been loaded. (took 3ms)
[21-05-18 23:31:36] [INFO] [DEBUG] Starting load of QueueSignManagerImpl at 1621373496317
[21-05-18 23:31:36] [INFO] QueueSignManagerImpl: Loaded 6 queue sign(s).
[21-05-18 23:31:36] [INFO] [DEBUG] QueueSignManagerImpl has been loaded. (took 24ms)
[21-05-18 23:31:36] [INFO] [DEBUG] Starting load of RequestManager at 1621373496341
[21-05-18 23:31:36] [INFO] [DEBUG] RequestManager has been loaded. (took 0ms)
[21-05-18 23:31:36] [INFO] [DEBUG] Starting load of Teleport at 1621373496341
[21-05-18 23:31:36] [INFO] [DEBUG] Teleport has been loaded. (took 1ms)
[21-05-18 23:31:36] [INFO] [DEBUG] Starting load of ExtensionManager at 1621373496342
[21-05-18 23:31:36] [INFO] [DEBUG] ExtensionManager has been loaded. (took 0ms)
[21-05-18 23:31:36] [INFO] No updates were available. You are on the latest version!
[21-05-18 23:44:57] [INFO] [DEBUG] onDisable start -> 1621374297279

[21-05-18 23:44:57] [INFO] [DEBUG] Starting unload of ExtensionManager at 1621374297281
[21-05-18 23:44:57] [INFO] [DEBUG] ExtensionManager has been unloaded. (took 2ms)
[21-05-18 23:44:57] [INFO] [DEBUG] Starting unload of Teleport at 1621374297283
[21-05-18 23:44:57] [INFO] [DEBUG] Teleport has been unloaded. (took 0ms)
[21-05-18 23:44:57] [INFO] [DEBUG] Starting unload of RequestManager at 1621374297283
[21-05-18 23:44:57] [INFO] [DEBUG] RequestManager has been unloaded. (took 0ms)
[21-05-18 23:44:57] [INFO] [DEBUG] Starting unload of QueueSignManagerImpl at 1621374297283
[21-05-18 23:44:57] [INFO] [DEBUG] QueueSignManagerImpl has been unloaded. (took 1ms)
[21-05-18 23:44:57] [INFO] [DEBUG] Starting unload of QueueManager at 1621374297284
[21-05-18 23:44:57] [INFO] [DEBUG] QueueManager has been unloaded. (took 1ms)
[21-05-18 23:44:57] [INFO] [DEBUG] Starting unload of DuelManager at 1621374297285
[21-05-18 23:44:57] [INFO] [DEBUG] DuelManager has been unloaded. (took 1ms)
[21-05-18 23:44:57] [INFO] [DEBUG] Starting unload of InventoryManager at 1621374297286
[21-05-18 23:44:57] [INFO] [DEBUG] InventoryManager has been unloaded. (took 0ms)
[21-05-18 23:44:57] [INFO] [DEBUG] Starting unload of BettingManager at 1621374297286
[21-05-18 23:44:57] [INFO] [DEBUG] BettingManager has been unloaded. (took 0ms)
[21-05-18 23:44:57] [INFO] [DEBUG] Starting unload of SpectateManagerImpl at 1621374297286
[21-05-18 23:44:57] [INFO] [DEBUG] SpectateManagerImpl has been unloaded. (took 0ms)
[21-05-18 23:44:57] [INFO] [DEBUG] Starting unload of PlayerInfoManager at 1621374297286
[21-05-18 23:44:57] [INFO] [DEBUG] PlayerInfoManager has been unloaded. (took 1ms)
[21-05-18 23:44:57] [INFO] [DEBUG] Starting unload of SettingsManager at 1621374297287
[21-05-18 23:44:57] [INFO] [DEBUG] SettingsManager has been unloaded. (took 0ms)
[21-05-18 23:44:57] [INFO] [DEBUG] Starting unload of ArenaManagerImpl at 1621374297287
[21-05-18 23:44:57] [INFO] [DEBUG] ArenaManagerImpl has been unloaded. (took 1ms)
[21-05-18 23:44:57] [INFO] [DEBUG] Starting unload of KitManagerImpl at 1621374297288
[21-05-18 23:44:57] [INFO] [DEBUG] KitManagerImpl has been unloaded. (took 4ms)
[21-05-18 23:44:57] [INFO] [DEBUG] Starting unload of GuiListener at 1621374297292
[21-05-18 23:44:57] [INFO] [DEBUG] GuiListener has been unloaded. (took 1ms)
[21-05-18 23:44:57] [INFO] [DEBUG] Starting unload of UserManagerImpl at 1621374297293
[21-05-18 23:44:57] [INFO] [DEBUG] UserManagerImpl has been unloaded. (took 2ms)
[21-05-18 23:44:57] [INFO] [DEBUG] Starting unload of Lang at 1621374297296
[21-05-18 23:44:57] [INFO] [DEBUG] Lang has been unloaded. (took 0ms)
[21-05-18 23:44:57] [INFO] [DEBUG] Starting unload of Config at 1621374297296
[21-05-18 23:44:57] [INFO] [DEBUG] Config has been unloaded. (took 0ms)
[21-05-18 23:44:57] [INFO] [DEBUG] unload done (took 17ms)
[21-05-18 23:44:57] [INFO] [DEBUG] Log#clearSources done (took 0ms)
