[21-10-28 17:35:57] [INFO] [DEBUG] onEnable start -> 1635438957830

[21-10-28 17:35:57] [INFO] [DEBUG] Starting load of Config at 1635438957885
[21-10-28 17:35:57] [INFO] [DEBUG] Config has been loaded. (took 9ms)
[21-10-28 17:35:57] [INFO] [DEBUG] Starting load of Lang at 1635438957894
[21-10-28 17:35:57] [INFO] [DEBUG] Lang has been loaded. (took 12ms)
[21-10-28 17:35:57] [INFO] [DEBUG] Starting load of UserManagerImpl at 1635438957906
[21-10-28 17:35:57] [INFO] [DEBUG] UserManagerImpl has been loaded. (took 0ms)
[21-10-28 17:35:57] [INFO] [DEBUG] Starting load of GuiListener at 1635438957906
[21-10-28 17:35:57] [INFO] [DEBUG] GuiListener has been loaded. (took 2ms)
[21-10-28 17:35:57] [INFO] [DEBUG] Starting load of KitManagerImpl at 1635438957909
[21-10-28 17:35:58] [INFO] KitManagerImpl: Loaded 10 kit(s).
[21-10-28 17:35:58] [INFO] [DEBUG] KitManagerImpl has been loaded. (took 122ms)
[21-10-28 17:35:58] [INFO] [DEBUG] Starting load of ArenaManagerImpl at 1635438958031
[21-10-28 17:35:58] [INFO] ArenaManagerImpl: Loaded 8 arena(s).
[21-10-28 17:35:58] [INFO] [DEBUG] ArenaManagerImpl has been loaded. (took 9ms)
[21-10-28 17:35:58] [INFO] [DEBUG] Starting load of SettingsManager at 1635438958040
[21-10-28 17:35:58] [INFO] [DEBUG] SettingsManager has been loaded. (took 0ms)
[21-10-28 17:35:58] [INFO] [DEBUG] Starting load of PlayerInfoManager at 1635438958040
[21-10-28 17:35:58] [INFO] [DEBUG] PlayerInfoManager has been loaded. (took 1ms)
[21-10-28 17:35:58] [INFO] [DEBUG] Starting load of SpectateManagerImpl at 1635438958041
[21-10-28 17:35:58] [INFO] [DEBUG] SpectateManagerImpl has been loaded. (took 0ms)
[21-10-28 17:35:58] [INFO] [DEBUG] Starting load of BettingManager at 1635438958041
[21-10-28 17:35:58] [INFO] BettingManager: Vault was not found! Money betting feature will be automatically disabled.
[21-10-28 17:35:58] [INFO] [DEBUG] BettingManager has been loaded. (took 0ms)
[21-10-28 17:35:58] [INFO] [DEBUG] Starting load of InventoryManager at 1635438958041
[21-10-28 17:35:58] [INFO] [DEBUG] InventoryManager has been loaded. (took 0ms)
[21-10-28 17:35:58] [INFO] [DEBUG] Starting load of DuelManager at 1635438958041
[21-10-28 17:35:58] [INFO] [DEBUG] DuelManager has been loaded. (took 0ms)
[21-10-28 17:35:58] [INFO] [DEBUG] Starting load of QueueManager at 1635438958041
[21-10-28 17:35:58] [INFO] QueueManager: Loaded 9 queue(s).
[21-10-28 17:35:58] [INFO] [DEBUG] QueueManager has been loaded. (took 4ms)
[21-10-28 17:35:58] [INFO] [DEBUG] Starting load of QueueSignManagerImpl at 1635438958045
[21-10-28 17:35:58] [INFO] QueueSignManagerImpl: Loaded 7 queue sign(s).
[21-10-28 17:35:58] [INFO] [DEBUG] QueueSignManagerImpl has been loaded. (took 24ms)
[21-10-28 17:35:58] [INFO] [DEBUG] Starting load of RequestManager at 1635438958069
[21-10-28 17:35:58] [INFO] [DEBUG] RequestManager has been loaded. (took 0ms)
[21-10-28 17:35:58] [INFO] [DEBUG] Starting load of Teleport at 1635438958069
[21-10-28 17:35:58] [INFO] [DEBUG] Teleport has been loaded. (took 1ms)
[21-10-28 17:35:58] [INFO] [DEBUG] Starting load of ExtensionManager at 1635438958070
[21-10-28 17:35:58] [INFO] [DEBUG] ExtensionManager has been loaded. (took 0ms)
