[21-06-18 16:29:37] [INFO] [DEBUG] onEnable start -> 1624026577877

[21-06-18 16:29:38] [INFO] [DEBUG] Starting load of Config at 1624026578509
[21-06-18 16:29:38] [INFO] [DEBUG] Config has been loaded. (took 11ms)
[21-06-18 16:29:38] [INFO] [DEBUG] Starting load of Lang at 1624026578520
[21-06-18 16:29:38] [INFO] [DEBUG] Lang has been loaded. (took 12ms)
[21-06-18 16:29:38] [INFO] [DEBUG] Starting load of UserManagerImpl at 1624026578532
[21-06-18 16:29:38] [INFO] [DEBUG] UserManagerImpl has been loaded. (took 0ms)
[21-06-18 16:29:38] [INFO] [DEBUG] Starting load of GuiListener at 1624026578532
[21-06-18 16:29:38] [INFO] [DEBUG] GuiListener has been loaded. (took 0ms)
[21-06-18 16:29:38] [INFO] [DEBUG] Starting load of KitManagerImpl at 1624026578533
[21-06-18 16:29:38] [INFO] KitManagerImpl: Loaded 10 kit(s).
[21-06-18 16:29:38] [INFO] [DEBUG] KitManagerImpl has been loaded. (took 181ms)
[21-06-18 16:29:38] [INFO] [DEBUG] Starting load of ArenaManagerImpl at 1624026578714
[21-06-18 16:29:38] [INFO] ArenaManagerImpl: Loaded 8 arena(s).
[21-06-18 16:29:38] [INFO] [DEBUG] ArenaManagerImpl has been loaded. (took 13ms)
[21-06-18 16:29:38] [INFO] [DEBUG] Starting load of SettingsManager at 1624026578727
[21-06-18 16:29:38] [INFO] [DEBUG] SettingsManager has been loaded. (took 0ms)
[21-06-18 16:29:38] [INFO] [DEBUG] Starting load of PlayerInfoManager at 1624026578727
[21-06-18 16:29:38] [INFO] [DEBUG] PlayerInfoManager has been loaded. (took 1ms)
[21-06-18 16:29:38] [INFO] [DEBUG] Starting load of SpectateManagerImpl at 1624026578728
[21-06-18 16:29:38] [INFO] [DEBUG] SpectateManagerImpl has been loaded. (took 1ms)
[21-06-18 16:29:38] [INFO] [DEBUG] Starting load of BettingManager at 1624026578729
[21-06-18 16:29:38] [INFO] BettingManager: Vault was not found! Money betting feature will be automatically disabled.
[21-06-18 16:29:38] [INFO] [DEBUG] BettingManager has been loaded. (took 0ms)
[21-06-18 16:29:38] [INFO] [DEBUG] Starting load of InventoryManager at 1624026578729
[21-06-18 16:29:38] [INFO] [DEBUG] InventoryManager has been loaded. (took 0ms)
[21-06-18 16:29:38] [INFO] [DEBUG] Starting load of DuelManager at 1624026578729
[21-06-18 16:29:38] [INFO] [DEBUG] DuelManager has been loaded. (took 0ms)
[21-06-18 16:29:38] [INFO] [DEBUG] Starting load of QueueManager at 1624026578729
[21-06-18 16:29:38] [INFO] QueueManager: Loaded 9 queue(s).
[21-06-18 16:29:38] [INFO] [DEBUG] QueueManager has been loaded. (took 4ms)
[21-06-18 16:29:38] [INFO] [DEBUG] Starting load of QueueSignManagerImpl at 1624026578733
[21-06-18 16:29:38] [INFO] QueueSignManagerImpl: Loaded 7 queue sign(s).
[21-06-18 16:29:38] [INFO] [DEBUG] QueueSignManagerImpl has been loaded. (took 33ms)
[21-06-18 16:29:38] [INFO] [DEBUG] Starting load of RequestManager at 1624026578766
[21-06-18 16:29:38] [INFO] [DEBUG] RequestManager has been loaded. (took 0ms)
[21-06-18 16:29:38] [INFO] [DEBUG] Starting load of Teleport at 1624026578766
[21-06-18 16:29:38] [INFO] [DEBUG] Teleport has been loaded. (took 0ms)
[21-06-18 16:29:38] [INFO] [DEBUG] Starting load of ExtensionManager at 1624026578767
[21-06-18 16:29:38] [INFO] [DEBUG] ExtensionManager has been loaded. (took 0ms)
[21-06-18 16:29:40] [INFO] No updates were available. You are on the latest version!
[21-06-18 16:55:00] [INFO] [DEBUG] onDisable start -> 1624028100247

[21-06-18 16:55:00] [INFO] [DEBUG] Starting unload of ExtensionManager at 1624028100250
[21-06-18 16:55:00] [INFO] [DEBUG] ExtensionManager has been unloaded. (took 0ms)
[21-06-18 16:55:00] [INFO] [DEBUG] Starting unload of Teleport at 1624028100250
[21-06-18 16:55:00] [INFO] [DEBUG] Teleport has been unloaded. (took 0ms)
[21-06-18 16:55:00] [INFO] [DEBUG] Starting unload of RequestManager at 1624028100250
[21-06-18 16:55:00] [INFO] [DEBUG] RequestManager has been unloaded. (took 0ms)
[21-06-18 16:55:00] [INFO] [DEBUG] Starting unload of QueueSignManagerImpl at 1624028100250
[21-06-18 16:55:00] [INFO] [DEBUG] QueueSignManagerImpl has been unloaded. (took 4ms)
[21-06-18 16:55:00] [INFO] [DEBUG] Starting unload of QueueManager at 1624028100254
[21-06-18 16:55:00] [INFO] [DEBUG] QueueManager has been unloaded. (took 2ms)
[21-06-18 16:55:00] [INFO] [DEBUG] Starting unload of DuelManager at 1624028100256
[21-06-18 16:55:00] [INFO] [DEBUG] DuelManager has been unloaded. (took 1ms)
[21-06-18 16:55:00] [INFO] [DEBUG] Starting unload of InventoryManager at 1624028100257
[21-06-18 16:55:00] [INFO] [DEBUG] InventoryManager has been unloaded. (took 0ms)
[21-06-18 16:55:00] [INFO] [DEBUG] Starting unload of BettingManager at 1624028100257
[21-06-18 16:55:00] [INFO] [DEBUG] BettingManager has been unloaded. (took 0ms)
[21-06-18 16:55:00] [INFO] [DEBUG] Starting unload of SpectateManagerImpl at 1624028100257
[21-06-18 16:55:00] [INFO] [DEBUG] SpectateManagerImpl has been unloaded. (took 0ms)
[21-06-18 16:55:00] [INFO] [DEBUG] Starting unload of PlayerInfoManager at 1624028100257
[21-06-18 16:55:00] [INFO] [DEBUG] PlayerInfoManager has been unloaded. (took 0ms)
[21-06-18 16:55:00] [INFO] [DEBUG] Starting unload of SettingsManager at 1624028100257
[21-06-18 16:55:00] [INFO] [DEBUG] SettingsManager has been unloaded. (took 0ms)
[21-06-18 16:55:00] [INFO] [DEBUG] Starting unload of ArenaManagerImpl at 1624028100257
[21-06-18 16:55:00] [INFO] [DEBUG] ArenaManagerImpl has been unloaded. (took 1ms)
[21-06-18 16:55:00] [INFO] [DEBUG] Starting unload of KitManagerImpl at 1624028100258
[21-06-18 16:55:00] [INFO] [DEBUG] KitManagerImpl has been unloaded. (took 3ms)
[21-06-18 16:55:00] [INFO] [DEBUG] Starting unload of GuiListener at 1624028100261
[21-06-18 16:55:00] [INFO] [DEBUG] GuiListener has been unloaded. (took 1ms)
[21-06-18 16:55:00] [INFO] [DEBUG] Starting unload of UserManagerImpl at 1624028100262
[21-06-18 16:55:00] [INFO] [DEBUG] UserManagerImpl has been unloaded. (took 1ms)
[21-06-18 16:55:00] [INFO] [DEBUG] Starting unload of Lang at 1624028100263
[21-06-18 16:55:00] [INFO] [DEBUG] Lang has been unloaded. (took 0ms)
[21-06-18 16:55:00] [INFO] [DEBUG] Starting unload of Config at 1624028100263
[21-06-18 16:55:00] [INFO] [DEBUG] Config has been unloaded. (took 0ms)
[21-06-18 16:55:00] [INFO] [DEBUG] unload done (took 16ms)
[21-06-18 16:55:00] [INFO] [DEBUG] Log#clearSources done (took 0ms)
