[21-08-20 00:00:38] [INFO] [DEBUG] onEnable start -> 1629410438543

[21-08-20 00:00:38] [INFO] [DEBUG] Starting load of Config at 1629410438593
[21-08-20 00:00:38] [INFO] [DEBUG] Config has been loaded. (took 9ms)
[21-08-20 00:00:38] [INFO] [DEBUG] Starting load of Lang at 1629410438602
[21-08-20 00:00:38] [INFO] [DEBUG] Lang has been loaded. (took 9ms)
[21-08-20 00:00:38] [INFO] [DEBUG] Starting load of UserManagerImpl at 1629410438611
[21-08-20 00:00:38] [INFO] [DEBUG] UserManagerImpl has been loaded. (took 0ms)
[21-08-20 00:00:38] [INFO] [DEBUG] Starting load of GuiListener at 1629410438611
[21-08-20 00:00:38] [INFO] [DEBUG] GuiListener has been loaded. (took 1ms)
[21-08-20 00:00:38] [INFO] [DEBUG] Starting load of KitManagerImpl at 1629410438612
[21-08-20 00:00:38] [INFO] KitManagerImpl: Loaded 10 kit(s).
[21-08-20 00:00:38] [INFO] [DEBUG] KitManagerImpl has been loaded. (took 128ms)
[21-08-20 00:00:38] [INFO] [DEBUG] Starting load of ArenaManagerImpl at 1629410438740
[21-08-20 00:00:38] [INFO] ArenaManagerImpl: Loaded 8 arena(s).
[21-08-20 00:00:38] [INFO] [DEBUG] ArenaManagerImpl has been loaded. (took 6ms)
[21-08-20 00:00:38] [INFO] [DEBUG] Starting load of SettingsManager at 1629410438746
[21-08-20 00:00:38] [INFO] [DEBUG] SettingsManager has been loaded. (took 0ms)
[21-08-20 00:00:38] [INFO] [DEBUG] Starting load of PlayerInfoManager at 1629410438747
[21-08-20 00:00:38] [INFO] [DEBUG] PlayerInfoManager has been loaded. (took 1ms)
[21-08-20 00:00:38] [INFO] [DEBUG] Starting load of SpectateManagerImpl at 1629410438748
[21-08-20 00:00:38] [INFO] [DEBUG] SpectateManagerImpl has been loaded. (took 0ms)
[21-08-20 00:00:38] [INFO] [DEBUG] Starting load of BettingManager at 1629410438748
[21-08-20 00:00:38] [INFO] BettingManager: Vault was not found! Money betting feature will be automatically disabled.
[21-08-20 00:00:38] [INFO] [DEBUG] BettingManager has been loaded. (took 0ms)
[21-08-20 00:00:38] [INFO] [DEBUG] Starting load of InventoryManager at 1629410438748
[21-08-20 00:00:38] [INFO] [DEBUG] InventoryManager has been loaded. (took 1ms)
[21-08-20 00:00:38] [INFO] [DEBUG] Starting load of DuelManager at 1629410438749
[21-08-20 00:00:38] [INFO] [DEBUG] DuelManager has been loaded. (took 0ms)
[21-08-20 00:00:38] [INFO] [DEBUG] Starting load of QueueManager at 1629410438749
[21-08-20 00:00:38] [INFO] QueueManager: Loaded 9 queue(s).
[21-08-20 00:00:38] [INFO] [DEBUG] QueueManager has been loaded. (took 3ms)
[21-08-20 00:00:38] [INFO] [DEBUG] Starting load of QueueSignManagerImpl at 1629410438752
[21-08-20 00:00:38] [INFO] QueueSignManagerImpl: Loaded 0 queue sign(s).
[21-08-20 00:00:38] [INFO] [DEBUG] QueueSignManagerImpl has been loaded. (took 3ms)
[21-08-20 00:00:38] [INFO] [DEBUG] Starting load of RequestManager at 1629410438755
[21-08-20 00:00:38] [INFO] [DEBUG] RequestManager has been loaded. (took 0ms)
[21-08-20 00:00:38] [INFO] [DEBUG] Starting load of Teleport at 1629410438755
[21-08-20 00:00:38] [INFO] [DEBUG] Teleport has been loaded. (took 0ms)
[21-08-20 00:00:38] [INFO] [DEBUG] Starting load of ExtensionManager at 1629410438755
[21-08-20 00:00:38] [INFO] [DEBUG] ExtensionManager has been loaded. (took 0ms)
