[21-12-27 12:57:24] [INFO] [DEBUG] onEnable start -> 1640606244127

[21-12-27 12:57:24] [INFO] [DEBUG] Starting load of Config at 1640606244180
[21-12-27 12:57:24] [INFO] [DEBUG] Config has been loaded. (took 9ms)
[21-12-27 12:57:24] [INFO] [DEBUG] Starting load of Lang at 1640606244189
[21-12-27 12:57:24] [INFO] [DEBUG] Lang has been loaded. (took 10ms)
[21-12-27 12:57:24] [INFO] [DEBUG] Starting load of UserManagerImpl at 1640606244199
[21-12-27 12:57:24] [INFO] [DEBUG] UserManagerImpl has been loaded. (took 1ms)
[21-12-27 12:57:24] [INFO] [DEBUG] Starting load of GuiListener at 1640606244200
[21-12-27 12:57:24] [INFO] [DEBUG] GuiListener has been loaded. (took 0ms)
[21-12-27 12:57:24] [INFO] [DEBUG] Starting load of KitManagerImpl at 1640606244200
[21-12-27 12:57:24] [INFO] KitManagerImpl: Loaded 10 kit(s).
[21-12-27 12:57:24] [INFO] [DEBUG] KitManagerImpl has been loaded. (took 118ms)
[21-12-27 12:57:24] [INFO] [DEBUG] Starting load of ArenaManagerImpl at 1640606244318
[21-12-27 12:57:24] [INFO] ArenaManagerImpl: Loaded 8 arena(s).
[21-12-27 12:57:24] [INFO] [DEBUG] ArenaManagerImpl has been loaded. (took 10ms)
[21-12-27 12:57:24] [INFO] [DEBUG] Starting load of SettingsManager at 1640606244328
[21-12-27 12:57:24] [INFO] [DEBUG] SettingsManager has been loaded. (took 0ms)
[21-12-27 12:57:24] [INFO] [DEBUG] Starting load of PlayerInfoManager at 1640606244328
[21-12-27 12:57:24] [INFO] [DEBUG] PlayerInfoManager has been loaded. (took 1ms)
[21-12-27 12:57:24] [INFO] [DEBUG] Starting load of SpectateManagerImpl at 1640606244329
[21-12-27 12:57:24] [INFO] [DEBUG] SpectateManagerImpl has been loaded. (took 0ms)
[21-12-27 12:57:24] [INFO] [DEBUG] Starting load of BettingManager at 1640606244329
[21-12-27 12:57:24] [INFO] BettingManager: Vault was not found! Money betting feature will be automatically disabled.
[21-12-27 12:57:24] [INFO] [DEBUG] BettingManager has been loaded. (took 0ms)
[21-12-27 12:57:24] [INFO] [DEBUG] Starting load of InventoryManager at 1640606244329
[21-12-27 12:57:24] [INFO] [DEBUG] InventoryManager has been loaded. (took 0ms)
[21-12-27 12:57:24] [INFO] [DEBUG] Starting load of DuelManager at 1640606244329
[21-12-27 12:57:24] [INFO] [DEBUG] DuelManager has been loaded. (took 0ms)
[21-12-27 12:57:24] [INFO] [DEBUG] Starting load of QueueManager at 1640606244329
[21-12-27 12:57:24] [INFO] QueueManager: Loaded 9 queue(s).
[21-12-27 12:57:24] [INFO] [DEBUG] QueueManager has been loaded. (took 3ms)
[21-12-27 12:57:24] [INFO] [DEBUG] Starting load of QueueSignManagerImpl at 1640606244332
[21-12-27 12:57:24] [INFO] QueueSignManagerImpl: Loaded 7 queue sign(s).
[21-12-27 12:57:24] [INFO] [DEBUG] QueueSignManagerImpl has been loaded. (took 24ms)
[21-12-27 12:57:24] [INFO] [DEBUG] Starting load of RequestManager at 1640606244356
[21-12-27 12:57:24] [INFO] [DEBUG] RequestManager has been loaded. (took 0ms)
[21-12-27 12:57:24] [INFO] [DEBUG] Starting load of Teleport at 1640606244356
[21-12-27 12:57:24] [INFO] [DEBUG] Teleport has been loaded. (took 0ms)
[21-12-27 12:57:24] [INFO] [DEBUG] Starting load of ExtensionManager at 1640606244356
[21-12-27 12:57:24] [INFO] [DEBUG] ExtensionManager has been loaded. (took 1ms)
[21-12-27 13:00:47] [INFO] [DEBUG] onEnable start -> 1640606447462

[21-12-27 13:00:47] [INFO] [DEBUG] Starting load of Config at 1640606447502
[21-12-27 13:00:47] [INFO] [DEBUG] Config has been loaded. (took 9ms)
[21-12-27 13:00:47] [INFO] [DEBUG] Starting load of Lang at 1640606447511
[21-12-27 13:00:47] [INFO] [DEBUG] Lang has been loaded. (took 9ms)
[21-12-27 13:00:47] [INFO] [DEBUG] Starting load of UserManagerImpl at 1640606447520
[21-12-27 13:00:47] [INFO] [DEBUG] UserManagerImpl has been loaded. (took 1ms)
[21-12-27 13:00:47] [INFO] [DEBUG] Starting load of GuiListener at 1640606447521
[21-12-27 13:00:47] [INFO] [DEBUG] GuiListener has been loaded. (took 0ms)
[21-12-27 13:00:47] [INFO] [DEBUG] Starting load of KitManagerImpl at 1640606447521
[21-12-27 13:00:47] [INFO] KitManagerImpl: Loaded 10 kit(s).
[21-12-27 13:00:47] [INFO] [DEBUG] KitManagerImpl has been loaded. (took 118ms)
[21-12-27 13:00:47] [INFO] [DEBUG] Starting load of ArenaManagerImpl at 1640606447639
[21-12-27 13:00:47] [INFO] ArenaManagerImpl: Loaded 8 arena(s).
[21-12-27 13:00:47] [INFO] [DEBUG] ArenaManagerImpl has been loaded. (took 9ms)
[21-12-27 13:00:47] [INFO] [DEBUG] Starting load of SettingsManager at 1640606447648
[21-12-27 13:00:47] [INFO] [DEBUG] SettingsManager has been loaded. (took 0ms)
[21-12-27 13:00:47] [INFO] [DEBUG] Starting load of PlayerInfoManager at 1640606447649
[21-12-27 13:00:47] [INFO] [DEBUG] PlayerInfoManager has been loaded. (took 0ms)
[21-12-27 13:00:47] [INFO] [DEBUG] Starting load of SpectateManagerImpl at 1640606447649
[21-12-27 13:00:47] [INFO] [DEBUG] SpectateManagerImpl has been loaded. (took 0ms)
[21-12-27 13:00:47] [INFO] [DEBUG] Starting load of BettingManager at 1640606447650
[21-12-27 13:00:47] [INFO] BettingManager: Vault was not found! Money betting feature will be automatically disabled.
[21-12-27 13:00:47] [INFO] [DEBUG] BettingManager has been loaded. (took 0ms)
[21-12-27 13:00:47] [INFO] [DEBUG] Starting load of InventoryManager at 1640606447650
[21-12-27 13:00:47] [INFO] [DEBUG] InventoryManager has been loaded. (took 0ms)
[21-12-27 13:00:47] [INFO] [DEBUG] Starting load of DuelManager at 1640606447650
[21-12-27 13:00:47] [INFO] [DEBUG] DuelManager has been loaded. (took 0ms)
[21-12-27 13:00:47] [INFO] [DEBUG] Starting load of QueueManager at 1640606447650
[21-12-27 13:00:47] [INFO] QueueManager: Loaded 9 queue(s).
[21-12-27 13:00:47] [INFO] [DEBUG] QueueManager has been loaded. (took 4ms)
[21-12-27 13:00:47] [INFO] [DEBUG] Starting load of QueueSignManagerImpl at 1640606447654
[21-12-27 13:00:47] [INFO] QueueSignManagerImpl: Loaded 7 queue sign(s).
[21-12-27 13:00:47] [INFO] [DEBUG] QueueSignManagerImpl has been loaded. (took 24ms)
[21-12-27 13:00:47] [INFO] [DEBUG] Starting load of RequestManager at 1640606447678
[21-12-27 13:00:47] [INFO] [DEBUG] RequestManager has been loaded. (took 0ms)
[21-12-27 13:00:47] [INFO] [DEBUG] Starting load of Teleport at 1640606447678
[21-12-27 13:00:47] [INFO] [DEBUG] Teleport has been loaded. (took 1ms)
[21-12-27 13:00:47] [INFO] [DEBUG] Starting load of ExtensionManager at 1640606447679
[21-12-27 13:00:47] [INFO] [DEBUG] ExtensionManager has been loaded. (took 0ms)
[21-12-27 13:03:38] [INFO] [DEBUG] onDisable start -> 1640606618304

[21-12-27 13:03:38] [INFO] [DEBUG] Starting unload of ExtensionManager at 1640606618306
[21-12-27 13:03:38] [INFO] [DEBUG] ExtensionManager has been unloaded. (took 0ms)
[21-12-27 13:03:38] [INFO] [DEBUG] Starting unload of Teleport at 1640606618306
[21-12-27 13:03:38] [INFO] [DEBUG] Teleport has been unloaded. (took 0ms)
[21-12-27 13:03:38] [INFO] [DEBUG] Starting unload of RequestManager at 1640606618306
[21-12-27 13:03:38] [INFO] [DEBUG] RequestManager has been unloaded. (took 0ms)
[21-12-27 13:03:38] [INFO] [DEBUG] Starting unload of QueueSignManagerImpl at 1640606618306
[21-12-27 13:03:38] [INFO] [DEBUG] QueueSignManagerImpl has been unloaded. (took 3ms)
[21-12-27 13:03:38] [INFO] [DEBUG] Starting unload of QueueManager at 1640606618309
[21-12-27 13:03:38] [INFO] [DEBUG] QueueManager has been unloaded. (took 1ms)
[21-12-27 13:03:38] [INFO] [DEBUG] Starting unload of DuelManager at 1640606618310
[21-12-27 13:03:38] [INFO] [DEBUG] DuelManager has been unloaded. (took 1ms)
[21-12-27 13:03:38] [INFO] [DEBUG] Starting unload of InventoryManager at 1640606618311
[21-12-27 13:03:38] [INFO] [DEBUG] InventoryManager has been unloaded. (took 0ms)
[21-12-27 13:03:38] [INFO] [DEBUG] Starting unload of BettingManager at 1640606618311
[21-12-27 13:03:38] [INFO] [DEBUG] BettingManager has been unloaded. (took 0ms)
[21-12-27 13:03:38] [INFO] [DEBUG] Starting unload of SpectateManagerImpl at 1640606618311
[21-12-27 13:03:38] [INFO] [DEBUG] SpectateManagerImpl has been unloaded. (took 0ms)
[21-12-27 13:03:38] [INFO] [DEBUG] Starting unload of PlayerInfoManager at 1640606618311
[21-12-27 13:03:38] [INFO] [DEBUG] PlayerInfoManager has been unloaded. (took 0ms)
[21-12-27 13:03:38] [INFO] [DEBUG] Starting unload of SettingsManager at 1640606618311
[21-12-27 13:03:38] [INFO] [DEBUG] SettingsManager has been unloaded. (took 0ms)
[21-12-27 13:03:38] [INFO] [DEBUG] Starting unload of ArenaManagerImpl at 1640606618311
[21-12-27 13:03:38] [INFO] [DEBUG] ArenaManagerImpl has been unloaded. (took 3ms)
[21-12-27 13:03:38] [INFO] [DEBUG] Starting unload of KitManagerImpl at 1640606618314
[21-12-27 13:03:38] [INFO] [DEBUG] KitManagerImpl has been unloaded. (took 10ms)
[21-12-27 13:03:38] [INFO] [DEBUG] Starting unload of GuiListener at 1640606618324
[21-12-27 13:03:38] [INFO] [DEBUG] GuiListener has been unloaded. (took 0ms)
[21-12-27 13:03:38] [INFO] [DEBUG] Starting unload of UserManagerImpl at 1640606618324
[21-12-27 13:03:38] [INFO] [DEBUG] UserManagerImpl has been unloaded. (took 1ms)
[21-12-27 13:03:38] [INFO] [DEBUG] Starting unload of Lang at 1640606618325
[21-12-27 13:03:38] [INFO] [DEBUG] Lang has been unloaded. (took 0ms)
[21-12-27 13:03:38] [INFO] [DEBUG] Starting unload of Config at 1640606618325
[21-12-27 13:03:38] [INFO] [DEBUG] Config has been unloaded. (took 0ms)
[21-12-27 13:03:38] [INFO] [DEBUG] unload done (took 21ms)
[21-12-27 13:03:38] [INFO] [DEBUG] Log#clearSources done (took 0ms)
