[22-02-25 15:30:11] [INFO] [DEBUG] onEnable start -> 1645799411766

[22-02-25 15:30:11] [INFO] [DEBUG] Starting load of Config at 1645799411819
[22-02-25 15:30:11] [INFO] [DEBUG] Config has been loaded. (took 10ms)
[22-02-25 15:30:11] [INFO] [DEBUG] Starting load of Lang at 1645799411829
[22-02-25 15:30:11] [INFO] [DEBUG] Lang has been loaded. (took 11ms)
[22-02-25 15:30:11] [INFO] [DEBUG] Starting load of UserManagerImpl at 1645799411840
[22-02-25 15:30:11] [INFO] [DEBUG] UserManagerImpl has been loaded. (took 1ms)
[22-02-25 15:30:11] [INFO] [DEBUG] Starting load of GuiListener at 1645799411841
[22-02-25 15:30:11] [INFO] [DEBUG] GuiListener has been loaded. (took 0ms)
[22-02-25 15:30:11] [INFO] [DEBUG] Starting load of KitManagerImpl at 1645799411841
[22-02-25 15:30:11] [INFO] KitManagerImpl: Loaded 10 kit(s).
[22-02-25 15:30:11] [INFO] [DEBUG] KitManagerImpl has been loaded. (took 127ms)
[22-02-25 15:30:11] [INFO] [DEBUG] Starting load of ArenaManagerImpl at 1645799411968
[22-02-25 15:30:11] [INFO] ArenaManagerImpl: Loaded 8 arena(s).
[22-02-25 15:30:11] [INFO] [DEBUG] ArenaManagerImpl has been loaded. (took 10ms)
[22-02-25 15:30:11] [INFO] [DEBUG] Starting load of SettingsManager at 1645799411978
[22-02-25 15:30:11] [INFO] [DEBUG] SettingsManager has been loaded. (took 0ms)
[22-02-25 15:30:11] [INFO] [DEBUG] Starting load of PlayerInfoManager at 1645799411978
[22-02-25 15:30:11] [INFO] [DEBUG] PlayerInfoManager has been loaded. (took 1ms)
[22-02-25 15:30:11] [INFO] [DEBUG] Starting load of SpectateManagerImpl at 1645799411979
[22-02-25 15:30:11] [INFO] [DEBUG] SpectateManagerImpl has been loaded. (took 0ms)
[22-02-25 15:30:11] [INFO] [DEBUG] Starting load of BettingManager at 1645799411979
[22-02-25 15:30:11] [INFO] BettingManager: Vault was not found! Money betting feature will be automatically disabled.
[22-02-25 15:30:11] [INFO] [DEBUG] BettingManager has been loaded. (took 0ms)
[22-02-25 15:30:11] [INFO] [DEBUG] Starting load of InventoryManager at 1645799411979
[22-02-25 15:30:11] [INFO] [DEBUG] InventoryManager has been loaded. (took 1ms)
[22-02-25 15:30:11] [INFO] [DEBUG] Starting load of DuelManager at 1645799411980
[22-02-25 15:30:11] [INFO] [DEBUG] DuelManager has been loaded. (took 0ms)
[22-02-25 15:30:11] [INFO] [DEBUG] Starting load of QueueManager at 1645799411980
[22-02-25 15:30:11] [INFO] QueueManager: Loaded 9 queue(s).
[22-02-25 15:30:11] [INFO] [DEBUG] QueueManager has been loaded. (took 3ms)
[22-02-25 15:30:11] [INFO] [DEBUG] Starting load of QueueSignManagerImpl at 1645799411983
[22-02-25 15:30:12] [INFO] QueueSignManagerImpl: Loaded 7 queue sign(s).
[22-02-25 15:30:12] [INFO] [DEBUG] QueueSignManagerImpl has been loaded. (took 25ms)
[22-02-25 15:30:12] [INFO] [DEBUG] Starting load of RequestManager at 1645799412009
[22-02-25 15:30:12] [INFO] [DEBUG] RequestManager has been loaded. (took 0ms)
[22-02-25 15:30:12] [INFO] [DEBUG] Starting load of Teleport at 1645799412009
[22-02-25 15:30:12] [INFO] [DEBUG] Teleport has been loaded. (took 0ms)
[22-02-25 15:30:12] [INFO] [DEBUG] Starting load of ExtensionManager at 1645799412009
[22-02-25 15:30:12] [INFO] [DEBUG] ExtensionManager has been loaded. (took 0ms)
[22-02-25 15:36:22] [INFO] [DEBUG] onDisable start -> 1645799782214

[22-02-25 15:36:22] [INFO] [DEBUG] Starting unload of ExtensionManager at 1645799782216
[22-02-25 15:36:22] [INFO] [DEBUG] ExtensionManager has been unloaded. (took 0ms)
[22-02-25 15:36:22] [INFO] [DEBUG] Starting unload of Teleport at 1645799782216
[22-02-25 15:36:22] [INFO] [DEBUG] Teleport has been unloaded. (took 0ms)
[22-02-25 15:36:22] [INFO] [DEBUG] Starting unload of RequestManager at 1645799782216
[22-02-25 15:36:22] [INFO] [DEBUG] RequestManager has been unloaded. (took 0ms)
[22-02-25 15:36:22] [INFO] [DEBUG] Starting unload of QueueSignManagerImpl at 1645799782216
[22-02-25 15:36:22] [INFO] [DEBUG] QueueSignManagerImpl has been unloaded. (took 1ms)
[22-02-25 15:36:22] [INFO] [DEBUG] Starting unload of QueueManager at 1645799782217
[22-02-25 15:36:22] [INFO] [DEBUG] QueueManager has been unloaded. (took 0ms)
[22-02-25 15:36:22] [INFO] [DEBUG] Starting unload of DuelManager at 1645799782217
[22-02-25 15:36:22] [INFO] [DEBUG] DuelManager has been unloaded. (took 1ms)
[22-02-25 15:36:22] [INFO] [DEBUG] Starting unload of InventoryManager at 1645799782218
[22-02-25 15:36:22] [INFO] [DEBUG] InventoryManager has been unloaded. (took 0ms)
[22-02-25 15:36:22] [INFO] [DEBUG] Starting unload of BettingManager at 1645799782218
[22-02-25 15:36:22] [INFO] [DEBUG] BettingManager has been unloaded. (took 0ms)
[22-02-25 15:36:22] [INFO] [DEBUG] Starting unload of SpectateManagerImpl at 1645799782218
[22-02-25 15:36:22] [INFO] [DEBUG] SpectateManagerImpl has been unloaded. (took 0ms)
[22-02-25 15:36:22] [INFO] [DEBUG] Starting unload of PlayerInfoManager at 1645799782218
[22-02-25 15:36:22] [INFO] [DEBUG] PlayerInfoManager has been unloaded. (took 1ms)
[22-02-25 15:36:22] [INFO] [DEBUG] Starting unload of SettingsManager at 1645799782219
[22-02-25 15:36:22] [INFO] [DEBUG] SettingsManager has been unloaded. (took 0ms)
[22-02-25 15:36:22] [INFO] [DEBUG] Starting unload of ArenaManagerImpl at 1645799782219
[22-02-25 15:36:22] [INFO] [DEBUG] ArenaManagerImpl has been unloaded. (took 1ms)
[22-02-25 15:36:22] [INFO] [DEBUG] Starting unload of KitManagerImpl at 1645799782220
[22-02-25 15:36:22] [INFO] [DEBUG] KitManagerImpl has been unloaded. (took 5ms)
[22-02-25 15:36:22] [INFO] [DEBUG] Starting unload of GuiListener at 1645799782225
[22-02-25 15:36:22] [INFO] [DEBUG] GuiListener has been unloaded. (took 0ms)
[22-02-25 15:36:22] [INFO] [DEBUG] Starting unload of UserManagerImpl at 1645799782225
[22-02-25 15:36:22] [INFO] [DEBUG] UserManagerImpl has been unloaded. (took 1ms)
[22-02-25 15:36:22] [INFO] [DEBUG] Starting unload of Lang at 1645799782226
[22-02-25 15:36:22] [INFO] [DEBUG] Lang has been unloaded. (took 0ms)
[22-02-25 15:36:22] [INFO] [DEBUG] Starting unload of Config at 1645799782226
[22-02-25 15:36:22] [INFO] [DEBUG] Config has been unloaded. (took 1ms)
[22-02-25 15:36:22] [INFO] [DEBUG] unload done (took 13ms)
[22-02-25 15:36:22] [INFO] [DEBUG] Log#clearSources done (took 0ms)
