[23-12-08 17:23:39] [INFO] [DEBUG] onEnable start -> 1702052619943

[23-12-08 17:23:39] [INFO] [DEBUG] Starting load of Config at 1702052619992
[23-12-08 17:23:40] [INFO] [DEBUG] Config has been loaded. (took 10ms)
[23-12-08 17:23:40] [INFO] [DEBUG] Starting load of Lang at 1702052620003
[23-12-08 17:23:40] [INFO] [DEBUG] Lang has been loaded. (took 13ms)
[23-12-08 17:23:40] [INFO] [DEBUG] Starting load of UserManagerImpl at 1702052620016
[23-12-08 17:23:40] [INFO] [DEBUG] UserManagerImpl has been loaded. (took 1ms)
[23-12-08 17:23:40] [INFO] [DEBUG] Starting load of GuiListener at 1702052620017
[23-12-08 17:23:40] [INFO] [DEBUG] GuiListener has been loaded. (took 0ms)
[23-12-08 17:23:40] [INFO] [DEBUG] Starting load of KitManagerImpl at 1702052620017
[23-12-08 17:23:40] [INFO] KitManagerImpl: Loaded 10 kit(s).
[23-12-08 17:23:40] [INFO] [DEBUG] KitManagerImpl has been loaded. (took 124ms)
[23-12-08 17:23:40] [INFO] [DEBUG] Starting load of ArenaManagerImpl at 1702052620142
[23-12-08 17:23:40] [INFO] ArenaManagerImpl: Loaded 8 arena(s).
[23-12-08 17:23:40] [INFO] [DEBUG] ArenaManagerImpl has been loaded. (took 7ms)
[23-12-08 17:23:40] [INFO] [DEBUG] Starting load of SettingsManager at 1702052620149
[23-12-08 17:23:40] [INFO] [DEBUG] SettingsManager has been loaded. (took 0ms)
[23-12-08 17:23:40] [INFO] [DEBUG] Starting load of PlayerInfoManager at 1702052620149
[23-12-08 17:23:40] [INFO] [DEBUG] PlayerInfoManager has been loaded. (took 2ms)
[23-12-08 17:23:40] [INFO] [DEBUG] Starting load of SpectateManagerImpl at 1702052620151
[23-12-08 17:23:40] [INFO] [DEBUG] SpectateManagerImpl has been loaded. (took 0ms)
[23-12-08 17:23:40] [INFO] [DEBUG] Starting load of BettingManager at 1702052620151
[23-12-08 17:23:40] [INFO] BettingManager: Vault was not found! Money betting feature will be automatically disabled.
[23-12-08 17:23:40] [INFO] [DEBUG] BettingManager has been loaded. (took 0ms)
[23-12-08 17:23:40] [INFO] [DEBUG] Starting load of InventoryManager at 1702052620151
[23-12-08 17:23:40] [INFO] [DEBUG] InventoryManager has been loaded. (took 0ms)
[23-12-08 17:23:40] [INFO] [DEBUG] Starting load of DuelManager at 1702052620151
[23-12-08 17:23:40] [INFO] [DEBUG] DuelManager has been loaded. (took 1ms)
[23-12-08 17:23:40] [INFO] [DEBUG] Starting load of QueueManager at 1702052620152
[23-12-08 17:23:40] [INFO] QueueManager: Loaded 9 queue(s).
[23-12-08 17:23:40] [INFO] [DEBUG] QueueManager has been loaded. (took 3ms)
[23-12-08 17:23:40] [INFO] [DEBUG] Starting load of QueueSignManagerImpl at 1702052620155
[23-12-08 17:23:40] [INFO] QueueSignManagerImpl: Loaded 0 queue sign(s).
[23-12-08 17:23:40] [INFO] [DEBUG] QueueSignManagerImpl has been loaded. (took 2ms)
[23-12-08 17:23:40] [INFO] [DEBUG] Starting load of RequestManager at 1702052620157
[23-12-08 17:23:40] [INFO] [DEBUG] RequestManager has been loaded. (took 0ms)
[23-12-08 17:23:40] [INFO] [DEBUG] Starting load of Teleport at 1702052620157
[23-12-08 17:23:40] [INFO] [DEBUG] Teleport has been loaded. (took 1ms)
[23-12-08 17:23:40] [INFO] [DEBUG] Starting load of ExtensionManager at 1702052620158
[23-12-08 17:23:40] [INFO] [DEBUG] ExtensionManager has been loaded. (took 0ms)
