[23-02-26 16:44:03] [INFO] [DEBUG] onEnable start -> 1677397443317

[23-02-26 16:44:03] [INFO] [DEBUG] Starting load of Config at 1677397443519
[23-02-26 16:44:03] [INFO] [DEBUG] Config has been loaded. (took 14ms)
[23-02-26 16:44:03] [INFO] [DEBUG] Starting load of Lang at 1677397443534
[23-02-26 16:44:03] [INFO] [DEBUG] Lang has been loaded. (took 15ms)
[23-02-26 16:44:03] [INFO] [DEBUG] Starting load of UserManagerImpl at 1677397443549
[23-02-26 16:44:03] [INFO] [DEBUG] UserManagerImpl has been loaded. (took 1ms)
[23-02-26 16:44:03] [INFO] [DEBUG] Starting load of GuiListener at 1677397443550
[23-02-26 16:44:03] [INFO] [DEBUG] GuiListener has been loaded. (took 0ms)
[23-02-26 16:44:03] [INFO] [DEBUG] Starting load of KitManagerImpl at 1677397443550
[23-02-26 16:44:04] [INFO] KitManagerImpl: Loaded 10 kit(s).
[23-02-26 16:44:04] [INFO] [DEBUG] KitManagerImpl has been loaded. (took 551ms)
[23-02-26 16:44:04] [INFO] [DEBUG] Starting load of ArenaManagerImpl at 1677397444101
[23-02-26 16:44:04] [INFO] ArenaManagerImpl: Loaded 8 arena(s).
[23-02-26 16:44:04] [INFO] [DEBUG] ArenaManagerImpl has been loaded. (took 26ms)
[23-02-26 16:44:04] [INFO] [DEBUG] Starting load of SettingsManager at 1677397444127
[23-02-26 16:44:04] [INFO] [DEBUG] SettingsManager has been loaded. (took 0ms)
[23-02-26 16:44:04] [INFO] [DEBUG] Starting load of PlayerInfoManager at 1677397444127
[23-02-26 16:44:04] [INFO] [DEBUG] PlayerInfoManager has been loaded. (took 1ms)
[23-02-26 16:44:04] [INFO] [DEBUG] Starting load of SpectateManagerImpl at 1677397444128
[23-02-26 16:44:04] [INFO] [DEBUG] SpectateManagerImpl has been loaded. (took 0ms)
[23-02-26 16:44:04] [INFO] [DEBUG] Starting load of BettingManager at 1677397444128
[23-02-26 16:44:04] [INFO] BettingManager: Vault was not found! Money betting feature will be automatically disabled.
[23-02-26 16:44:04] [INFO] [DEBUG] BettingManager has been loaded. (took 1ms)
[23-02-26 16:44:04] [INFO] [DEBUG] Starting load of InventoryManager at 1677397444129
[23-02-26 16:44:04] [INFO] [DEBUG] InventoryManager has been loaded. (took 0ms)
[23-02-26 16:44:04] [INFO] [DEBUG] Starting load of DuelManager at 1677397444129
[23-02-26 16:44:04] [INFO] [DEBUG] DuelManager has been loaded. (took 0ms)
[23-02-26 16:44:04] [INFO] [DEBUG] Starting load of QueueManager at 1677397444129
[23-02-26 16:44:04] [INFO] QueueManager: Loaded 9 queue(s).
[23-02-26 16:44:04] [INFO] [DEBUG] QueueManager has been loaded. (took 5ms)
[23-02-26 16:44:04] [INFO] [DEBUG] Starting load of QueueSignManagerImpl at 1677397444134
[23-02-26 16:44:04] [INFO] QueueSignManagerImpl: Loaded 7 queue sign(s).
[23-02-26 16:44:04] [INFO] [DEBUG] QueueSignManagerImpl has been loaded. (took 26ms)
[23-02-26 16:44:04] [INFO] [DEBUG] Starting load of RequestManager at 1677397444160
[23-02-26 16:44:04] [INFO] [DEBUG] RequestManager has been loaded. (took 0ms)
[23-02-26 16:44:04] [INFO] [DEBUG] Starting load of Teleport at 1677397444160
[23-02-26 16:44:04] [INFO] [DEBUG] Teleport has been loaded. (took 1ms)
[23-02-26 16:44:04] [INFO] [DEBUG] Starting load of ExtensionManager at 1677397444161
[23-02-26 16:44:04] [INFO] [DEBUG] ExtensionManager has been loaded. (took 0ms)
[23-02-26 16:45:16] [SEVERE] Lang: Failed to load message: provided key 'ERROR.queue.not-in-queue' has no assigned value
[23-02-26 16:51:12] [SEVERE] Lang: Failed to load message: provided key 'ERROR.queue.not-in-queue' has no assigned value
[23-02-26 16:54:19] [SEVERE] Lang: Failed to load message: provided key 'ERROR.queue.not-in-queue' has no assigned value
[23-02-26 16:54:47] [SEVERE] Lang: Failed to load message: provided key 'ERROR.queue.not-in-queue' has no assigned value
[23-02-26 16:55:14] [SEVERE] Lang: Failed to load message: provided key 'ERROR.queue.not-in-queue' has no assigned value
[23-02-26 16:56:44] [INFO] [DEBUG] onDisable start -> 1677398204991

[23-02-26 16:56:44] [INFO] [DEBUG] Starting unload of ExtensionManager at 1677398204995
[23-02-26 16:56:44] [INFO] [DEBUG] ExtensionManager has been unloaded. (took 0ms)
[23-02-26 16:56:44] [INFO] [DEBUG] Starting unload of Teleport at 1677398204995
[23-02-26 16:56:44] [INFO] [DEBUG] Teleport has been unloaded. (took 1ms)
[23-02-26 16:56:44] [INFO] [DEBUG] Starting unload of RequestManager at 1677398204996
[23-02-26 16:56:44] [INFO] [DEBUG] RequestManager has been unloaded. (took 0ms)
[23-02-26 16:56:44] [INFO] [DEBUG] Starting unload of QueueSignManagerImpl at 1677398204996
[23-02-26 16:56:44] [INFO] [DEBUG] QueueSignManagerImpl has been unloaded. (took 1ms)
[23-02-26 16:56:44] [INFO] [DEBUG] Starting unload of QueueManager at 1677398204998
[23-02-26 16:56:44] [INFO] [DEBUG] QueueManager has been unloaded. (took 1ms)
[23-02-26 16:56:44] [INFO] [DEBUG] Starting unload of DuelManager at 1677398204999
[23-02-26 16:56:45] [INFO] [DEBUG] DuelManager has been unloaded. (took 2ms)
[23-02-26 16:56:45] [INFO] [DEBUG] Starting unload of InventoryManager at 1677398205001
[23-02-26 16:56:45] [INFO] [DEBUG] InventoryManager has been unloaded. (took 0ms)
[23-02-26 16:56:45] [INFO] [DEBUG] Starting unload of BettingManager at 1677398205001
[23-02-26 16:56:45] [INFO] [DEBUG] BettingManager has been unloaded. (took 0ms)
[23-02-26 16:56:45] [INFO] [DEBUG] Starting unload of SpectateManagerImpl at 1677398205001
[23-02-26 16:56:45] [INFO] [DEBUG] SpectateManagerImpl has been unloaded. (took 0ms)
[23-02-26 16:56:45] [INFO] [DEBUG] Starting unload of PlayerInfoManager at 1677398205001
[23-02-26 16:56:45] [INFO] [DEBUG] PlayerInfoManager has been unloaded. (took 0ms)
[23-02-26 16:56:45] [INFO] [DEBUG] Starting unload of SettingsManager at 1677398205001
[23-02-26 16:56:45] [INFO] [DEBUG] SettingsManager has been unloaded. (took 0ms)
[23-02-26 16:56:45] [INFO] [DEBUG] Starting unload of ArenaManagerImpl at 1677398205001
[23-02-26 16:56:45] [INFO] [DEBUG] ArenaManagerImpl has been unloaded. (took 1ms)
[23-02-26 16:56:45] [INFO] [DEBUG] Starting unload of KitManagerImpl at 1677398205002
[23-02-26 16:56:45] [INFO] [DEBUG] KitManagerImpl has been unloaded. (took 3ms)
[23-02-26 16:56:45] [INFO] [DEBUG] Starting unload of GuiListener at 1677398205005
[23-02-26 16:56:45] [INFO] [DEBUG] GuiListener has been unloaded. (took 1ms)
[23-02-26 16:56:45] [INFO] [DEBUG] Starting unload of UserManagerImpl at 1677398205006
[23-02-26 16:56:45] [INFO] [DEBUG] UserManagerImpl has been unloaded. (took 0ms)
[23-02-26 16:56:45] [INFO] [DEBUG] Starting unload of Lang at 1677398205006
[23-02-26 16:56:45] [INFO] [DEBUG] Lang has been unloaded. (took 0ms)
[23-02-26 16:56:45] [INFO] [DEBUG] Starting unload of Config at 1677398205006
[23-02-26 16:56:45] [INFO] [DEBUG] Config has been unloaded. (took 0ms)
[23-02-26 16:56:45] [INFO] [DEBUG] unload done (took 15ms)
[23-02-26 16:56:45] [INFO] [DEBUG] Log#clearSources done (took 0ms)
[23-02-26 17:02:06] [INFO] [DEBUG] onEnable start -> 1677398526847

[23-02-26 17:02:06] [INFO] [DEBUG] Starting load of Config at 1677398526889
[23-02-26 17:02:06] [INFO] [DEBUG] Config has been loaded. (took 9ms)
[23-02-26 17:02:06] [INFO] [DEBUG] Starting load of Lang at 1677398526898
[23-02-26 17:02:06] [INFO] [DEBUG] Lang has been loaded. (took 10ms)
[23-02-26 17:02:06] [INFO] [DEBUG] Starting load of UserManagerImpl at 1677398526908
[23-02-26 17:02:06] [INFO] [DEBUG] UserManagerImpl has been loaded. (took 1ms)
[23-02-26 17:02:06] [INFO] [DEBUG] Starting load of GuiListener at 1677398526909
[23-02-26 17:02:06] [INFO] [DEBUG] GuiListener has been loaded. (took 0ms)
[23-02-26 17:02:06] [INFO] [DEBUG] Starting load of KitManagerImpl at 1677398526909
[23-02-26 17:02:07] [INFO] KitManagerImpl: Loaded 10 kit(s).
[23-02-26 17:02:07] [INFO] [DEBUG] KitManagerImpl has been loaded. (took 128ms)
[23-02-26 17:02:07] [INFO] [DEBUG] Starting load of ArenaManagerImpl at 1677398527037
[23-02-26 17:02:07] [INFO] ArenaManagerImpl: Loaded 8 arena(s).
[23-02-26 17:02:07] [INFO] [DEBUG] ArenaManagerImpl has been loaded. (took 8ms)
[23-02-26 17:02:07] [INFO] [DEBUG] Starting load of SettingsManager at 1677398527045
[23-02-26 17:02:07] [INFO] [DEBUG] SettingsManager has been loaded. (took 0ms)
[23-02-26 17:02:07] [INFO] [DEBUG] Starting load of PlayerInfoManager at 1677398527045
[23-02-26 17:02:07] [INFO] [DEBUG] PlayerInfoManager has been loaded. (took 1ms)
[23-02-26 17:02:07] [INFO] [DEBUG] Starting load of SpectateManagerImpl at 1677398527047
[23-02-26 17:02:07] [INFO] [DEBUG] SpectateManagerImpl has been loaded. (took 0ms)
[23-02-26 17:02:07] [INFO] [DEBUG] Starting load of BettingManager at 1677398527047
[23-02-26 17:02:07] [INFO] BettingManager: Vault was not found! Money betting feature will be automatically disabled.
[23-02-26 17:02:07] [INFO] [DEBUG] BettingManager has been loaded. (took 0ms)
[23-02-26 17:02:07] [INFO] [DEBUG] Starting load of InventoryManager at 1677398527047
[23-02-26 17:02:07] [INFO] [DEBUG] InventoryManager has been loaded. (took 0ms)
[23-02-26 17:02:07] [INFO] [DEBUG] Starting load of DuelManager at 1677398527047
[23-02-26 17:02:07] [INFO] [DEBUG] DuelManager has been loaded. (took 0ms)
[23-02-26 17:02:07] [INFO] [DEBUG] Starting load of QueueManager at 1677398527047
[23-02-26 17:02:07] [INFO] QueueManager: Loaded 9 queue(s).
[23-02-26 17:02:07] [INFO] [DEBUG] QueueManager has been loaded. (took 3ms)
[23-02-26 17:02:07] [INFO] [DEBUG] Starting load of QueueSignManagerImpl at 1677398527050
[23-02-26 17:02:07] [INFO] QueueSignManagerImpl: Loaded 7 queue sign(s).
[23-02-26 17:02:07] [INFO] [DEBUG] QueueSignManagerImpl has been loaded. (took 24ms)
[23-02-26 17:02:07] [INFO] [DEBUG] Starting load of RequestManager at 1677398527074
[23-02-26 17:02:07] [INFO] [DEBUG] RequestManager has been loaded. (took 0ms)
[23-02-26 17:02:07] [INFO] [DEBUG] Starting load of Teleport at 1677398527074
[23-02-26 17:02:07] [INFO] [DEBUG] Teleport has been loaded. (took 0ms)
[23-02-26 17:02:07] [INFO] [DEBUG] Starting load of ExtensionManager at 1677398527074
[23-02-26 17:02:07] [INFO] [DEBUG] ExtensionManager has been loaded. (took 1ms)
[23-02-26 17:07:50] [INFO] [DEBUG] onEnable start -> 1677398870054

[23-02-26 17:07:50] [INFO] [DEBUG] Starting load of Config at 1677398870096
[23-02-26 17:07:50] [INFO] [DEBUG] Config has been loaded. (took 9ms)
[23-02-26 17:07:50] [INFO] [DEBUG] Starting load of Lang at 1677398870105
[23-02-26 17:07:50] [INFO] [DEBUG] Lang has been loaded. (took 9ms)
[23-02-26 17:07:50] [INFO] [DEBUG] Starting load of UserManagerImpl at 1677398870114
[23-02-26 17:07:50] [INFO] [DEBUG] UserManagerImpl has been loaded. (took 0ms)
[23-02-26 17:07:50] [INFO] [DEBUG] Starting load of GuiListener at 1677398870114
[23-02-26 17:07:50] [INFO] [DEBUG] GuiListener has been loaded. (took 0ms)
[23-02-26 17:07:50] [INFO] [DEBUG] Starting load of KitManagerImpl at 1677398870114
[23-02-26 17:07:50] [INFO] KitManagerImpl: Loaded 10 kit(s).
[23-02-26 17:07:50] [INFO] [DEBUG] KitManagerImpl has been loaded. (took 125ms)
[23-02-26 17:07:50] [INFO] [DEBUG] Starting load of ArenaManagerImpl at 1677398870240
[23-02-26 17:07:50] [INFO] ArenaManagerImpl: Loaded 8 arena(s).
[23-02-26 17:07:50] [INFO] [DEBUG] ArenaManagerImpl has been loaded. (took 8ms)
[23-02-26 17:07:50] [INFO] [DEBUG] Starting load of SettingsManager at 1677398870248
[23-02-26 17:07:50] [INFO] [DEBUG] SettingsManager has been loaded. (took 0ms)
[23-02-26 17:07:50] [INFO] [DEBUG] Starting load of PlayerInfoManager at 1677398870248
[23-02-26 17:07:50] [INFO] [DEBUG] PlayerInfoManager has been loaded. (took 1ms)
[23-02-26 17:07:50] [INFO] [DEBUG] Starting load of SpectateManagerImpl at 1677398870249
[23-02-26 17:07:50] [INFO] [DEBUG] SpectateManagerImpl has been loaded. (took 0ms)
[23-02-26 17:07:50] [INFO] [DEBUG] Starting load of BettingManager at 1677398870249
[23-02-26 17:07:50] [INFO] BettingManager: Vault was not found! Money betting feature will be automatically disabled.
[23-02-26 17:07:50] [INFO] [DEBUG] BettingManager has been loaded. (took 0ms)
[23-02-26 17:07:50] [INFO] [DEBUG] Starting load of InventoryManager at 1677398870249
[23-02-26 17:07:50] [INFO] [DEBUG] InventoryManager has been loaded. (took 0ms)
[23-02-26 17:07:50] [INFO] [DEBUG] Starting load of DuelManager at 1677398870250
[23-02-26 17:07:50] [INFO] [DEBUG] DuelManager has been loaded. (took 0ms)
[23-02-26 17:07:50] [INFO] [DEBUG] Starting load of QueueManager at 1677398870250
[23-02-26 17:07:50] [INFO] QueueManager: Loaded 9 queue(s).
[23-02-26 17:07:50] [INFO] [DEBUG] QueueManager has been loaded. (took 3ms)
[23-02-26 17:07:50] [INFO] [DEBUG] Starting load of QueueSignManagerImpl at 1677398870253
[23-02-26 17:07:50] [INFO] QueueSignManagerImpl: Loaded 7 queue sign(s).
[23-02-26 17:07:50] [INFO] [DEBUG] QueueSignManagerImpl has been loaded. (took 26ms)
[23-02-26 17:07:50] [INFO] [DEBUG] Starting load of RequestManager at 1677398870279
[23-02-26 17:07:50] [INFO] [DEBUG] RequestManager has been loaded. (took 0ms)
[23-02-26 17:07:50] [INFO] [DEBUG] Starting load of Teleport at 1677398870279
[23-02-26 17:07:50] [INFO] [DEBUG] Teleport has been loaded. (took 0ms)
[23-02-26 17:07:50] [INFO] [DEBUG] Starting load of ExtensionManager at 1677398870279
[23-02-26 17:07:50] [INFO] [DEBUG] ExtensionManager has been loaded. (took 1ms)
