[24-06-22 14:37:35] [INFO] [DEBUG] onEnable start -> 1719034655951

[24-06-22 14:37:35] [INFO] [DEBUG] Starting load of Config at 1719034655995
[24-06-22 14:37:36] [INFO] [DEBUG] Config has been loaded. (took 11ms)
[24-06-22 14:37:36] [INFO] [DEBUG] Starting load of Lang at 1719034656006
[24-06-22 14:37:36] [INFO] [DEBUG] Lang has been loaded. (took 15ms)
[24-06-22 14:37:36] [INFO] [DEBUG] Starting load of UserManagerImpl at 1719034656022
[24-06-22 14:37:36] [INFO] [DEBUG] UserManagerImpl has been loaded. (took 0ms)
[24-06-22 14:37:36] [INFO] [DEBUG] Starting load of GuiListener at 1719034656022
[24-06-22 14:37:36] [INFO] [DEBUG] GuiListener has been loaded. (took 2ms)
[24-06-22 14:37:36] [INFO] [DEBUG] Starting load of KitManagerImpl at 1719034656024
[24-06-22 14:37:36] [INFO] KitManagerImpl: Loaded 10 kit(s).
[24-06-22 14:37:36] [INFO] [DEBUG] KitManagerImpl has been loaded. (took 179ms)
[24-06-22 14:37:36] [INFO] [DEBUG] Starting load of ArenaManagerImpl at 1719034656203
[24-06-22 14:37:36] [INFO] ArenaManagerImpl: Loaded 8 arena(s).
[24-06-22 14:37:36] [INFO] [DEBUG] ArenaManagerImpl has been loaded. (took 20ms)
[24-06-22 14:37:36] [INFO] [DEBUG] Starting load of SettingsManager at 1719034656223
[24-06-22 14:37:36] [INFO] [DEBUG] SettingsManager has been loaded. (took 0ms)
[24-06-22 14:37:36] [INFO] [DEBUG] Starting load of PlayerInfoManager at 1719034656223
[24-06-22 14:37:36] [INFO] [DEBUG] PlayerInfoManager has been loaded. (took 3ms)
[24-06-22 14:37:36] [INFO] [DEBUG] Starting load of SpectateManagerImpl at 1719034656226
[24-06-22 14:37:36] [INFO] [DEBUG] SpectateManagerImpl has been loaded. (took 0ms)
[24-06-22 14:37:36] [INFO] [DEBUG] Starting load of BettingManager at 1719034656226
[24-06-22 14:37:36] [INFO] BettingManager: Vault was not found! Money betting feature will be automatically disabled.
[24-06-22 14:37:36] [INFO] [DEBUG] BettingManager has been loaded. (took 0ms)
[24-06-22 14:37:36] [INFO] [DEBUG] Starting load of InventoryManager at 1719034656226
[24-06-22 14:37:36] [INFO] [DEBUG] InventoryManager has been loaded. (took 1ms)
[24-06-22 14:37:36] [INFO] [DEBUG] Starting load of DuelManager at 1719034656227
[24-06-22 14:37:36] [INFO] [DEBUG] DuelManager has been loaded. (took 0ms)
[24-06-22 14:37:36] [INFO] [DEBUG] Starting load of QueueManager at 1719034656227
[24-06-22 14:37:36] [INFO] QueueManager: Loaded 9 queue(s).
[24-06-22 14:37:36] [INFO] [DEBUG] QueueManager has been loaded. (took 6ms)
[24-06-22 14:37:36] [INFO] [DEBUG] Starting load of QueueSignManagerImpl at 1719034656233
[24-06-22 14:37:36] [INFO] QueueSignManagerImpl: Loaded 7 queue sign(s).
[24-06-22 14:37:36] [INFO] [DEBUG] QueueSignManagerImpl has been loaded. (took 35ms)
[24-06-22 14:37:36] [INFO] [DEBUG] Starting load of RequestManager at 1719034656268
[24-06-22 14:37:36] [INFO] [DEBUG] RequestManager has been loaded. (took 0ms)
[24-06-22 14:37:36] [INFO] [DEBUG] Starting load of Teleport at 1719034656268
[24-06-22 14:37:36] [INFO] [DEBUG] Teleport has been loaded. (took 0ms)
[24-06-22 14:37:36] [INFO] [DEBUG] Starting load of ExtensionManager at 1719034656268
[24-06-22 14:37:36] [INFO] [DEBUG] ExtensionManager has been loaded. (took 1ms)
