[24-06-23 01:47:43] [INFO] [DEBUG] onEnable start -> 1719074863236

[24-06-23 01:47:43] [INFO] [DEBUG] Starting load of Config at 1719074863270
[24-06-23 01:47:43] [INFO] [DEBUG] Config has been loaded. (took 8ms)
[24-06-23 01:47:43] [INFO] [DEBUG] Starting load of Lang at 1719074863278
[24-06-23 01:47:43] [INFO] [DEBUG] Lang has been loaded. (took 10ms)
[24-06-23 01:47:43] [INFO] [DEBUG] Starting load of UserManagerImpl at 1719074863288
[24-06-23 01:47:43] [INFO] [DEBUG] UserManagerImpl has been loaded. (took 0ms)
[24-06-23 01:47:43] [INFO] [DEBUG] Starting load of GuiListener at 1719074863288
[24-06-23 01:47:43] [INFO] [DEBUG] GuiListener has been loaded. (took 1ms)
[24-06-23 01:47:43] [INFO] [DEBUG] Starting load of KitManagerImpl at 1719074863289
[24-06-23 01:47:43] [INFO] KitManagerImpl: Loaded 10 kit(s).
[24-06-23 01:47:43] [INFO] [DEBUG] KitManagerImpl has been loaded. (took 94ms)
[24-06-23 01:47:43] [INFO] [DEBUG] Starting load of ArenaManagerImpl at 1719074863383
[24-06-23 01:47:43] [INFO] ArenaManagerImpl: Loaded 8 arena(s).
[24-06-23 01:47:43] [INFO] [DEBUG] ArenaManagerImpl has been loaded. (took 14ms)
[24-06-23 01:47:43] [INFO] [DEBUG] Starting load of SettingsManager at 1719074863397
[24-06-23 01:47:43] [INFO] [DEBUG] SettingsManager has been loaded. (took 0ms)
[24-06-23 01:47:43] [INFO] [DEBUG] Starting load of PlayerInfoManager at 1719074863397
[24-06-23 01:47:43] [INFO] [DEBUG] PlayerInfoManager has been loaded. (took 3ms)
[24-06-23 01:47:43] [INFO] [DEBUG] Starting load of SpectateManagerImpl at 1719074863400
[24-06-23 01:47:43] [INFO] [DEBUG] SpectateManagerImpl has been loaded. (took 0ms)
[24-06-23 01:47:43] [INFO] [DEBUG] Starting load of BettingManager at 1719074863400
[24-06-23 01:47:43] [INFO] BettingManager: Vault was not found! Money betting feature will be automatically disabled.
[24-06-23 01:47:43] [INFO] [DEBUG] BettingManager has been loaded. (took 0ms)
[24-06-23 01:47:43] [INFO] [DEBUG] Starting load of InventoryManager at 1719074863400
[24-06-23 01:47:43] [INFO] [DEBUG] InventoryManager has been loaded. (took 0ms)
[24-06-23 01:47:43] [INFO] [DEBUG] Starting load of DuelManager at 1719074863400
[24-06-23 01:47:43] [INFO] [DEBUG] DuelManager has been loaded. (took 0ms)
[24-06-23 01:47:43] [INFO] [DEBUG] Starting load of QueueManager at 1719074863400
[24-06-23 01:47:43] [INFO] QueueManager: Loaded 9 queue(s).
[24-06-23 01:47:43] [INFO] [DEBUG] QueueManager has been loaded. (took 3ms)
[24-06-23 01:47:43] [INFO] [DEBUG] Starting load of QueueSignManagerImpl at 1719074863403
[24-06-23 01:47:43] [INFO] QueueSignManagerImpl: Loaded 7 queue sign(s).
[24-06-23 01:47:43] [INFO] [DEBUG] QueueSignManagerImpl has been loaded. (took 13ms)
[24-06-23 01:47:43] [INFO] [DEBUG] Starting load of RequestManager at 1719074863416
[24-06-23 01:47:43] [INFO] [DEBUG] RequestManager has been loaded. (took 0ms)
[24-06-23 01:47:43] [INFO] [DEBUG] Starting load of Teleport at 1719074863416
[24-06-23 01:47:43] [INFO] [DEBUG] Teleport has been loaded. (took 0ms)
[24-06-23 01:47:43] [INFO] [DEBUG] Starting load of ExtensionManager at 1719074863416
[24-06-23 01:47:43] [INFO] [DEBUG] ExtensionManager has been loaded. (took 2ms)
[24-06-23 01:49:45] [INFO] [DEBUG] onDisable start -> 1719074985894

[24-06-23 01:49:45] [INFO] [DEBUG] Starting unload of ExtensionManager at 1719074985895
[24-06-23 01:49:45] [INFO] [DEBUG] ExtensionManager has been unloaded. (took 2ms)
[24-06-23 01:49:45] [INFO] [DEBUG] Starting unload of Teleport at 1719074985897
[24-06-23 01:49:45] [INFO] [DEBUG] Teleport has been unloaded. (took 0ms)
[24-06-23 01:49:45] [INFO] [DEBUG] Starting unload of RequestManager at 1719074985897
[24-06-23 01:49:45] [INFO] [DEBUG] RequestManager has been unloaded. (took 0ms)
[24-06-23 01:49:45] [INFO] [DEBUG] Starting unload of QueueSignManagerImpl at 1719074985897
[24-06-23 01:49:45] [INFO] [DEBUG] QueueSignManagerImpl has been unloaded. (took 0ms)
[24-06-23 01:49:45] [INFO] [DEBUG] Starting unload of QueueManager at 1719074985897
[24-06-23 01:49:45] [INFO] [DEBUG] QueueManager has been unloaded. (took 0ms)
[24-06-23 01:49:45] [INFO] [DEBUG] Starting unload of DuelManager at 1719074985897
[24-06-23 01:49:45] [INFO] [DEBUG] DuelManager has been unloaded. (took 0ms)
[24-06-23 01:49:45] [INFO] [DEBUG] Starting unload of InventoryManager at 1719074985897
[24-06-23 01:49:45] [INFO] [DEBUG] InventoryManager has been unloaded. (took 0ms)
[24-06-23 01:49:45] [INFO] [DEBUG] Starting unload of BettingManager at 1719074985897
[24-06-23 01:49:45] [INFO] [DEBUG] BettingManager has been unloaded. (took 0ms)
[24-06-23 01:49:45] [INFO] [DEBUG] Starting unload of SpectateManagerImpl at 1719074985897
[24-06-23 01:49:45] [INFO] [DEBUG] SpectateManagerImpl has been unloaded. (took 0ms)
[24-06-23 01:49:45] [INFO] [DEBUG] Starting unload of PlayerInfoManager at 1719074985897
[24-06-23 01:49:45] [INFO] [DEBUG] PlayerInfoManager has been unloaded. (took 1ms)
[24-06-23 01:49:45] [INFO] [DEBUG] Starting unload of SettingsManager at 1719074985898
[24-06-23 01:49:45] [INFO] [DEBUG] SettingsManager has been unloaded. (took 0ms)
[24-06-23 01:49:45] [INFO] [DEBUG] Starting unload of ArenaManagerImpl at 1719074985898
[24-06-23 01:49:45] [INFO] [DEBUG] ArenaManagerImpl has been unloaded. (took 0ms)
[24-06-23 01:49:45] [INFO] [DEBUG] Starting unload of KitManagerImpl at 1719074985898
[24-06-23 01:49:45] [INFO] [DEBUG] KitManagerImpl has been unloaded. (took 0ms)
[24-06-23 01:49:45] [INFO] [DEBUG] Starting unload of GuiListener at 1719074985898
[24-06-23 01:49:45] [INFO] [DEBUG] GuiListener has been unloaded. (took 0ms)
[24-06-23 01:49:45] [INFO] [DEBUG] Starting unload of UserManagerImpl at 1719074985898
[24-06-23 01:49:45] [INFO] [DEBUG] UserManagerImpl has been unloaded. (took 0ms)
[24-06-23 01:49:45] [INFO] [DEBUG] Starting unload of Lang at 1719074985898
[24-06-23 01:49:45] [INFO] [DEBUG] Lang has been unloaded. (took 0ms)
[24-06-23 01:49:45] [INFO] [DEBUG] Starting unload of Config at 1719074985898
[24-06-23 01:49:45] [INFO] [DEBUG] Config has been unloaded. (took 0ms)
[24-06-23 01:49:45] [INFO] [DEBUG] unload done (took 4ms)
[24-06-23 01:49:45] [INFO] [DEBUG] Log#clearSources done (took 0ms)
