[24-05-21 12:25:39] [INFO] [DEBUG] onEnable start -> 1716261939682

[24-05-21 12:25:39] [INFO] [DEBUG] Starting load of Config at 1716261939960
[24-05-21 12:25:39] [INFO] [DEBUG] Config has been loaded. (took 21ms)
[24-05-21 12:25:39] [INFO] [DEBUG] Starting load of Lang at 1716261939981
[24-05-21 12:25:40] [INFO] [DEBUG] Lang has been loaded. (took 31ms)
[24-05-21 12:25:40] [INFO] [DEBUG] Starting load of UserManagerImpl at 1716261940012
[24-05-21 12:25:40] [INFO] [DEBUG] UserManagerImpl has been loaded. (took 2ms)
[24-05-21 12:25:40] [INFO] [DEBUG] Starting load of GuiListener at 1716261940014
[24-05-21 12:25:40] [INFO] [DEBUG] GuiListener has been loaded. (took 0ms)
[24-05-21 12:25:40] [INFO] [DEBUG] Starting load of KitManagerImpl at 1716261940015
[24-05-21 12:25:40] [INFO] KitManagerImpl: Loaded 10 kit(s).
[24-05-21 12:25:40] [INFO] [DEBUG] KitManagerImpl has been loaded. (took 380ms)
[24-05-21 12:25:40] [INFO] [DEBUG] Starting load of ArenaManagerImpl at 1716261940395
[24-05-21 12:25:40] [INFO] ArenaManagerImpl: Loaded 8 arena(s).
[24-05-21 12:25:40] [INFO] [DEBUG] ArenaManagerImpl has been loaded. (took 39ms)
[24-05-21 12:25:40] [INFO] [DEBUG] Starting load of SettingsManager at 1716261940434
[24-05-21 12:25:40] [INFO] [DEBUG] SettingsManager has been loaded. (took 0ms)
[24-05-21 12:25:40] [INFO] [DEBUG] Starting load of PlayerInfoManager at 1716261940434
[24-05-21 12:25:40] [INFO] [DEBUG] PlayerInfoManager has been loaded. (took 3ms)
[24-05-21 12:25:40] [INFO] [DEBUG] Starting load of SpectateManagerImpl at 1716261940437
[24-05-21 12:25:40] [INFO] [DEBUG] SpectateManagerImpl has been loaded. (took 0ms)
[24-05-21 12:25:40] [INFO] [DEBUG] Starting load of BettingManager at 1716261940437
[24-05-21 12:25:40] [INFO] BettingManager: Vault was not found! Money betting feature will be automatically disabled.
[24-05-21 12:25:40] [INFO] [DEBUG] BettingManager has been loaded. (took 0ms)
[24-05-21 12:25:40] [INFO] [DEBUG] Starting load of InventoryManager at 1716261940437
[24-05-21 12:25:40] [INFO] [DEBUG] InventoryManager has been loaded. (took 1ms)
[24-05-21 12:25:40] [INFO] [DEBUG] Starting load of DuelManager at 1716261940438
[24-05-21 12:25:40] [INFO] [DEBUG] DuelManager has been loaded. (took 0ms)
[24-05-21 12:25:40] [INFO] [DEBUG] Starting load of QueueManager at 1716261940438
[24-05-21 12:25:40] [INFO] QueueManager: Loaded 9 queue(s).
[24-05-21 12:25:40] [INFO] [DEBUG] QueueManager has been loaded. (took 7ms)
[24-05-21 12:25:40] [INFO] [DEBUG] Starting load of QueueSignManagerImpl at 1716261940445
[24-05-21 12:25:40] [INFO] QueueSignManagerImpl: Loaded 0 queue sign(s).
[24-05-21 12:25:40] [INFO] [DEBUG] QueueSignManagerImpl has been loaded. (took 3ms)
[24-05-21 12:25:40] [INFO] [DEBUG] Starting load of RequestManager at 1716261940448
[24-05-21 12:25:40] [INFO] [DEBUG] RequestManager has been loaded. (took 0ms)
[24-05-21 12:25:40] [INFO] [DEBUG] Starting load of Teleport at 1716261940448
[24-05-21 12:25:40] [INFO] [DEBUG] Teleport has been loaded. (took 0ms)
[24-05-21 12:25:40] [INFO] [DEBUG] Starting load of ExtensionManager at 1716261940448
[24-05-21 12:25:40] [INFO] [DEBUG] ExtensionManager has been loaded. (took 1ms)
[24-05-21 12:29:37] [INFO] [DEBUG] onEnable start -> 1716262177180

[24-05-21 12:29:37] [INFO] [DEBUG] Starting load of Config at 1716262177235
[24-05-21 12:29:37] [INFO] [DEBUG] Config has been loaded. (took 311ms)
[24-05-21 12:29:37] [INFO] [DEBUG] Starting load of Lang at 1716262177548
[24-05-21 12:29:37] [INFO] [DEBUG] Lang has been loaded. (took 45ms)
[24-05-21 12:29:37] [INFO] [DEBUG] Starting load of UserManagerImpl at 1716262177593
[24-05-21 12:29:37] [INFO] [DEBUG] UserManagerImpl has been loaded. (took 2ms)
[24-05-21 12:29:37] [INFO] [DEBUG] Starting load of GuiListener at 1716262177595
[24-05-21 12:29:37] [INFO] [DEBUG] GuiListener has been loaded. (took 0ms)
[24-05-21 12:29:37] [INFO] [DEBUG] Starting load of KitManagerImpl at 1716262177595
[24-05-21 12:29:38] [INFO] KitManagerImpl: Loaded 10 kit(s).
[24-05-21 12:29:38] [INFO] [DEBUG] KitManagerImpl has been loaded. (took 470ms)
[24-05-21 12:29:38] [INFO] [DEBUG] Starting load of ArenaManagerImpl at 1716262178065
[24-05-21 12:29:38] [INFO] ArenaManagerImpl: Loaded 8 arena(s).
[24-05-21 12:29:38] [INFO] [DEBUG] ArenaManagerImpl has been loaded. (took 36ms)
[24-05-21 12:29:38] [INFO] [DEBUG] Starting load of SettingsManager at 1716262178101
[24-05-21 12:29:38] [INFO] [DEBUG] SettingsManager has been loaded. (took 0ms)
[24-05-21 12:29:38] [INFO] [DEBUG] Starting load of PlayerInfoManager at 1716262178101
[24-05-21 12:29:38] [WARNING] PlayerInfoManager: Lobby location was not set, using world's spawn location as default. Use the command /duels setlobby in-game to set the lobby location.
[24-05-21 12:29:38] [INFO] [DEBUG] PlayerInfoManager has been loaded. (took 5ms)
[24-05-21 12:29:38] [INFO] [DEBUG] Starting load of SpectateManagerImpl at 1716262178106
[24-05-21 12:29:38] [INFO] [DEBUG] SpectateManagerImpl has been loaded. (took 0ms)
[24-05-21 12:29:38] [INFO] [DEBUG] Starting load of BettingManager at 1716262178106
[24-05-21 12:29:38] [INFO] BettingManager: Vault was not found! Money betting feature will be automatically disabled.
[24-05-21 12:29:38] [INFO] [DEBUG] BettingManager has been loaded. (took 0ms)
[24-05-21 12:29:38] [INFO] [DEBUG] Starting load of InventoryManager at 1716262178106
[24-05-21 12:29:38] [INFO] [DEBUG] InventoryManager has been loaded. (took 2ms)
[24-05-21 12:29:38] [INFO] [DEBUG] Starting load of DuelManager at 1716262178108
[24-05-21 12:29:38] [INFO] [DEBUG] DuelManager has been loaded. (took 0ms)
[24-05-21 12:29:38] [INFO] [DEBUG] Starting load of QueueManager at 1716262178108
[24-05-21 12:29:38] [INFO] QueueManager: Loaded 9 queue(s).
[24-05-21 12:29:38] [INFO] [DEBUG] QueueManager has been loaded. (took 11ms)
[24-05-21 12:29:38] [INFO] [DEBUG] Starting load of QueueSignManagerImpl at 1716262178120
[24-05-21 12:29:38] [INFO] QueueSignManagerImpl: Loaded 0 queue sign(s).
[24-05-21 12:29:38] [INFO] [DEBUG] QueueSignManagerImpl has been loaded. (took 4ms)
[24-05-21 12:29:38] [INFO] [DEBUG] Starting load of RequestManager at 1716262178124
[24-05-21 12:29:38] [INFO] [DEBUG] RequestManager has been loaded. (took 0ms)
[24-05-21 12:29:38] [INFO] [DEBUG] Starting load of Teleport at 1716262178124
[24-05-21 12:29:38] [INFO] [DEBUG] Teleport has been loaded. (took 1ms)
[24-05-21 12:29:38] [INFO] [DEBUG] Starting load of ExtensionManager at 1716262178125
[24-05-21 12:29:38] [INFO] [DEBUG] ExtensionManager has been loaded. (took 1ms)
[24-05-21 12:41:30] [INFO] [DEBUG] onEnable start -> 1716262890976

[24-05-21 12:41:31] [INFO] [DEBUG] Starting load of Config at 1716262891197
[24-05-21 12:41:31] [INFO] [DEBUG] Config has been loaded. (took 20ms)
[24-05-21 12:41:31] [INFO] [DEBUG] Starting load of Lang at 1716262891217
[24-05-21 12:41:31] [INFO] [DEBUG] Lang has been loaded. (took 30ms)
[24-05-21 12:41:31] [INFO] [DEBUG] Starting load of UserManagerImpl at 1716262891248
[24-05-21 12:41:31] [INFO] [DEBUG] UserManagerImpl has been loaded. (took 1ms)
[24-05-21 12:41:31] [INFO] [DEBUG] Starting load of GuiListener at 1716262891249
[24-05-21 12:41:31] [INFO] [DEBUG] GuiListener has been loaded. (took 0ms)
[24-05-21 12:41:31] [INFO] [DEBUG] Starting load of KitManagerImpl at 1716262891249
[24-05-21 12:41:31] [INFO] KitManagerImpl: Loaded 10 kit(s).
[24-05-21 12:41:31] [INFO] [DEBUG] KitManagerImpl has been loaded. (took 398ms)
[24-05-21 12:41:31] [INFO] [DEBUG] Starting load of ArenaManagerImpl at 1716262891647
[24-05-21 12:41:31] [INFO] ArenaManagerImpl: Loaded 8 arena(s).
[24-05-21 12:41:31] [INFO] [DEBUG] ArenaManagerImpl has been loaded. (took 29ms)
[24-05-21 12:41:31] [INFO] [DEBUG] Starting load of SettingsManager at 1716262891677
[24-05-21 12:41:31] [INFO] [DEBUG] SettingsManager has been loaded. (took 0ms)
[24-05-21 12:41:31] [INFO] [DEBUG] Starting load of PlayerInfoManager at 1716262891677
[24-05-21 12:41:31] [INFO] [DEBUG] PlayerInfoManager has been loaded. (took 2ms)
[24-05-21 12:41:31] [INFO] [DEBUG] Starting load of SpectateManagerImpl at 1716262891679
[24-05-21 12:41:31] [INFO] [DEBUG] SpectateManagerImpl has been loaded. (took 0ms)
[24-05-21 12:41:31] [INFO] [DEBUG] Starting load of BettingManager at 1716262891679
[24-05-21 12:41:31] [INFO] BettingManager: Vault was not found! Money betting feature will be automatically disabled.
[24-05-21 12:41:31] [INFO] [DEBUG] BettingManager has been loaded. (took 0ms)
[24-05-21 12:41:31] [INFO] [DEBUG] Starting load of InventoryManager at 1716262891680
[24-05-21 12:41:31] [INFO] [DEBUG] InventoryManager has been loaded. (took 0ms)
[24-05-21 12:41:31] [INFO] [DEBUG] Starting load of DuelManager at 1716262891680
[24-05-21 12:41:31] [INFO] [DEBUG] DuelManager has been loaded. (took 0ms)
[24-05-21 12:41:31] [INFO] [DEBUG] Starting load of QueueManager at 1716262891680
[24-05-21 12:41:31] [INFO] QueueManager: Loaded 9 queue(s).
[24-05-21 12:41:31] [INFO] [DEBUG] QueueManager has been loaded. (took 7ms)
[24-05-21 12:41:31] [INFO] [DEBUG] Starting load of QueueSignManagerImpl at 1716262891687
[24-05-21 12:41:31] [INFO] QueueSignManagerImpl: Loaded 0 queue sign(s).
[24-05-21 12:41:31] [INFO] [DEBUG] QueueSignManagerImpl has been loaded. (took 5ms)
[24-05-21 12:41:31] [INFO] [DEBUG] Starting load of RequestManager at 1716262891692
[24-05-21 12:41:31] [INFO] [DEBUG] RequestManager has been loaded. (took 0ms)
[24-05-21 12:41:31] [INFO] [DEBUG] Starting load of Teleport at 1716262891692
[24-05-21 12:41:31] [INFO] [DEBUG] Teleport has been loaded. (took 1ms)
[24-05-21 12:41:31] [INFO] [DEBUG] Starting load of ExtensionManager at 1716262891693
[24-05-21 12:41:31] [INFO] [DEBUG] ExtensionManager has been loaded. (took 1ms)
