[24-07-05 22:34:20] [INFO] [DEBUG] onEnable start -> 1720186460076

[24-07-05 22:34:20] [INFO] [DEBUG] Starting load of Config at 1720186460119
[24-07-05 22:34:20] [INFO] [DEBUG] Config has been loaded. (took 8ms)
[24-07-05 22:34:20] [INFO] [DEBUG] Starting load of Lang at 1720186460127
[24-07-05 22:34:20] [INFO] [DEBUG] Lang has been loaded. (took 10ms)
[24-07-05 22:34:20] [INFO] [DEBUG] Starting load of UserManagerImpl at 1720186460137
[24-07-05 22:34:20] [INFO] [DEBUG] UserManagerImpl has been loaded. (took 0ms)
[24-07-05 22:34:20] [INFO] [DEBUG] Starting load of GuiListener at 1720186460137
[24-07-05 22:34:20] [INFO] [DEBUG] GuiListener has been loaded. (took 0ms)
[24-07-05 22:34:20] [INFO] [DEBUG] Starting load of KitManagerImpl at 1720186460137
[24-07-05 22:34:20] [INFO] KitManagerImpl: Loaded 10 kit(s).
[24-07-05 22:34:20] [INFO] [DEBUG] KitManagerImpl has been loaded. (took 142ms)
[24-07-05 22:34:20] [INFO] [DEBUG] Starting load of ArenaManagerImpl at 1720186460279
[24-07-05 22:34:20] [INFO] ArenaManagerImpl: Loaded 8 arena(s).
[24-07-05 22:34:20] [INFO] [DEBUG] ArenaManagerImpl has been loaded. (took 15ms)
[24-07-05 22:34:20] [INFO] [DEBUG] Starting load of SettingsManager at 1720186460294
[24-07-05 22:34:20] [INFO] [DEBUG] SettingsManager has been loaded. (took 0ms)
[24-07-05 22:34:20] [INFO] [DEBUG] Starting load of PlayerInfoManager at 1720186460294
[24-07-05 22:34:20] [INFO] [DEBUG] PlayerInfoManager has been loaded. (took 1ms)
[24-07-05 22:34:20] [INFO] [DEBUG] Starting load of SpectateManagerImpl at 1720186460295
[24-07-05 22:34:20] [INFO] [DEBUG] SpectateManagerImpl has been loaded. (took 0ms)
[24-07-05 22:34:20] [INFO] [DEBUG] Starting load of BettingManager at 1720186460296
[24-07-05 22:34:20] [INFO] BettingManager: Vault was not found! Money betting feature will be automatically disabled.
[24-07-05 22:34:20] [INFO] [DEBUG] BettingManager has been loaded. (took 0ms)
[24-07-05 22:34:20] [INFO] [DEBUG] Starting load of InventoryManager at 1720186460296
[24-07-05 22:34:20] [INFO] [DEBUG] InventoryManager has been loaded. (took 1ms)
[24-07-05 22:34:20] [INFO] [DEBUG] Starting load of DuelManager at 1720186460297
[24-07-05 22:34:20] [INFO] [DEBUG] DuelManager has been loaded. (took 0ms)
[24-07-05 22:34:20] [INFO] [DEBUG] Starting load of QueueManager at 1720186460297
[24-07-05 22:34:20] [INFO] QueueManager: Loaded 9 queue(s).
[24-07-05 22:34:20] [INFO] [DEBUG] QueueManager has been loaded. (took 5ms)
[24-07-05 22:34:20] [INFO] [DEBUG] Starting load of QueueSignManagerImpl at 1720186460302
[24-07-05 22:34:20] [INFO] QueueSignManagerImpl: Loaded 7 queue sign(s).
[24-07-05 22:34:20] [INFO] [DEBUG] QueueSignManagerImpl has been loaded. (took 17ms)
[24-07-05 22:34:20] [INFO] [DEBUG] Starting load of RequestManager at 1720186460319
[24-07-05 22:34:20] [INFO] [DEBUG] RequestManager has been loaded. (took 0ms)
[24-07-05 22:34:20] [INFO] [DEBUG] Starting load of Teleport at 1720186460319
[24-07-05 22:34:20] [INFO] [DEBUG] Teleport has been loaded. (took 0ms)
[24-07-05 22:34:20] [INFO] [DEBUG] Starting load of ExtensionManager at 1720186460319
[24-07-05 22:34:20] [INFO] [DEBUG] ExtensionManager has been loaded. (took 1ms)
[24-07-05 22:38:33] [INFO] [DEBUG] onDisable start -> 1720186713494

[24-07-05 22:38:33] [INFO] [DEBUG] Starting unload of ExtensionManager at 1720186713495
[24-07-05 22:38:33] [INFO] [DEBUG] ExtensionManager has been unloaded. (took 1ms)
[24-07-05 22:38:33] [INFO] [DEBUG] Starting unload of Teleport at 1720186713496
[24-07-05 22:38:33] [INFO] [DEBUG] Teleport has been unloaded. (took 0ms)
[24-07-05 22:38:33] [INFO] [DEBUG] Starting unload of RequestManager at 1720186713496
[24-07-05 22:38:33] [INFO] [DEBUG] RequestManager has been unloaded. (took 0ms)
[24-07-05 22:38:33] [INFO] [DEBUG] Starting unload of QueueSignManagerImpl at 1720186713496
[24-07-05 22:38:33] [INFO] [DEBUG] QueueSignManagerImpl has been unloaded. (took 0ms)
[24-07-05 22:38:33] [INFO] [DEBUG] Starting unload of QueueManager at 1720186713496
[24-07-05 22:38:33] [INFO] [DEBUG] QueueManager has been unloaded. (took 1ms)
[24-07-05 22:38:33] [INFO] [DEBUG] Starting unload of DuelManager at 1720186713497
[24-07-05 22:38:33] [INFO] [DEBUG] DuelManager has been unloaded. (took 0ms)
[24-07-05 22:38:33] [INFO] [DEBUG] Starting unload of InventoryManager at 1720186713497
[24-07-05 22:38:33] [INFO] [DEBUG] InventoryManager has been unloaded. (took 0ms)
[24-07-05 22:38:33] [INFO] [DEBUG] Starting unload of BettingManager at 1720186713497
[24-07-05 22:38:33] [INFO] [DEBUG] BettingManager has been unloaded. (took 0ms)
[24-07-05 22:38:33] [INFO] [DEBUG] Starting unload of SpectateManagerImpl at 1720186713497
[24-07-05 22:38:33] [INFO] [DEBUG] SpectateManagerImpl has been unloaded. (took 0ms)
[24-07-05 22:38:33] [INFO] [DEBUG] Starting unload of PlayerInfoManager at 1720186713497
[24-07-05 22:38:33] [INFO] [DEBUG] PlayerInfoManager has been unloaded. (took 0ms)
[24-07-05 22:38:33] [INFO] [DEBUG] Starting unload of SettingsManager at 1720186713498
[24-07-05 22:38:33] [INFO] [DEBUG] SettingsManager has been unloaded. (took 0ms)
[24-07-05 22:38:33] [INFO] [DEBUG] Starting unload of ArenaManagerImpl at 1720186713498
[24-07-05 22:38:33] [INFO] [DEBUG] ArenaManagerImpl has been unloaded. (took 0ms)
[24-07-05 22:38:33] [INFO] [DEBUG] Starting unload of KitManagerImpl at 1720186713498
[24-07-05 22:38:33] [INFO] [DEBUG] KitManagerImpl has been unloaded. (took 0ms)
[24-07-05 22:38:33] [INFO] [DEBUG] Starting unload of GuiListener at 1720186713498
[24-07-05 22:38:33] [INFO] [DEBUG] GuiListener has been unloaded. (took 0ms)
[24-07-05 22:38:33] [INFO] [DEBUG] Starting unload of UserManagerImpl at 1720186713498
[24-07-05 22:38:33] [INFO] [DEBUG] UserManagerImpl has been unloaded. (took 0ms)
[24-07-05 22:38:33] [INFO] [DEBUG] Starting unload of Lang at 1720186713498
[24-07-05 22:38:33] [INFO] [DEBUG] Lang has been unloaded. (took 0ms)
[24-07-05 22:38:33] [INFO] [DEBUG] Starting unload of Config at 1720186713498
[24-07-05 22:38:33] [INFO] [DEBUG] Config has been unloaded. (took 0ms)
[24-07-05 22:38:33] [INFO] [DEBUG] unload done (took 4ms)
[24-07-05 22:38:33] [INFO] [DEBUG] Log#clearSources done (took 0ms)
