[24-05-23 00:33:50] [INFO] [DEBUG] onEnable start -> 1716392030874

[24-05-23 00:33:50] [INFO] [DEBUG] Starting load of Config at 1716392030908
[24-05-23 00:33:50] [INFO] [DEBUG] Config has been loaded. (took 7ms)
[24-05-23 00:33:50] [INFO] [DEBUG] Starting load of Lang at 1716392030916
[24-05-23 00:33:50] [INFO] [DEBUG] Lang has been loaded. (took 10ms)
[24-05-23 00:33:50] [INFO] [DEBUG] Starting load of UserManagerImpl at 1716392030927
[24-05-23 00:33:50] [INFO] [DEBUG] UserManagerImpl has been loaded. (took 0ms)
[24-05-23 00:33:50] [INFO] [DEBUG] Starting load of GuiListener at 1716392030927
[24-05-23 00:33:50] [INFO] [DEBUG] GuiListener has been loaded. (took 1ms)
[24-05-23 00:33:50] [INFO] [DEBUG] Starting load of KitManagerImpl at 1716392030928
[24-05-23 00:33:51] [INFO] KitManagerImpl: Loaded 10 kit(s).
[24-05-23 00:33:51] [INFO] [DEBUG] KitManagerImpl has been loaded. (took 98ms)
[24-05-23 00:33:51] [INFO] [DEBUG] Starting load of ArenaManagerImpl at 1716392031026
[24-05-23 00:33:51] [INFO] ArenaManagerImpl: Loaded 8 arena(s).
[24-05-23 00:33:51] [INFO] [DEBUG] ArenaManagerImpl has been loaded. (took 15ms)
[24-05-23 00:33:51] [INFO] [DEBUG] Starting load of SettingsManager at 1716392031041
[24-05-23 00:33:51] [INFO] [DEBUG] SettingsManager has been loaded. (took 0ms)
[24-05-23 00:33:51] [INFO] [DEBUG] Starting load of PlayerInfoManager at 1716392031041
[24-05-23 00:33:51] [INFO] [DEBUG] PlayerInfoManager has been loaded. (took 1ms)
[24-05-23 00:33:51] [INFO] [DEBUG] Starting load of SpectateManagerImpl at 1716392031042
[24-05-23 00:33:51] [INFO] [DEBUG] SpectateManagerImpl has been loaded. (took 0ms)
[24-05-23 00:33:51] [INFO] [DEBUG] Starting load of BettingManager at 1716392031042
[24-05-23 00:33:51] [INFO] BettingManager: Vault was not found! Money betting feature will be automatically disabled.
[24-05-23 00:33:51] [INFO] [DEBUG] BettingManager has been loaded. (took 0ms)
[24-05-23 00:33:51] [INFO] [DEBUG] Starting load of InventoryManager at 1716392031042
[24-05-23 00:33:51] [INFO] [DEBUG] InventoryManager has been loaded. (took 0ms)
[24-05-23 00:33:51] [INFO] [DEBUG] Starting load of DuelManager at 1716392031042
[24-05-23 00:33:51] [INFO] [DEBUG] DuelManager has been loaded. (took 0ms)
[24-05-23 00:33:51] [INFO] [DEBUG] Starting load of QueueManager at 1716392031042
[24-05-23 00:33:51] [INFO] QueueManager: Loaded 9 queue(s).
[24-05-23 00:33:51] [INFO] [DEBUG] QueueManager has been loaded. (took 4ms)
[24-05-23 00:33:51] [INFO] [DEBUG] Starting load of QueueSignManagerImpl at 1716392031046
[24-05-23 00:33:51] [INFO] QueueSignManagerImpl: Loaded 7 queue sign(s).
[24-05-23 00:33:51] [INFO] [DEBUG] QueueSignManagerImpl has been loaded. (took 14ms)
[24-05-23 00:33:51] [INFO] [DEBUG] Starting load of RequestManager at 1716392031060
[24-05-23 00:33:51] [INFO] [DEBUG] RequestManager has been loaded. (took 0ms)
[24-05-23 00:33:51] [INFO] [DEBUG] Starting load of Teleport at 1716392031060
[24-05-23 00:33:51] [INFO] [DEBUG] Teleport has been loaded. (took 1ms)
[24-05-23 00:33:51] [INFO] [DEBUG] Starting load of ExtensionManager at 1716392031061
[24-05-23 00:33:51] [INFO] [DEBUG] ExtensionManager has been loaded. (took 0ms)
[24-05-23 00:54:57] [INFO] [DEBUG] onEnable start -> 1716393297518

[24-05-23 00:54:57] [INFO] [DEBUG] Starting load of Config at 1716393297548
[24-05-23 00:54:57] [INFO] [DEBUG] Config has been loaded. (took 7ms)
[24-05-23 00:54:57] [INFO] [DEBUG] Starting load of Lang at 1716393297555
[24-05-23 00:54:57] [INFO] [DEBUG] Lang has been loaded. (took 11ms)
[24-05-23 00:54:57] [INFO] [DEBUG] Starting load of UserManagerImpl at 1716393297566
[24-05-23 00:54:57] [INFO] [DEBUG] UserManagerImpl has been loaded. (took 1ms)
[24-05-23 00:54:57] [INFO] [DEBUG] Starting load of GuiListener at 1716393297567
[24-05-23 00:54:57] [INFO] [DEBUG] GuiListener has been loaded. (took 0ms)
[24-05-23 00:54:57] [INFO] [DEBUG] Starting load of KitManagerImpl at 1716393297567
[24-05-23 00:54:57] [INFO] KitManagerImpl: Loaded 10 kit(s).
[24-05-23 00:54:57] [INFO] [DEBUG] KitManagerImpl has been loaded. (took 98ms)
[24-05-23 00:54:57] [INFO] [DEBUG] Starting load of ArenaManagerImpl at 1716393297665
[24-05-23 00:54:57] [INFO] ArenaManagerImpl: Loaded 8 arena(s).
[24-05-23 00:54:57] [INFO] [DEBUG] ArenaManagerImpl has been loaded. (took 16ms)
[24-05-23 00:54:57] [INFO] [DEBUG] Starting load of SettingsManager at 1716393297681
[24-05-23 00:54:57] [INFO] [DEBUG] SettingsManager has been loaded. (took 0ms)
[24-05-23 00:54:57] [INFO] [DEBUG] Starting load of PlayerInfoManager at 1716393297681
[24-05-23 00:54:57] [INFO] [DEBUG] PlayerInfoManager has been loaded. (took 1ms)
[24-05-23 00:54:57] [INFO] [DEBUG] Starting load of SpectateManagerImpl at 1716393297682
[24-05-23 00:54:57] [INFO] [DEBUG] SpectateManagerImpl has been loaded. (took 0ms)
[24-05-23 00:54:57] [INFO] [DEBUG] Starting load of BettingManager at 1716393297682
[24-05-23 00:54:57] [INFO] BettingManager: Vault was not found! Money betting feature will be automatically disabled.
[24-05-23 00:54:57] [INFO] [DEBUG] BettingManager has been loaded. (took 0ms)
[24-05-23 00:54:57] [INFO] [DEBUG] Starting load of InventoryManager at 1716393297682
[24-05-23 00:54:57] [INFO] [DEBUG] InventoryManager has been loaded. (took 0ms)
[24-05-23 00:54:57] [INFO] [DEBUG] Starting load of DuelManager at 1716393297682
[24-05-23 00:54:57] [INFO] [DEBUG] DuelManager has been loaded. (took 0ms)
[24-05-23 00:54:57] [INFO] [DEBUG] Starting load of QueueManager at 1716393297682
[24-05-23 00:54:57] [INFO] QueueManager: Loaded 9 queue(s).
[24-05-23 00:54:57] [INFO] [DEBUG] QueueManager has been loaded. (took 3ms)
[24-05-23 00:54:57] [INFO] [DEBUG] Starting load of QueueSignManagerImpl at 1716393297685
[24-05-23 00:54:57] [INFO] QueueSignManagerImpl: Loaded 7 queue sign(s).
[24-05-23 00:54:57] [INFO] [DEBUG] QueueSignManagerImpl has been loaded. (took 11ms)
[24-05-23 00:54:57] [INFO] [DEBUG] Starting load of RequestManager at 1716393297696
[24-05-23 00:54:57] [INFO] [DEBUG] RequestManager has been loaded. (took 0ms)
[24-05-23 00:54:57] [INFO] [DEBUG] Starting load of Teleport at 1716393297696
[24-05-23 00:54:57] [INFO] [DEBUG] Teleport has been loaded. (took 0ms)
[24-05-23 00:54:57] [INFO] [DEBUG] Starting load of ExtensionManager at 1716393297696
[24-05-23 00:54:57] [INFO] [DEBUG] ExtensionManager has been loaded. (took 1ms)
[24-05-23 01:04:07] [INFO] [DEBUG] onDisable start -> 1716393847483

[24-05-23 01:04:07] [INFO] [DEBUG] Starting unload of ExtensionManager at 1716393847486
[24-05-23 01:04:07] [INFO] [DEBUG] ExtensionManager has been unloaded. (took 0ms)
[24-05-23 01:04:07] [INFO] [DEBUG] Starting unload of Teleport at 1716393847486
[24-05-23 01:04:07] [INFO] [DEBUG] Teleport has been unloaded. (took 0ms)
[24-05-23 01:04:07] [INFO] [DEBUG] Starting unload of RequestManager at 1716393847486
[24-05-23 01:04:07] [INFO] [DEBUG] RequestManager has been unloaded. (took 0ms)
[24-05-23 01:04:07] [INFO] [DEBUG] Starting unload of QueueSignManagerImpl at 1716393847486
[24-05-23 01:04:07] [INFO] [DEBUG] QueueSignManagerImpl has been unloaded. (took 1ms)
[24-05-23 01:04:07] [INFO] [DEBUG] Starting unload of QueueManager at 1716393847487
[24-05-23 01:04:07] [INFO] [DEBUG] QueueManager has been unloaded. (took 0ms)
[24-05-23 01:04:07] [INFO] [DEBUG] Starting unload of DuelManager at 1716393847487
[24-05-23 01:04:07] [INFO] [DEBUG] DuelManager has been unloaded. (took 0ms)
[24-05-23 01:04:07] [INFO] [DEBUG] Starting unload of InventoryManager at 1716393847487
[24-05-23 01:04:07] [INFO] [DEBUG] InventoryManager has been unloaded. (took 0ms)
[24-05-23 01:04:07] [INFO] [DEBUG] Starting unload of BettingManager at 1716393847487
[24-05-23 01:04:07] [INFO] [DEBUG] BettingManager has been unloaded. (took 0ms)
[24-05-23 01:04:07] [INFO] [DEBUG] Starting unload of SpectateManagerImpl at 1716393847487
[24-05-23 01:04:07] [INFO] [DEBUG] SpectateManagerImpl has been unloaded. (took 0ms)
[24-05-23 01:04:07] [INFO] [DEBUG] Starting unload of PlayerInfoManager at 1716393847487
[24-05-23 01:04:07] [INFO] [DEBUG] PlayerInfoManager has been unloaded. (took 1ms)
[24-05-23 01:04:07] [INFO] [DEBUG] Starting unload of SettingsManager at 1716393847488
[24-05-23 01:04:07] [INFO] [DEBUG] SettingsManager has been unloaded. (took 0ms)
[24-05-23 01:04:07] [INFO] [DEBUG] Starting unload of ArenaManagerImpl at 1716393847488
[24-05-23 01:04:07] [INFO] [DEBUG] ArenaManagerImpl has been unloaded. (took 0ms)
[24-05-23 01:04:07] [INFO] [DEBUG] Starting unload of KitManagerImpl at 1716393847488
[24-05-23 01:04:07] [INFO] [DEBUG] KitManagerImpl has been unloaded. (took 0ms)
[24-05-23 01:04:07] [INFO] [DEBUG] Starting unload of GuiListener at 1716393847488
[24-05-23 01:04:07] [INFO] [DEBUG] GuiListener has been unloaded. (took 0ms)
[24-05-23 01:04:07] [INFO] [DEBUG] Starting unload of UserManagerImpl at 1716393847488
[24-05-23 01:04:07] [INFO] [DEBUG] UserManagerImpl has been unloaded. (took 0ms)
[24-05-23 01:04:07] [INFO] [DEBUG] Starting unload of Lang at 1716393847488
[24-05-23 01:04:07] [INFO] [DEBUG] Lang has been unloaded. (took 0ms)
[24-05-23 01:04:07] [INFO] [DEBUG] Starting unload of Config at 1716393847488
[24-05-23 01:04:07] [INFO] [DEBUG] Config has been unloaded. (took 0ms)
[24-05-23 01:04:07] [INFO] [DEBUG] unload done (took 5ms)
[24-05-23 01:04:07] [INFO] [DEBUG] Log#clearSources done (took 0ms)
[24-05-23 01:04:23] [INFO] [DEBUG] onEnable start -> 1716393863174

[24-05-23 01:04:23] [INFO] [DEBUG] Starting load of Config at 1716393863197
[24-05-23 01:04:23] [INFO] [DEBUG] Config has been loaded. (took 8ms)
[24-05-23 01:04:23] [INFO] [DEBUG] Starting load of Lang at 1716393863205
[24-05-23 01:04:23] [INFO] [DEBUG] Lang has been loaded. (took 9ms)
[24-05-23 01:04:23] [INFO] [DEBUG] Starting load of UserManagerImpl at 1716393863214
[24-05-23 01:04:23] [INFO] [DEBUG] UserManagerImpl has been loaded. (took 0ms)
[24-05-23 01:04:23] [INFO] [DEBUG] Starting load of GuiListener at 1716393863214
[24-05-23 01:04:23] [INFO] [DEBUG] GuiListener has been loaded. (took 0ms)
[24-05-23 01:04:23] [INFO] [DEBUG] Starting load of KitManagerImpl at 1716393863214
[24-05-23 01:04:23] [INFO] KitManagerImpl: Loaded 10 kit(s).
[24-05-23 01:04:23] [INFO] [DEBUG] KitManagerImpl has been loaded. (took 96ms)
[24-05-23 01:04:23] [INFO] [DEBUG] Starting load of ArenaManagerImpl at 1716393863311
[24-05-23 01:04:23] [INFO] ArenaManagerImpl: Loaded 8 arena(s).
[24-05-23 01:04:23] [INFO] [DEBUG] ArenaManagerImpl has been loaded. (took 12ms)
[24-05-23 01:04:23] [INFO] [DEBUG] Starting load of SettingsManager at 1716393863323
[24-05-23 01:04:23] [INFO] [DEBUG] SettingsManager has been loaded. (took 0ms)
[24-05-23 01:04:23] [INFO] [DEBUG] Starting load of PlayerInfoManager at 1716393863323
[24-05-23 01:04:23] [INFO] [DEBUG] PlayerInfoManager has been loaded. (took 1ms)
[24-05-23 01:04:23] [INFO] [DEBUG] Starting load of SpectateManagerImpl at 1716393863324
[24-05-23 01:04:23] [INFO] [DEBUG] SpectateManagerImpl has been loaded. (took 0ms)
[24-05-23 01:04:23] [INFO] [DEBUG] Starting load of BettingManager at 1716393863324
[24-05-23 01:04:23] [INFO] BettingManager: Vault was not found! Money betting feature will be automatically disabled.
[24-05-23 01:04:23] [INFO] [DEBUG] BettingManager has been loaded. (took 0ms)
[24-05-23 01:04:23] [INFO] [DEBUG] Starting load of InventoryManager at 1716393863324
[24-05-23 01:04:23] [INFO] [DEBUG] InventoryManager has been loaded. (took 1ms)
[24-05-23 01:04:23] [INFO] [DEBUG] Starting load of DuelManager at 1716393863325
[24-05-23 01:04:23] [INFO] [DEBUG] DuelManager has been loaded. (took 0ms)
[24-05-23 01:04:23] [INFO] [DEBUG] Starting load of QueueManager at 1716393863325
[24-05-23 01:04:23] [INFO] QueueManager: Loaded 9 queue(s).
[24-05-23 01:04:23] [INFO] [DEBUG] QueueManager has been loaded. (took 2ms)
[24-05-23 01:04:23] [INFO] [DEBUG] Starting load of QueueSignManagerImpl at 1716393863327
[24-05-23 01:04:23] [INFO] QueueSignManagerImpl: Loaded 7 queue sign(s).
[24-05-23 01:04:23] [INFO] [DEBUG] QueueSignManagerImpl has been loaded. (took 13ms)
[24-05-23 01:04:23] [INFO] [DEBUG] Starting load of RequestManager at 1716393863340
[24-05-23 01:04:23] [INFO] [DEBUG] RequestManager has been loaded. (took 0ms)
[24-05-23 01:04:23] [INFO] [DEBUG] Starting load of Teleport at 1716393863340
[24-05-23 01:04:23] [INFO] [DEBUG] Teleport has been loaded. (took 0ms)
[24-05-23 01:04:23] [INFO] [DEBUG] Starting load of ExtensionManager at 1716393863340
[24-05-23 01:04:23] [INFO] [DEBUG] ExtensionManager has been loaded. (took 0ms)
[24-05-23 01:13:49] [INFO] [DEBUG] onDisable start -> 1716394429051

[24-05-23 01:13:49] [INFO] [DEBUG] Starting unload of ExtensionManager at 1716394429052
[24-05-23 01:13:49] [INFO] [DEBUG] ExtensionManager has been unloaded. (took 1ms)
[24-05-23 01:13:49] [INFO] [DEBUG] Starting unload of Teleport at 1716394429053
[24-05-23 01:13:49] [INFO] [DEBUG] Teleport has been unloaded. (took 0ms)
[24-05-23 01:13:49] [INFO] [DEBUG] Starting unload of RequestManager at 1716394429053
[24-05-23 01:13:49] [INFO] [DEBUG] RequestManager has been unloaded. (took 0ms)
[24-05-23 01:13:49] [INFO] [DEBUG] Starting unload of QueueSignManagerImpl at 1716394429053
[24-05-23 01:13:49] [INFO] [DEBUG] QueueSignManagerImpl has been unloaded. (took 0ms)
[24-05-23 01:13:49] [INFO] [DEBUG] Starting unload of QueueManager at 1716394429053
[24-05-23 01:13:49] [INFO] [DEBUG] QueueManager has been unloaded. (took 1ms)
[24-05-23 01:13:49] [INFO] [DEBUG] Starting unload of DuelManager at 1716394429054
[24-05-23 01:13:49] [INFO] [DEBUG] DuelManager has been unloaded. (took 0ms)
[24-05-23 01:13:49] [INFO] [DEBUG] Starting unload of InventoryManager at 1716394429054
[24-05-23 01:13:49] [INFO] [DEBUG] InventoryManager has been unloaded. (took 0ms)
[24-05-23 01:13:49] [INFO] [DEBUG] Starting unload of BettingManager at 1716394429054
[24-05-23 01:13:49] [INFO] [DEBUG] BettingManager has been unloaded. (took 0ms)
[24-05-23 01:13:49] [INFO] [DEBUG] Starting unload of SpectateManagerImpl at 1716394429054
[24-05-23 01:13:49] [INFO] [DEBUG] SpectateManagerImpl has been unloaded. (took 0ms)
[24-05-23 01:13:49] [INFO] [DEBUG] Starting unload of PlayerInfoManager at 1716394429054
[24-05-23 01:13:49] [INFO] [DEBUG] PlayerInfoManager has been unloaded. (took 0ms)
[24-05-23 01:13:49] [INFO] [DEBUG] Starting unload of SettingsManager at 1716394429054
[24-05-23 01:13:49] [INFO] [DEBUG] SettingsManager has been unloaded. (took 0ms)
[24-05-23 01:13:49] [INFO] [DEBUG] Starting unload of ArenaManagerImpl at 1716394429054
[24-05-23 01:13:49] [INFO] [DEBUG] ArenaManagerImpl has been unloaded. (took 0ms)
[24-05-23 01:13:49] [INFO] [DEBUG] Starting unload of KitManagerImpl at 1716394429054
[24-05-23 01:13:49] [INFO] [DEBUG] KitManagerImpl has been unloaded. (took 0ms)
[24-05-23 01:13:49] [INFO] [DEBUG] Starting unload of GuiListener at 1716394429054
[24-05-23 01:13:49] [INFO] [DEBUG] GuiListener has been unloaded. (took 0ms)
[24-05-23 01:13:49] [INFO] [DEBUG] Starting unload of UserManagerImpl at 1716394429055
[24-05-23 01:13:49] [INFO] [DEBUG] UserManagerImpl has been unloaded. (took 13ms)
[24-05-23 01:13:49] [INFO] [DEBUG] Starting unload of Lang at 1716394429068
[24-05-23 01:13:49] [INFO] [DEBUG] Lang has been unloaded. (took 0ms)
[24-05-23 01:13:49] [INFO] [DEBUG] Starting unload of Config at 1716394429068
[24-05-23 01:13:49] [INFO] [DEBUG] Config has been unloaded. (took 0ms)
[24-05-23 01:13:49] [INFO] [DEBUG] unload done (took 17ms)
[24-05-23 01:13:49] [INFO] [DEBUG] Log#clearSources done (took 0ms)
[24-05-23 22:02:16] [INFO] [DEBUG] onEnable start -> 1716469336217

[24-05-23 22:02:16] [INFO] [DEBUG] Starting load of Config at 1716469336255
[24-05-23 22:02:16] [INFO] [DEBUG] Config has been loaded. (took 8ms)
[24-05-23 22:02:16] [INFO] [DEBUG] Starting load of Lang at 1716469336263
[24-05-23 22:02:16] [INFO] [DEBUG] Lang has been loaded. (took 14ms)
[24-05-23 22:02:16] [INFO] [DEBUG] Starting load of UserManagerImpl at 1716469336277
[24-05-23 22:02:16] [INFO] [DEBUG] UserManagerImpl has been loaded. (took 1ms)
[24-05-23 22:02:16] [INFO] [DEBUG] Starting load of GuiListener at 1716469336278
[24-05-23 22:02:16] [INFO] [DEBUG] GuiListener has been loaded. (took 0ms)
[24-05-23 22:02:16] [INFO] [DEBUG] Starting load of KitManagerImpl at 1716469336278
[24-05-23 22:02:16] [INFO] KitManagerImpl: Loaded 10 kit(s).
[24-05-23 22:02:16] [INFO] [DEBUG] KitManagerImpl has been loaded. (took 124ms)
[24-05-23 22:02:16] [INFO] [DEBUG] Starting load of ArenaManagerImpl at 1716469336402
[24-05-23 22:02:16] [INFO] ArenaManagerImpl: Loaded 8 arena(s).
[24-05-23 22:02:16] [INFO] [DEBUG] ArenaManagerImpl has been loaded. (took 14ms)
[24-05-23 22:02:16] [INFO] [DEBUG] Starting load of SettingsManager at 1716469336416
[24-05-23 22:02:16] [INFO] [DEBUG] SettingsManager has been loaded. (took 0ms)
[24-05-23 22:02:16] [INFO] [DEBUG] Starting load of PlayerInfoManager at 1716469336416
[24-05-23 22:02:16] [INFO] [DEBUG] PlayerInfoManager has been loaded. (took 2ms)
[24-05-23 22:02:16] [INFO] [DEBUG] Starting load of SpectateManagerImpl at 1716469336418
[24-05-23 22:02:16] [INFO] [DEBUG] SpectateManagerImpl has been loaded. (took 0ms)
[24-05-23 22:02:16] [INFO] [DEBUG] Starting load of BettingManager at 1716469336418
[24-05-23 22:02:16] [INFO] BettingManager: Vault was not found! Money betting feature will be automatically disabled.
[24-05-23 22:02:16] [INFO] [DEBUG] BettingManager has been loaded. (took 1ms)
[24-05-23 22:02:16] [INFO] [DEBUG] Starting load of InventoryManager at 1716469336419
[24-05-23 22:02:16] [INFO] [DEBUG] InventoryManager has been loaded. (took 0ms)
[24-05-23 22:02:16] [INFO] [DEBUG] Starting load of DuelManager at 1716469336419
[24-05-23 22:02:16] [INFO] [DEBUG] DuelManager has been loaded. (took 0ms)
[24-05-23 22:02:16] [INFO] [DEBUG] Starting load of QueueManager at 1716469336419
[24-05-23 22:02:16] [INFO] QueueManager: Loaded 9 queue(s).
[24-05-23 22:02:16] [INFO] [DEBUG] QueueManager has been loaded. (took 2ms)
[24-05-23 22:02:16] [INFO] [DEBUG] Starting load of QueueSignManagerImpl at 1716469336421
[24-05-23 22:02:16] [INFO] QueueSignManagerImpl: Loaded 7 queue sign(s).
[24-05-23 22:02:16] [INFO] [DEBUG] QueueSignManagerImpl has been loaded. (took 14ms)
[24-05-23 22:02:16] [INFO] [DEBUG] Starting load of RequestManager at 1716469336435
[24-05-23 22:02:16] [INFO] [DEBUG] RequestManager has been loaded. (took 0ms)
[24-05-23 22:02:16] [INFO] [DEBUG] Starting load of Teleport at 1716469336436
[24-05-23 22:02:16] [INFO] [DEBUG] Teleport has been loaded. (took 0ms)
[24-05-23 22:02:16] [INFO] [DEBUG] Starting load of ExtensionManager at 1716469336436
[24-05-23 22:02:16] [INFO] [DEBUG] ExtensionManager has been loaded. (took 1ms)
