[24-08-02 14:11:44] [INFO] [DEBUG] onEnable start -> 1722575504463

[24-08-02 14:11:44] [INFO] [DEBUG] Starting load of Config at 1722575504495
[24-08-02 14:11:44] [INFO] [DEBUG] Config has been loaded. (took 7ms)
[24-08-02 14:11:44] [INFO] [DEBUG] Starting load of Lang at 1722575504502
[24-08-02 14:11:44] [INFO] [DEBUG] Lang has been loaded. (took 10ms)
[24-08-02 14:11:44] [INFO] [DEBUG] Starting load of UserManagerImpl at 1722575504512
[24-08-02 14:11:44] [INFO] [DEBUG] UserManagerImpl has been loaded. (took 1ms)
[24-08-02 14:11:44] [INFO] [DEBUG] Starting load of GuiListener at 1722575504513
[24-08-02 14:11:44] [INFO] [DEBUG] GuiListener has been loaded. (took 0ms)
[24-08-02 14:11:44] [INFO] [DEBUG] Starting load of KitManagerImpl at 1722575504513
[24-08-02 14:11:44] [INFO] KitManagerImpl: Loaded 10 kit(s).
[24-08-02 14:11:44] [INFO] [DEBUG] KitManagerImpl has been loaded. (took 101ms)
[24-08-02 14:11:44] [INFO] [DEBUG] Starting load of ArenaManagerImpl at 1722575504614
[24-08-02 14:11:44] [INFO] ArenaManagerImpl: Loaded 8 arena(s).
[24-08-02 14:11:44] [INFO] [DEBUG] ArenaManagerImpl has been loaded. (took 15ms)
[24-08-02 14:11:44] [INFO] [DEBUG] Starting load of SettingsManager at 1722575504629
[24-08-02 14:11:44] [INFO] [DEBUG] SettingsManager has been loaded. (took 0ms)
[24-08-02 14:11:44] [INFO] [DEBUG] Starting load of PlayerInfoManager at 1722575504629
[24-08-02 14:11:44] [INFO] [DEBUG] PlayerInfoManager has been loaded. (took 1ms)
[24-08-02 14:11:44] [INFO] [DEBUG] Starting load of SpectateManagerImpl at 1722575504630
[24-08-02 14:11:44] [INFO] [DEBUG] SpectateManagerImpl has been loaded. (took 0ms)
[24-08-02 14:11:44] [INFO] [DEBUG] Starting load of BettingManager at 1722575504630
[24-08-02 14:11:44] [INFO] BettingManager: Vault was not found! Money betting feature will be automatically disabled.
[24-08-02 14:11:44] [INFO] [DEBUG] BettingManager has been loaded. (took 0ms)
[24-08-02 14:11:44] [INFO] [DEBUG] Starting load of InventoryManager at 1722575504630
[24-08-02 14:11:44] [INFO] [DEBUG] InventoryManager has been loaded. (took 0ms)
[24-08-02 14:11:44] [INFO] [DEBUG] Starting load of DuelManager at 1722575504630
[24-08-02 14:11:44] [INFO] [DEBUG] DuelManager has been loaded. (took 0ms)
[24-08-02 14:11:44] [INFO] [DEBUG] Starting load of QueueManager at 1722575504631
[24-08-02 14:11:44] [INFO] QueueManager: Loaded 9 queue(s).
[24-08-02 14:11:44] [INFO] [DEBUG] QueueManager has been loaded. (took 3ms)
[24-08-02 14:11:44] [INFO] [DEBUG] Starting load of QueueSignManagerImpl at 1722575504634
[24-08-02 14:11:44] [INFO] QueueSignManagerImpl: Loaded 7 queue sign(s).
[24-08-02 14:11:44] [INFO] [DEBUG] QueueSignManagerImpl has been loaded. (took 13ms)
[24-08-02 14:11:44] [INFO] [DEBUG] Starting load of RequestManager at 1722575504647
[24-08-02 14:11:44] [INFO] [DEBUG] RequestManager has been loaded. (took 0ms)
[24-08-02 14:11:44] [INFO] [DEBUG] Starting load of Teleport at 1722575504647
[24-08-02 14:11:44] [INFO] [DEBUG] Teleport has been loaded. (took 0ms)
[24-08-02 14:11:44] [INFO] [DEBUG] Starting load of ExtensionManager at 1722575504647
[24-08-02 14:11:44] [INFO] [DEBUG] ExtensionManager has been loaded. (took 0ms)
