[24-09-06 09:10:36] [INFO] [DEBUG] onEnable start -> 1725606636154

[24-09-06 09:10:36] [INFO] [DEBUG] Starting load of Config at 1725606636183
[24-09-06 09:10:36] [INFO] [DEBUG] Config has been loaded. (took 6ms)
[24-09-06 09:10:36] [INFO] [DEBUG] Starting load of Lang at 1725606636189
[24-09-06 09:10:36] [INFO] [DEBUG] Lang has been loaded. (took 10ms)
[24-09-06 09:10:36] [INFO] [DEBUG] Starting load of UserManagerImpl at 1725606636199
[24-09-06 09:10:36] [INFO] [DEBUG] UserManagerImpl has been loaded. (took 2ms)
[24-09-06 09:10:36] [INFO] [DEBUG] Starting load of GuiListener at 1725606636201
[24-09-06 09:10:36] [INFO] [DEBUG] GuiListener has been loaded. (took 0ms)
[24-09-06 09:10:36] [INFO] [DEBUG] Starting load of KitManagerImpl at 1725606636201
[24-09-06 09:10:36] [INFO] KitManagerImpl: Loaded 10 kit(s).
[24-09-06 09:10:36] [INFO] [DEBUG] KitManagerImpl has been loaded. (took 104ms)
[24-09-06 09:10:36] [INFO] [DEBUG] Starting load of ArenaManagerImpl at 1725606636305
[24-09-06 09:10:36] [INFO] ArenaManagerImpl: Loaded 8 arena(s).
[24-09-06 09:10:36] [INFO] [DEBUG] ArenaManagerImpl has been loaded. (took 17ms)
[24-09-06 09:10:36] [INFO] [DEBUG] Starting load of SettingsManager at 1725606636322
[24-09-06 09:10:36] [INFO] [DEBUG] SettingsManager has been loaded. (took 0ms)
[24-09-06 09:10:36] [INFO] [DEBUG] Starting load of PlayerInfoManager at 1725606636322
[24-09-06 09:10:36] [INFO] [DEBUG] PlayerInfoManager has been loaded. (took 1ms)
[24-09-06 09:10:36] [INFO] [DEBUG] Starting load of SpectateManagerImpl at 1725606636323
[24-09-06 09:10:36] [INFO] [DEBUG] SpectateManagerImpl has been loaded. (took 0ms)
[24-09-06 09:10:36] [INFO] [DEBUG] Starting load of BettingManager at 1725606636323
[24-09-06 09:10:36] [INFO] BettingManager: Vault was not found! Money betting feature will be automatically disabled.
[24-09-06 09:10:36] [INFO] [DEBUG] BettingManager has been loaded. (took 0ms)
[24-09-06 09:10:36] [INFO] [DEBUG] Starting load of InventoryManager at 1725606636323
[24-09-06 09:10:36] [INFO] [DEBUG] InventoryManager has been loaded. (took 1ms)
[24-09-06 09:10:36] [INFO] [DEBUG] Starting load of DuelManager at 1725606636324
[24-09-06 09:10:36] [INFO] [DEBUG] DuelManager has been loaded. (took 0ms)
[24-09-06 09:10:36] [INFO] [DEBUG] Starting load of QueueManager at 1725606636324
[24-09-06 09:10:36] [INFO] QueueManager: Loaded 9 queue(s).
[24-09-06 09:10:36] [INFO] [DEBUG] QueueManager has been loaded. (took 3ms)
[24-09-06 09:10:36] [INFO] [DEBUG] Starting load of QueueSignManagerImpl at 1725606636327
[24-09-06 09:10:36] [INFO] QueueSignManagerImpl: Loaded 7 queue sign(s).
[24-09-06 09:10:36] [INFO] [DEBUG] QueueSignManagerImpl has been loaded. (took 13ms)
[24-09-06 09:10:36] [INFO] [DEBUG] Starting load of RequestManager at 1725606636340
[24-09-06 09:10:36] [INFO] [DEBUG] RequestManager has been loaded. (took 0ms)
[24-09-06 09:10:36] [INFO] [DEBUG] Starting load of Teleport at 1725606636340
[24-09-06 09:10:36] [INFO] [DEBUG] Teleport has been loaded. (took 0ms)
[24-09-06 09:10:36] [INFO] [DEBUG] Starting load of ExtensionManager at 1725606636340
[24-09-06 09:10:36] [INFO] [DEBUG] ExtensionManager has been loaded. (took 1ms)
[24-09-06 09:11:51] [INFO] [DEBUG] onEnable start -> 1725606711367

[24-09-06 09:11:51] [INFO] [DEBUG] Starting load of Config at 1725606711391
[24-09-06 09:11:51] [INFO] [DEBUG] Config has been loaded. (took 6ms)
[24-09-06 09:11:51] [INFO] [DEBUG] Starting load of Lang at 1725606711397
[24-09-06 09:11:51] [INFO] [DEBUG] Lang has been loaded. (took 10ms)
[24-09-06 09:11:51] [INFO] [DEBUG] Starting load of UserManagerImpl at 1725606711407
[24-09-06 09:11:51] [INFO] [DEBUG] UserManagerImpl has been loaded. (took 0ms)
[24-09-06 09:11:51] [INFO] [DEBUG] Starting load of GuiListener at 1725606711407
[24-09-06 09:11:51] [INFO] [DEBUG] GuiListener has been loaded. (took 0ms)
[24-09-06 09:11:51] [INFO] [DEBUG] Starting load of KitManagerImpl at 1725606711407
[24-09-06 09:11:51] [INFO] KitManagerImpl: Loaded 10 kit(s).
[24-09-06 09:11:51] [INFO] [DEBUG] KitManagerImpl has been loaded. (took 82ms)
[24-09-06 09:11:51] [INFO] [DEBUG] Starting load of ArenaManagerImpl at 1725606711489
[24-09-06 09:11:51] [INFO] ArenaManagerImpl: Loaded 8 arena(s).
[24-09-06 09:11:51] [INFO] [DEBUG] ArenaManagerImpl has been loaded. (took 16ms)
[24-09-06 09:11:51] [INFO] [DEBUG] Starting load of SettingsManager at 1725606711505
[24-09-06 09:11:51] [INFO] [DEBUG] SettingsManager has been loaded. (took 0ms)
[24-09-06 09:11:51] [INFO] [DEBUG] Starting load of PlayerInfoManager at 1725606711505
[24-09-06 09:11:51] [INFO] [DEBUG] PlayerInfoManager has been loaded. (took 1ms)
[24-09-06 09:11:51] [INFO] [DEBUG] Starting load of SpectateManagerImpl at 1725606711506
[24-09-06 09:11:51] [INFO] [DEBUG] SpectateManagerImpl has been loaded. (took 0ms)
[24-09-06 09:11:51] [INFO] [DEBUG] Starting load of BettingManager at 1725606711506
[24-09-06 09:11:51] [INFO] BettingManager: Vault was not found! Money betting feature will be automatically disabled.
[24-09-06 09:11:51] [INFO] [DEBUG] BettingManager has been loaded. (took 0ms)
[24-09-06 09:11:51] [INFO] [DEBUG] Starting load of InventoryManager at 1725606711506
[24-09-06 09:11:51] [INFO] [DEBUG] InventoryManager has been loaded. (took 0ms)
[24-09-06 09:11:51] [INFO] [DEBUG] Starting load of DuelManager at 1725606711506
[24-09-06 09:11:51] [INFO] [DEBUG] DuelManager has been loaded. (took 0ms)
[24-09-06 09:11:51] [INFO] [DEBUG] Starting load of QueueManager at 1725606711506
[24-09-06 09:11:51] [INFO] QueueManager: Loaded 9 queue(s).
[24-09-06 09:11:51] [INFO] [DEBUG] QueueManager has been loaded. (took 3ms)
[24-09-06 09:11:51] [INFO] [DEBUG] Starting load of QueueSignManagerImpl at 1725606711509
[24-09-06 09:11:51] [INFO] QueueSignManagerImpl: Loaded 7 queue sign(s).
[24-09-06 09:11:51] [INFO] [DEBUG] QueueSignManagerImpl has been loaded. (took 11ms)
[24-09-06 09:11:51] [INFO] [DEBUG] Starting load of RequestManager at 1725606711520
[24-09-06 09:11:51] [INFO] [DEBUG] RequestManager has been loaded. (took 0ms)
[24-09-06 09:11:51] [INFO] [DEBUG] Starting load of Teleport at 1725606711520
[24-09-06 09:11:51] [INFO] [DEBUG] Teleport has been loaded. (took 0ms)
[24-09-06 09:11:51] [INFO] [DEBUG] Starting load of ExtensionManager at 1725606711520
[24-09-06 09:11:51] [INFO] [DEBUG] ExtensionManager has been loaded. (took 0ms)
