[24-09-07 12:03:30] [INFO] [DEBUG] onEnable start -> 1725703410218

[24-09-07 12:03:30] [INFO] [DEBUG] Starting load of Config at 1725703410269
[24-09-07 12:03:30] [INFO] [DEBUG] Config has been loaded. (took 10ms)
[24-09-07 12:03:30] [INFO] [DEBUG] Starting load of Lang at 1725703410280
[24-09-07 12:03:30] [INFO] [DEBUG] Lang has been loaded. (took 14ms)
[24-09-07 12:03:30] [INFO] [DEBUG] Starting load of UserManagerImpl at 1725703410294
[24-09-07 12:03:30] [INFO] [DEBUG] UserManagerImpl has been loaded. (took 1ms)
[24-09-07 12:03:30] [INFO] [DEBUG] Starting load of GuiListener at 1725703410295
[24-09-07 12:03:30] [INFO] [DEBUG] GuiListener has been loaded. (took 0ms)
[24-09-07 12:03:30] [INFO] [DEBUG] Starting load of KitManagerImpl at 1725703410295
[24-09-07 12:03:30] [INFO] KitManagerImpl: Loaded 10 kit(s).
[24-09-07 12:03:30] [INFO] [DEBUG] KitManagerImpl has been loaded. (took 169ms)
[24-09-07 12:03:30] [INFO] [DEBUG] Starting load of ArenaManagerImpl at 1725703410464
[24-09-07 12:03:30] [INFO] ArenaManagerImpl: Loaded 8 arena(s).
[24-09-07 12:03:30] [INFO] [DEBUG] ArenaManagerImpl has been loaded. (took 19ms)
[24-09-07 12:03:30] [INFO] [DEBUG] Starting load of SettingsManager at 1725703410483
[24-09-07 12:03:30] [INFO] [DEBUG] SettingsManager has been loaded. (took 0ms)
[24-09-07 12:03:30] [INFO] [DEBUG] Starting load of PlayerInfoManager at 1725703410483
[24-09-07 12:03:30] [INFO] [DEBUG] PlayerInfoManager has been loaded. (took 2ms)
[24-09-07 12:03:30] [INFO] [DEBUG] Starting load of SpectateManagerImpl at 1725703410485
[24-09-07 12:03:30] [INFO] [DEBUG] SpectateManagerImpl has been loaded. (took 0ms)
[24-09-07 12:03:30] [INFO] [DEBUG] Starting load of BettingManager at 1725703410485
[24-09-07 12:03:30] [INFO] BettingManager: Vault was not found! Money betting feature will be automatically disabled.
[24-09-07 12:03:30] [INFO] [DEBUG] BettingManager has been loaded. (took 0ms)
[24-09-07 12:03:30] [INFO] [DEBUG] Starting load of InventoryManager at 1725703410485
[24-09-07 12:03:30] [INFO] [DEBUG] InventoryManager has been loaded. (took 1ms)
[24-09-07 12:03:30] [INFO] [DEBUG] Starting load of DuelManager at 1725703410486
[24-09-07 12:03:30] [INFO] [DEBUG] DuelManager has been loaded. (took 0ms)
[24-09-07 12:03:30] [INFO] [DEBUG] Starting load of QueueManager at 1725703410486
[24-09-07 12:03:30] [INFO] QueueManager: Loaded 9 queue(s).
[24-09-07 12:03:30] [INFO] [DEBUG] QueueManager has been loaded. (took 4ms)
[24-09-07 12:03:30] [INFO] [DEBUG] Starting load of QueueSignManagerImpl at 1725703410490
[24-09-07 12:03:30] [INFO] QueueSignManagerImpl: Loaded 7 queue sign(s).
[24-09-07 12:03:30] [INFO] [DEBUG] QueueSignManagerImpl has been loaded. (took 23ms)
[24-09-07 12:03:30] [INFO] [DEBUG] Starting load of RequestManager at 1725703410513
[24-09-07 12:03:30] [INFO] [DEBUG] RequestManager has been loaded. (took 0ms)
[24-09-07 12:03:30] [INFO] [DEBUG] Starting load of Teleport at 1725703410513
[24-09-07 12:03:30] [INFO] [DEBUG] Teleport has been loaded. (took 0ms)
[24-09-07 12:03:30] [INFO] [DEBUG] Starting load of ExtensionManager at 1725703410513
[24-09-07 12:03:30] [INFO] [DEBUG] ExtensionManager has been loaded. (took 1ms)
[24-09-07 12:06:11] [INFO] [DEBUG] onDisable start -> 1725703571235

[24-09-07 12:06:11] [INFO] [DEBUG] Starting unload of ExtensionManager at 1725703571237
[24-09-07 12:06:11] [INFO] [DEBUG] ExtensionManager has been unloaded. (took 0ms)
[24-09-07 12:06:11] [INFO] [DEBUG] Starting unload of Teleport at 1725703571237
[24-09-07 12:06:11] [INFO] [DEBUG] Teleport has been unloaded. (took 0ms)
[24-09-07 12:06:11] [INFO] [DEBUG] Starting unload of RequestManager at 1725703571237
[24-09-07 12:06:11] [INFO] [DEBUG] RequestManager has been unloaded. (took 0ms)
[24-09-07 12:06:11] [INFO] [DEBUG] Starting unload of QueueSignManagerImpl at 1725703571237
[24-09-07 12:06:11] [INFO] [DEBUG] QueueSignManagerImpl has been unloaded. (took 0ms)
[24-09-07 12:06:11] [INFO] [DEBUG] Starting unload of QueueManager at 1725703571237
[24-09-07 12:06:11] [INFO] [DEBUG] QueueManager has been unloaded. (took 1ms)
[24-09-07 12:06:11] [INFO] [DEBUG] Starting unload of DuelManager at 1725703571238
[24-09-07 12:06:11] [INFO] [DEBUG] DuelManager has been unloaded. (took 0ms)
[24-09-07 12:06:11] [INFO] [DEBUG] Starting unload of InventoryManager at 1725703571238
[24-09-07 12:06:11] [INFO] [DEBUG] InventoryManager has been unloaded. (took 0ms)
[24-09-07 12:06:11] [INFO] [DEBUG] Starting unload of BettingManager at 1725703571238
[24-09-07 12:06:11] [INFO] [DEBUG] BettingManager has been unloaded. (took 0ms)
[24-09-07 12:06:11] [INFO] [DEBUG] Starting unload of SpectateManagerImpl at 1725703571238
[24-09-07 12:06:11] [INFO] [DEBUG] SpectateManagerImpl has been unloaded. (took 0ms)
[24-09-07 12:06:11] [INFO] [DEBUG] Starting unload of PlayerInfoManager at 1725703571238
[24-09-07 12:06:11] [INFO] [DEBUG] PlayerInfoManager has been unloaded. (took 0ms)
[24-09-07 12:06:11] [INFO] [DEBUG] Starting unload of SettingsManager at 1725703571238
[24-09-07 12:06:11] [INFO] [DEBUG] SettingsManager has been unloaded. (took 0ms)
[24-09-07 12:06:11] [INFO] [DEBUG] Starting unload of ArenaManagerImpl at 1725703571238
[24-09-07 12:06:11] [INFO] [DEBUG] ArenaManagerImpl has been unloaded. (took 0ms)
[24-09-07 12:06:11] [INFO] [DEBUG] Starting unload of KitManagerImpl at 1725703571238
[24-09-07 12:06:11] [INFO] [DEBUG] KitManagerImpl has been unloaded. (took 0ms)
[24-09-07 12:06:11] [INFO] [DEBUG] Starting unload of GuiListener at 1725703571238
[24-09-07 12:06:11] [INFO] [DEBUG] GuiListener has been unloaded. (took 0ms)
[24-09-07 12:06:11] [INFO] [DEBUG] Starting unload of UserManagerImpl at 1725703571238
[24-09-07 12:06:11] [INFO] [DEBUG] UserManagerImpl has been unloaded. (took 1ms)
[24-09-07 12:06:11] [INFO] [DEBUG] Starting unload of Lang at 1725703571239
[24-09-07 12:06:11] [INFO] [DEBUG] Lang has been unloaded. (took 0ms)
[24-09-07 12:06:11] [INFO] [DEBUG] Starting unload of Config at 1725703571239
[24-09-07 12:06:11] [INFO] [DEBUG] Config has been unloaded. (took 0ms)
[24-09-07 12:06:11] [INFO] [DEBUG] unload done (took 4ms)
[24-09-07 12:06:11] [INFO] [DEBUG] Log#clearSources done (took 0ms)
